<?xml version="1.0" encoding="UTF-8"?>
<coverage generated="1616021136244" clover="3.2.0">
  <project timestamp="1616021136244" name="All files">
    <metrics statements="515" coveredstatements="511" conditionals="141" coveredconditionals="137" methods="48" coveredmethods="48" elements="704" coveredelements="696" complexity="0" loc="515" ncloc="515" packages="3" files="7" classes="7"/>
    <package name="source">
      <metrics statements="76" coveredstatements="76" conditionals="23" coveredconditionals="23" methods="10" coveredmethods="10"/>
      <file name="app.js" path="C:\Users\kevin\Desktop\CS\CSE110\testing\source\app.js">
        <metrics statements="76" coveredstatements="76" conditionals="23" coveredconditionals="23" methods="10" coveredmethods="10"/>
        <line num="10" count="172" type="stmt"/>
        <line num="11" count="172" type="stmt"/>
        <line num="12" count="172" type="stmt"/>
        <line num="13" count="172" type="stmt"/>
        <line num="14" count="172" type="stmt"/>
        <line num="15" count="172" type="stmt"/>
        <line num="18" count="172" type="stmt"/>
        <line num="19" count="172" type="stmt"/>
        <line num="23" count="172" type="stmt"/>
        <line num="24" count="172" type="stmt"/>
        <line num="25" count="172" type="stmt"/>
        <line num="26" count="172" type="stmt"/>
        <line num="28" count="172" type="stmt"/>
        <line num="29" count="172" type="stmt"/>
        <line num="30" count="1376" type="stmt"/>
        <line num="35" count="172" type="stmt"/>
        <line num="37" count="216" type="cond" truecount="2" falsecount="0"/>
        <line num="38" count="121" type="stmt"/>
        <line num="39" count="121" type="cond" truecount="4" falsecount="0"/>
        <line num="40" count="91" type="stmt"/>
        <line num="41" count="91" type="stmt"/>
        <line num="42" count="30" type="cond" truecount="5" falsecount="0"/>
        <line num="43" count="12" type="stmt"/>
        <line num="44" count="12" type="stmt"/>
        <line num="47" count="95" type="cond" truecount="2" falsecount="0"/>
        <line num="48" count="91" type="stmt"/>
        <line num="49" count="91" type="stmt"/>
        <line num="51" count="4" type="stmt"/>
        <line num="52" count="4" type="stmt"/>
        <line num="53" count="4" type="stmt"/>
        <line num="59" count="172" type="stmt"/>
        <line num="60" count="103" type="stmt"/>
        <line num="61" count="103" type="stmt"/>
        <line num="65" count="172" type="stmt"/>
        <line num="66" count="44" type="stmt"/>
        <line num="67" count="44" type="stmt"/>
        <line num="68" count="44" type="stmt"/>
        <line num="72" count="172" type="stmt"/>
        <line num="73" count="113" type="cond" truecount="2" falsecount="0"/>
        <line num="74" count="22" type="cond" truecount="4" falsecount="0"/>
        <line num="76" count="22" type="cond" truecount="2" falsecount="0"/>
        <line num="77" count="4" type="stmt"/>
        <line num="80" count="18" type="stmt"/>
        <line num="83" count="91" type="stmt"/>
        <line num="90" count="172" type="stmt"/>
        <line num="91" count="113" type="stmt"/>
        <line num="92" count="316" type="stmt"/>
        <line num="93" count="316" type="cond" truecount="2" falsecount="0"/>
        <line num="94" count="72" type="stmt"/>
        <line num="97" count="113" type="stmt"/>
        <line num="98" count="113" type="stmt"/>
        <line num="105" count="172" type="stmt"/>
        <line num="106" count="4" type="stmt"/>
        <line num="107" count="4" type="stmt"/>
        <line num="108" count="4" type="stmt"/>
        <line num="109" count="4" type="stmt"/>
        <line num="110" count="4" type="stmt"/>
        <line num="112" count="4" type="stmt"/>
        <line num="113" count="4" type="stmt"/>
        <line num="114" count="4" type="stmt"/>
        <line num="115" count="4" type="stmt"/>
        <line num="116" count="4" type="stmt"/>
        <line num="117" count="4" type="stmt"/>
        <line num="125" count="172" type="stmt"/>
        <line num="126" count="18" type="stmt"/>
        <line num="127" count="18" type="stmt"/>
        <line num="128" count="18" type="stmt"/>
        <line num="129" count="18" type="stmt"/>
        <line num="130" count="18" type="stmt"/>
        <line num="131" count="18" type="stmt"/>
        <line num="133" count="18" type="stmt"/>
        <line num="134" count="18" type="stmt"/>
        <line num="135" count="18" type="stmt"/>
        <line num="136" count="18" type="stmt"/>
        <line num="137" count="18" type="stmt"/>
        <line num="138" count="18" type="stmt"/>
      </file>
    </package>
    <package name="source.components">
      <metrics statements="19" coveredstatements="19" conditionals="10" coveredconditionals="10" methods="1" coveredmethods="1"/>
      <file name="setting-content.js" path="C:\Users\kevin\Desktop\CS\CSE110\testing\source\components\setting-content.js">
        <metrics statements="19" coveredstatements="19" conditionals="10" coveredconditionals="10" methods="1" coveredmethods="1"/>
        <line num="10" count="172" type="stmt"/>
        <line num="11" count="172" type="stmt"/>
        <line num="14" count="172" type="cond" truecount="2" falsecount="0"/>
        <line num="15" count="172" type="cond" truecount="2" falsecount="0"/>
        <line num="16" count="172" type="cond" truecount="2" falsecount="0"/>
        <line num="17" count="172" type="cond" truecount="2" falsecount="0"/>
        <line num="18" count="172" type="cond" truecount="2" falsecount="0"/>
        <line num="21" count="172" type="stmt"/>
        <line num="22" count="172" type="stmt"/>
        <line num="23" count="172" type="stmt"/>
        <line num="24" count="172" type="stmt"/>
        <line num="25" count="172" type="stmt"/>
        <line num="26" count="172" type="stmt"/>
        <line num="27" count="172" type="stmt"/>
        <line num="30" count="172" type="stmt"/>
        <line num="71" count="172" type="stmt"/>
        <line num="74" count="172" type="stmt"/>
        <line num="117" count="172" type="stmt"/>
        <line num="121" count="172" type="stmt"/>
      </file>
    </package>
    <package name="source.scripts">
      <metrics statements="420" coveredstatements="416" conditionals="108" coveredconditionals="104" methods="37" coveredmethods="37"/>
      <file name="clock.js" path="C:\Users\kevin\Desktop\CS\CSE110\testing\source\scripts\clock.js">
        <metrics statements="98" coveredstatements="98" conditionals="38" coveredconditionals="38" methods="8" coveredmethods="8"/>
        <line num="10" count="172" type="stmt"/>
        <line num="13" count="172" type="stmt"/>
        <line num="14" count="172" type="stmt"/>
        <line num="17" count="172" type="stmt"/>
        <line num="25" count="180" type="stmt"/>
        <line num="26" count="180" type="stmt"/>
        <line num="27" count="180" type="stmt"/>
        <line num="28" count="180" type="stmt"/>
        <line num="29" count="180" type="stmt"/>
        <line num="30" count="180" type="stmt"/>
        <line num="31" count="180" type="stmt"/>
        <line num="33" count="180" type="stmt"/>
        <line num="34" count="180" type="stmt"/>
        <line num="35" count="180" type="stmt"/>
        <line num="36" count="180" type="stmt"/>
        <line num="37" count="180" type="stmt"/>
        <line num="38" count="180" type="stmt"/>
        <line num="39" count="180" type="stmt"/>
        <line num="48" count="381" type="stmt"/>
        <line num="49" count="381" type="stmt"/>
        <line num="50" count="381" type="stmt"/>
        <line num="51" count="381" type="stmt"/>
        <line num="52" count="381" type="stmt"/>
        <line num="53" count="381" type="stmt"/>
        <line num="54" count="381" type="stmt"/>
        <line num="56" count="381" type="cond" truecount="2" falsecount="0"/>
        <line num="57" count="329" type="stmt"/>
        <line num="59" count="52" type="stmt"/>
        <line num="62" count="381" type="stmt"/>
        <line num="63" count="381" type="stmt"/>
        <line num="64" count="381" type="stmt"/>
        <line num="65" count="381" type="stmt"/>
        <line num="66" count="381" type="stmt"/>
        <line num="67" count="381" type="stmt"/>
        <line num="78" count="403" type="stmt"/>
        <line num="79" count="403" type="stmt"/>
        <line num="81" count="403" type="cond" truecount="4" falsecount="0"/>
        <line num="82" count="403" type="stmt"/>
        <line num="84" count="403" type="cond" truecount="2" falsecount="0"/>
        <line num="85" count="227" type="stmt"/>
        <line num="86" count="227" type="stmt"/>
        <line num="87" count="227" type="stmt"/>
        <line num="88" count="227" type="stmt"/>
        <line num="89" count="227" type="stmt"/>
        <line num="90" count="227" type="stmt"/>
        <line num="93" count="403" type="stmt"/>
        <line num="94" count="403" type="stmt"/>
        <line num="95" count="403" type="stmt"/>
        <line num="97" count="299351" type="stmt"/>
        <line num="99" count="299351" type="cond" truecount="2" falsecount="0"/>
        <line num="100" count="294" type="stmt"/>
        <line num="101" count="294" type="stmt"/>
        <line num="116" count="316" type="cond" truecount="4" falsecount="0"/>
        <line num="117" count="316" type="stmt"/>
        <line num="118" count="316" type="stmt"/>
        <line num="121" count="316" type="cond" truecount="2" falsecount="0"/>
        <line num="122" count="180" type="stmt"/>
        <line num="123" count="180" type="stmt"/>
        <line num="124" count="180" type="stmt"/>
        <line num="128" count="136" type="stmt"/>
        <line num="132" count="316" type="stmt"/>
        <line num="134" count="316" type="stmt"/>
        <line num="135" count="316" type="cond" truecount="2" falsecount="0"/>
        <line num="136" count="22" type="cond" truecount="2" falsecount="0"/>
        <line num="137" count="4" type="stmt"/>
        <line num="140" count="18" type="cond" truecount="2" falsecount="0"/>
        <line num="141" count="18" type="stmt"/>
        <line num="144" count="294" type="cond" truecount="2" falsecount="0"/>
        <line num="148" count="294" type="cond" truecount="2" falsecount="0"/>
        <line num="151" count="176" type="stmt"/>
        <line num="152" count="176" type="stmt"/>
        <line num="153" count="176" type="stmt"/>
        <line num="154" count="176" type="stmt"/>
        <line num="159" count="316" type="stmt"/>
        <line num="160" count="316" type="stmt"/>
        <line num="161" count="316" type="stmt"/>
        <line num="162" count="316" type="cond" truecount="2" falsecount="0"/>
        <line num="163" count="18" type="stmt"/>
        <line num="171" count="299879" type="stmt"/>
        <line num="172" count="299879" type="stmt"/>
        <line num="174" count="299879" type="cond" truecount="2" falsecount="0"/>
        <line num="175" count="299879" type="cond" truecount="2" falsecount="0"/>
        <line num="177" count="299879" type="stmt"/>
        <line num="190" count="218" type="stmt"/>
        <line num="191" count="218" type="stmt"/>
        <line num="192" count="872" type="stmt"/>
        <line num="193" count="872" type="cond" truecount="2" falsecount="0"/>
        <line num="194" count="654" type="stmt"/>
        <line num="196" count="218" type="stmt"/>
        <line num="200" count="218" type="cond" truecount="2" falsecount="0"/>
        <line num="201" count="212" type="stmt"/>
        <line num="204" count="218" type="stmt"/>
        <line num="213" count="113" type="cond" truecount="2" falsecount="0"/>
        <line num="214" count="91" type="stmt"/>
        <line num="215" count="91" type="stmt"/>
        <line num="217" count="22" type="stmt"/>
        <line num="218" count="22" type="stmt"/>
        <line num="219" count="22" type="stmt"/>
      </file>
      <file name="handle-icons.js" path="C:\Users\kevin\Desktop\CS\CSE110\testing\source\scripts\handle-icons.js">
        <metrics statements="34" coveredstatements="34" conditionals="2" coveredconditionals="2" methods="3" coveredmethods="3"/>
        <line num="6" count="172" type="stmt"/>
        <line num="7" count="172" type="stmt"/>
        <line num="8" count="172" type="stmt"/>
        <line num="9" count="172" type="stmt"/>
        <line num="10" count="172" type="stmt"/>
        <line num="15" count="172" type="stmt"/>
        <line num="16" count="70" type="stmt"/>
        <line num="17" count="70" type="stmt"/>
        <line num="18" count="70" type="stmt"/>
        <line num="19" count="70" type="stmt"/>
        <line num="20" count="70" type="stmt"/>
        <line num="22" count="70" type="cond" truecount="2" falsecount="0"/>
        <line num="23" count="68" type="stmt"/>
        <line num="24" count="68" type="stmt"/>
        <line num="25" count="68" type="stmt"/>
        <line num="26" count="68" type="stmt"/>
        <line num="27" count="68" type="stmt"/>
        <line num="29" count="2" type="stmt"/>
        <line num="30" count="2" type="stmt"/>
        <line num="31" count="2" type="stmt"/>
        <line num="32" count="2" type="stmt"/>
        <line num="33" count="2" type="stmt"/>
        <line num="41" count="4" type="stmt"/>
        <line num="42" count="4" type="stmt"/>
        <line num="43" count="4" type="stmt"/>
        <line num="44" count="4" type="stmt"/>
        <line num="45" count="4" type="stmt"/>
        <line num="46" count="4" type="stmt"/>
        <line num="53" count="2" type="stmt"/>
        <line num="54" count="2" type="stmt"/>
        <line num="55" count="2" type="stmt"/>
        <line num="56" count="2" type="stmt"/>
        <line num="57" count="2" type="stmt"/>
        <line num="58" count="2" type="stmt"/>
      </file>
      <file name="setting-script.js" path="C:\Users\kevin\Desktop\CS\CSE110\testing\source\scripts\setting-script.js">
        <metrics statements="68" coveredstatements="68" conditionals="18" coveredconditionals="18" methods="8" coveredmethods="8"/>
        <line num="5" count="172" type="stmt"/>
        <line num="6" count="172" type="stmt"/>
        <line num="7" count="172" type="stmt"/>
        <line num="8" count="172" type="stmt"/>
        <line num="9" count="172" type="stmt"/>
        <line num="10" count="172" type="stmt"/>
        <line num="11" count="172" type="stmt"/>
        <line num="12" count="172" type="stmt"/>
        <line num="13" count="172" type="stmt"/>
        <line num="14" count="172" type="stmt"/>
        <line num="15" count="172" type="stmt"/>
        <line num="16" count="172" type="stmt"/>
        <line num="17" count="172" type="stmt"/>
        <line num="20" count="172" type="stmt"/>
        <line num="21" count="2" type="stmt"/>
        <line num="22" count="2" type="stmt"/>
        <line num="23" count="2" type="stmt"/>
        <line num="27" count="172" type="stmt"/>
        <line num="28" count="2" type="stmt"/>
        <line num="29" count="2" type="stmt"/>
        <line num="33" count="172" type="stmt"/>
        <line num="34" count="44" type="cond" truecount="2" falsecount="0"/>
        <line num="35" count="16" type="stmt"/>
        <line num="36" count="16" type="stmt"/>
        <line num="37" count="28" type="cond" truecount="2" falsecount="0"/>
        <line num="38" count="6" type="stmt"/>
        <line num="39" count="6" type="stmt"/>
        <line num="41" count="22" type="stmt"/>
        <line num="42" count="22" type="stmt"/>
        <line num="43" count="22" type="stmt"/>
        <line num="44" count="22" type="stmt"/>
        <line num="54" count="172" type="stmt"/>
        <line num="55" count="4" type="cond" truecount="2" falsecount="0"/>
        <line num="56" count="2" type="stmt"/>
        <line num="57" count="2" type="stmt"/>
        <line num="58" count="2" type="stmt"/>
        <line num="63" count="172" type="stmt"/>
        <line num="64" count="32" type="cond" truecount="2" falsecount="0"/>
        <line num="65" count="8" type="stmt"/>
        <line num="66" count="8" type="stmt"/>
        <line num="67" count="24" type="cond" truecount="2" falsecount="0"/>
        <line num="68" count="10" type="stmt"/>
        <line num="69" count="10" type="stmt"/>
        <line num="71" count="14" type="stmt"/>
        <line num="72" count="14" type="stmt"/>
        <line num="73" count="14" type="stmt"/>
        <line num="74" count="14" type="stmt"/>
        <line num="84" count="172" type="stmt"/>
        <line num="85" count="4" type="cond" truecount="2" falsecount="0"/>
        <line num="86" count="2" type="stmt"/>
        <line num="87" count="2" type="stmt"/>
        <line num="88" count="2" type="stmt"/>
        <line num="93" count="172" type="stmt"/>
        <line num="94" count="28" type="cond" truecount="2" falsecount="0"/>
        <line num="95" count="8" type="stmt"/>
        <line num="96" count="8" type="stmt"/>
        <line num="97" count="20" type="cond" truecount="2" falsecount="0"/>
        <line num="98" count="10" type="stmt"/>
        <line num="99" count="10" type="stmt"/>
        <line num="101" count="10" type="stmt"/>
        <line num="102" count="10" type="stmt"/>
        <line num="103" count="10" type="stmt"/>
        <line num="104" count="10" type="stmt"/>
        <line num="114" count="172" type="stmt"/>
        <line num="115" count="4" type="cond" truecount="2" falsecount="0"/>
        <line num="116" count="2" type="stmt"/>
        <line num="117" count="2" type="stmt"/>
        <line num="118" count="2" type="stmt"/>
      </file>
      <file name="task-list-local-storage.js" path="C:\Users\kevin\Desktop\CS\CSE110\testing\source\scripts\task-list-local-storage.js">
        <metrics statements="55" coveredstatements="51" conditionals="12" coveredconditionals="8" methods="5" coveredmethods="5"/>
        <line num="7" count="172" type="stmt"/>
        <line num="8" count="172" type="stmt"/>
        <line num="15" count="172" type="stmt"/>
        <line num="16" count="120" type="stmt"/>
        <line num="18" count="120" type="stmt"/>
        <line num="24" count="120" type="stmt"/>
        <line num="25" count="120" type="stmt"/>
        <line num="26" count="120" type="stmt"/>
        <line num="34" count="172" type="stmt"/>
        <line num="35" count="14" type="stmt"/>
        <line num="36" count="14" type="stmt"/>
        <line num="39" count="14" type="stmt"/>
        <line num="40" count="16" type="stmt"/>
        <line num="41" count="16" type="cond" truecount="2" falsecount="0"/>
        <line num="42" count="14" type="stmt"/>
        <line num="43" count="14" type="stmt"/>
        <line num="44" count="14" type="stmt"/>
        <line num="48" count="14" type="cond" truecount="1" falsecount="1"/>
        <line num="49" count="0" type="stmt"/>
        <line num="52" count="14" type="stmt"/>
        <line num="53" count="12" type="stmt"/>
        <line num="54" count="12" type="stmt"/>
        <line num="58" count="14" type="cond" truecount="2" falsecount="0"/>
        <line num="59" count="6" type="stmt"/>
        <line num="60" count="6" type="stmt"/>
        <line num="61" count="6" type="stmt"/>
        <line num="62" count="8" type="cond" truecount="1" falsecount="1"/>
        <line num="63" count="0" type="stmt"/>
        <line num="66" count="14" type="stmt"/>
        <line num="67" count="14" type="stmt"/>
        <line num="76" count="172" type="stmt"/>
        <line num="77" count="15" type="stmt"/>
        <line num="80" count="15" type="stmt"/>
        <line num="81" count="15" type="stmt"/>
        <line num="82" count="15" type="cond" truecount="1" falsecount="1"/>
        <line num="83" count="15" type="stmt"/>
        <line num="84" count="15" type="stmt"/>
        <line num="85" count="15" type="stmt"/>
        <line num="88" count="0" type="stmt"/>
        <line num="97" count="172" type="stmt"/>
        <line num="98" count="4" type="stmt"/>
        <line num="100" count="4" type="stmt"/>
        <line num="103" count="4" type="stmt"/>
        <line num="104" count="4" type="stmt"/>
        <line num="105" count="4" type="cond" truecount="1" falsecount="1"/>
        <line num="106" count="4" type="stmt"/>
        <line num="107" count="4" type="stmt"/>
        <line num="108" count="4" type="stmt"/>
        <line num="111" count="0" type="stmt"/>
        <line num="118" count="172" type="stmt"/>
        <line num="119" count="39" type="stmt"/>
        <line num="120" count="39" type="stmt"/>
        <line num="122" count="39" type="stmt"/>
        <line num="123" count="39" type="stmt"/>
        <line num="126" count="39" type="stmt"/>
      </file>
      <file name="task-list.js" path="C:\Users\kevin\Desktop\CS\CSE110\testing\source\scripts\task-list.js">
        <metrics statements="165" coveredstatements="165" conditionals="38" coveredconditionals="38" methods="13" coveredmethods="13"/>
        <line num="13" count="172" type="stmt"/>
        <line num="20" count="172" type="stmt"/>
        <line num="27" count="172" type="stmt"/>
        <line num="34" count="172" type="stmt"/>
        <line num="41" count="172" type="stmt"/>
        <line num="48" count="172" type="stmt"/>
        <line num="50" count="172" type="stmt"/>
        <line num="51" count="172" type="stmt"/>
        <line num="54" count="172" type="stmt"/>
        <line num="55" count="172" type="stmt"/>
        <line num="57" count="172" type="cond" truecount="2" falsecount="0"/>
        <line num="58" count="169" type="stmt"/>
        <line num="62" count="169" type="stmt"/>
        <line num="63" count="169" type="stmt"/>
        <line num="67" count="172" type="stmt"/>
        <line num="68" count="172" type="stmt"/>
        <line num="69" count="3" type="stmt"/>
        <line num="70" count="3" type="stmt"/>
        <line num="81" count="172" type="stmt"/>
        <line num="84" count="123" type="stmt"/>
        <line num="85" count="123" type="stmt"/>
        <line num="88" count="123" type="stmt"/>
        <line num="89" count="123" type="stmt"/>
        <line num="90" count="123" type="stmt"/>
        <line num="93" count="123" type="stmt"/>
        <line num="94" count="123" type="stmt"/>
        <line num="95" count="123" type="stmt"/>
        <line num="96" count="123" type="stmt"/>
        <line num="97" count="123" type="stmt"/>
        <line num="98" count="123" type="stmt"/>
        <line num="99" count="123" type="cond" truecount="2" falsecount="0"/>
        <line num="100" count="2" type="stmt"/>
        <line num="101" count="2" type="stmt"/>
        <line num="103" count="121" type="stmt"/>
        <line num="104" count="121" type="stmt"/>
        <line num="108" count="123" type="stmt"/>
        <line num="109" count="123" type="cond" truecount="2" falsecount="0"/>
        <line num="110" count="1" type="stmt"/>
        <line num="113" count="123" type="stmt"/>
        <line num="114" count="123" type="stmt"/>
        <line num="117" count="123" type="stmt"/>
        <line num="118" count="123" type="stmt"/>
        <line num="119" count="123" type="stmt"/>
        <line num="120" count="123" type="stmt"/>
        <line num="121" count="123" type="stmt"/>
        <line num="122" count="123" type="stmt"/>
        <line num="123" count="123" type="stmt"/>
        <line num="126" count="123" type="stmt"/>
        <line num="127" count="123" type="stmt"/>
        <line num="130" count="123" type="stmt"/>
        <line num="131" count="123" type="stmt"/>
        <line num="132" count="123" type="stmt"/>
        <line num="135" count="123" type="stmt"/>
        <line num="136" count="123" type="stmt"/>
        <line num="137" count="123" type="stmt"/>
        <line num="139" count="123" type="stmt"/>
        <line num="140" count="123" type="stmt"/>
        <line num="142" count="123" type="stmt"/>
        <line num="143" count="123" type="stmt"/>
        <line num="145" count="123" type="stmt"/>
        <line num="146" count="123" type="stmt"/>
        <line num="147" count="123" type="stmt"/>
        <line num="149" count="123" type="stmt"/>
        <line num="159" count="172" type="stmt"/>
        <line num="161" count="125" type="cond" truecount="2" falsecount="0"/>
        <line num="162" count="2" type="stmt"/>
        <line num="164" count="123" type="stmt"/>
        <line num="166" count="123" type="stmt"/>
        <line num="168" count="123" type="stmt"/>
        <line num="170" count="123" type="stmt"/>
        <line num="180" count="172" type="stmt"/>
        <line num="182" count="12" type="stmt"/>
        <line num="183" count="12" type="stmt"/>
        <line num="186" count="12" type="stmt"/>
        <line num="189" count="12" type="stmt"/>
        <line num="192" count="12" type="stmt"/>
        <line num="193" count="12" type="stmt"/>
        <line num="194" count="8" type="stmt"/>
        <line num="201" count="172" type="stmt"/>
        <line num="202" count="35" type="stmt"/>
        <line num="203" count="35" type="stmt"/>
        <line num="205" count="35" type="stmt"/>
        <line num="208" count="35" type="stmt"/>
        <line num="211" count="35" type="cond" truecount="2" falsecount="0"/>
        <line num="212" count="6" type="stmt"/>
        <line num="213" count="6" type="stmt"/>
        <line num="214" count="6" type="stmt"/>
        <line num="215" count="6" type="stmt"/>
        <line num="217" count="29" type="stmt"/>
        <line num="218" count="29" type="stmt"/>
        <line num="219" count="29" type="stmt"/>
        <line num="220" count="29" type="stmt"/>
        <line num="224" count="35" type="stmt"/>
        <line num="225" count="47" type="stmt"/>
        <line num="226" count="47" type="stmt"/>
        <line num="227" count="47" type="cond" truecount="2" falsecount="0"/>
        <line num="228" count="18" type="cond" truecount="2" falsecount="0"/>
        <line num="229" count="2" type="stmt"/>
        <line num="231" count="16" type="stmt"/>
        <line num="241" count="172" type="stmt"/>
        <line num="244" count="123" type="stmt"/>
        <line num="245" count="123" type="stmt"/>
        <line num="246" count="123" type="stmt"/>
        <line num="247" count="123" type="stmt"/>
        <line num="248" count="123" type="stmt"/>
        <line num="252" count="123" type="stmt"/>
        <line num="254" count="133" type="stmt"/>
        <line num="258" count="123" type="stmt"/>
        <line num="259" count="91" type="cond" truecount="2" falsecount="0"/>
        <line num="260" count="83" type="stmt"/>
        <line num="263" count="123" type="stmt"/>
        <line num="266" count="12" type="cond" truecount="2" falsecount="0"/>
        <line num="267" count="2" type="stmt"/>
        <line num="269" count="10" type="stmt"/>
        <line num="273" count="12" type="cond" truecount="2" falsecount="0"/>
        <line num="274" count="10" type="stmt"/>
        <line num="276" count="2" type="stmt"/>
        <line num="279" count="12" type="stmt"/>
        <line num="282" count="123" type="stmt"/>
        <line num="283" count="185" type="stmt"/>
        <line num="284" count="185" type="stmt"/>
        <line num="285" count="233" type="stmt"/>
        <line num="286" count="233" type="stmt"/>
        <line num="287" count="233" type="stmt"/>
        <line num="288" count="233" type="cond" truecount="4" falsecount="0"/>
        <line num="289" count="6" type="stmt"/>
        <line num="290" count="6" type="stmt"/>
        <line num="291" count="6" type="stmt"/>
        <line num="296" count="123" type="stmt"/>
        <line num="297" count="123" type="stmt"/>
        <line num="299" count="123" type="stmt"/>
        <line num="300" count="123" type="stmt"/>
        <line num="302" count="123" type="stmt"/>
        <line num="303" count="6" type="cond" truecount="2" falsecount="0"/>
        <line num="304" count="2" type="stmt"/>
        <line num="305" count="2" type="stmt"/>
        <line num="308" count="2" type="stmt"/>
        <line num="310" count="2" type="stmt"/>
        <line num="312" count="2" type="stmt"/>
        <line num="313" count="2" type="stmt"/>
        <line num="314" count="4" type="stmt"/>
        <line num="317" count="4" type="stmt"/>
        <line num="318" count="4" type="stmt"/>
        <line num="319" count="4" type="cond" truecount="2" falsecount="0"/>
        <line num="320" count="2" type="stmt"/>
        <line num="326" count="123" type="stmt"/>
        <line num="327" count="15" type="cond" truecount="2" falsecount="0"/>
        <line num="328" count="13" type="stmt"/>
        <line num="329" count="13" type="stmt"/>
        <line num="330" count="13" type="stmt"/>
        <line num="333" count="13" type="stmt"/>
        <line num="334" count="13" type="cond" truecount="2" falsecount="0"/>
        <line num="335" count="2" type="stmt"/>
        <line num="336" count="2" type="stmt"/>
        <line num="337" count="2" type="stmt"/>
        <line num="338" count="2" type="stmt"/>
        <line num="341" count="2" type="stmt"/>
        <line num="342" count="2" type="stmt"/>
        <line num="343" count="2" type="stmt"/>
        <line num="349" count="172" type="stmt"/>
        <line num="350" count="1162" type="cond" truecount="2" falsecount="0"/>
        <line num="351" count="128" type="stmt"/>
        <line num="352" count="128" type="cond" truecount="4" falsecount="0"/>
        <line num="353" count="120" type="stmt"/>
        <line num="354" count="128" type="stmt"/>
      </file>
    </package>
  </project>
</coverage>
