{"total": {"lines":{"total":515,"covered":511,"skipped":0,"pct":99.22},"statements":{"total":525,"covered":521,"skipped":0,"pct":99.24},"functions":{"total":48,"covered":48,"skipped":0,"pct":100},"branches":{"total":141,"covered":137,"skipped":0,"pct":97.16}}
,"C:\\Users\\kevin\\Desktop\\CS\\CSE110\\testing\\source\\app.js": {"lines":{"total":76,"covered":76,"skipped":0,"pct":100},"functions":{"total":10,"covered":10,"skipped":0,"pct":100},"statements":{"total":76,"covered":76,"skipped":0,"pct":100},"branches":{"total":23,"covered":23,"skipped":0,"pct":100}}
,"C:\\Users\\kevin\\Desktop\\CS\\CSE110\\testing\\source\\components\\setting-content.js": {"lines":{"total":19,"covered":19,"skipped":0,"pct":100},"functions":{"total":1,"covered":1,"skipped":0,"pct":100},"statements":{"total":19,"covered":19,"skipped":0,"pct":100},"branches":{"total":10,"covered":10,"skipped":0,"pct":100}}
,"C:\\Users\\kevin\\Desktop\\CS\\CSE110\\testing\\source\\scripts\\clock.js": {"lines":{"total":98,"covered":98,"skipped":0,"pct":100},"functions":{"total":8,"covered":8,"skipped":0,"pct":100},"statements":{"total":99,"covered":99,"skipped":0,"pct":100},"branches":{"total":38,"covered":38,"skipped":0,"pct":100}}
,"C:\\Users\\kevin\\Desktop\\CS\\CSE110\\testing\\source\\scripts\\handle-icons.js": {"lines":{"total":34,"covered":34,"skipped":0,"pct":100},"functions":{"total":3,"covered":3,"skipped":0,"pct":100},"statements":{"total":34,"covered":34,"skipped":0,"pct":100},"branches":{"total":2,"covered":2,"skipped":0,"pct":100}}
,"C:\\Users\\kevin\\Desktop\\CS\\CSE110\\testing\\source\\scripts\\setting-script.js": {"lines":{"total":68,"covered":68,"skipped":0,"pct":100},"functions":{"total":8,"covered":8,"skipped":0,"pct":100},"statements":{"total":68,"covered":68,"skipped":0,"pct":100},"branches":{"total":18,"covered":18,"skipped":0,"pct":100}}
,"C:\\Users\\kevin\\Desktop\\CS\\CSE110\\testing\\source\\scripts\\task-list-local-storage.js": {"lines":{"total":55,"covered":51,"skipped":0,"pct":92.73},"functions":{"total":5,"covered":5,"skipped":0,"pct":100},"statements":{"total":59,"covered":55,"skipped":0,"pct":93.22},"branches":{"total":12,"covered":8,"skipped":0,"pct":66.67}}
,"C:\\Users\\kevin\\Desktop\\CS\\CSE110\\testing\\source\\scripts\\task-list.js": {"lines":{"total":165,"covered":165,"skipped":0,"pct":100},"functions":{"total":13,"covered":13,"skipped":0,"pct":100},"statements":{"total":170,"covered":170,"skipped":0,"pct":100},"branches":{"total":38,"covered":38,"skipped":0,"pct":100}}
}
