{"total": {"lines":{"total":508,"covered":504,"skipped":0,"pct":99.21},"statements":{"total":518,"covered":514,"skipped":0,"pct":99.23},"functions":{"total":48,"covered":48,"skipped":0,"pct":100},"branches":{"total":139,"covered":135,"skipped":0,"pct":97.12}}
,"C:\\Users\\kevin\\Desktop\\CS\\CSE110\\coverage\\source\\app.js": {"lines":{"total":73,"covered":73,"skipped":0,"pct":100},"functions":{"total":10,"covered":10,"skipped":0,"pct":100},"statements":{"total":73,"covered":73,"skipped":0,"pct":100},"branches":{"total":23,"covered":23,"skipped":0,"pct":100}}
,"C:\\Users\\kevin\\Desktop\\CS\\CSE110\\coverage\\source\\components\\setting-content.js": {"lines":{"total":19,"covered":19,"skipped":0,"pct":100},"functions":{"total":1,"covered":1,"skipped":0,"pct":100},"statements":{"total":19,"covered":19,"skipped":0,"pct":100},"branches":{"total":10,"covered":10,"skipped":0,"pct":100}}
,"C:\\Users\\kevin\\Desktop\\CS\\CSE110\\coverage\\source\\scripts\\clock.js": {"lines":{"total":97,"covered":97,"skipped":0,"pct":100},"functions":{"total":8,"covered":8,"skipped":0,"pct":100},"statements":{"total":98,"covered":98,"skipped":0,"pct":100},"branches":{"total":38,"covered":38,"skipped":0,"pct":100}}
,"C:\\Users\\kevin\\Desktop\\CS\\CSE110\\coverage\\source\\scripts\\handle-icons.js": {"lines":{"total":34,"covered":34,"skipped":0,"pct":100},"functions":{"total":3,"covered":3,"skipped":0,"pct":100},"statements":{"total":34,"covered":34,"skipped":0,"pct":100},"branches":{"total":2,"covered":2,"skipped":0,"pct":100}}
,"C:\\Users\\kevin\\Desktop\\CS\\CSE110\\coverage\\source\\scripts\\setting-script.js": {"lines":{"total":68,"covered":68,"skipped":0,"pct":100},"functions":{"total":8,"covered":8,"skipped":0,"pct":100},"statements":{"total":68,"covered":68,"skipped":0,"pct":100},"branches":{"total":18,"covered":18,"skipped":0,"pct":100}}
,"C:\\Users\\kevin\\Desktop\\CS\\CSE110\\coverage\\source\\scripts\\task-list-local-storage.js": {"lines":{"total":55,"covered":51,"skipped":0,"pct":92.73},"functions":{"total":5,"covered":5,"skipped":0,"pct":100},"statements":{"total":59,"covered":55,"skipped":0,"pct":93.22},"branches":{"total":12,"covered":8,"skipped":0,"pct":66.67}}
,"C:\\Users\\kevin\\Desktop\\CS\\CSE110\\coverage\\source\\scripts\\task-list.js": {"lines":{"total":162,"covered":162,"skipped":0,"pct":100},"functions":{"total":13,"covered":13,"skipped":0,"pct":100},"statements":{"total":167,"covered":167,"skipped":0,"pct":100},"branches":{"total":36,"covered":36,"skipped":0,"pct":100}}
}
