{"C:\\Users\\kevin\\Desktop\\CS\\CSE110\\coverage\\source\\app.js": {"path":"C:\\Users\\kevin\\Desktop\\CS\\CSE110\\coverage\\source\\app.js","statementMap":{"0":{"start":{"line":10,"column":12},"end":{"line":10,"column":42}},"1":{"start":{"line":11,"column":14},"end":{"line":11,"column":46}},"2":{"start":{"line":12,"column":16},"end":{"line":12,"column":50}},"3":{"start":{"line":13,"column":19},"end":{"line":13,"column":56}},"4":{"start":{"line":14,"column":19},"end":{"line":14,"column":36}},"5":{"start":{"line":15,"column":16},"end":{"line":15,"column":21}},"6":{"start":{"line":18,"column":0},"end":{"line":32,"column":3}},"7":{"start":{"line":19,"column":4},"end":{"line":21,"column":52}},"8":{"start":{"line":23,"column":4},"end":{"line":23,"column":44}},"9":{"start":{"line":24,"column":4},"end":{"line":24,"column":34}},"10":{"start":{"line":25,"column":4},"end":{"line":25,"column":27}},"11":{"start":{"line":26,"column":4},"end":{"line":26,"column":65}},"12":{"start":{"line":28,"column":22},"end":{"line":28,"column":60}},"13":{"start":{"line":29,"column":4},"end":{"line":31,"column":7}},"14":{"start":{"line":30,"column":8},"end":{"line":30,"column":34}},"15":{"start":{"line":35,"column":24},"end":{"line":56,"column":1}},"16":{"start":{"line":37,"column":4},"end":{"line":55,"column":5}},"17":{"start":{"line":38,"column":8},"end":{"line":38,"column":41}},"18":{"start":{"line":39,"column":8},"end":{"line":45,"column":9}},"19":{"start":{"line":40,"column":12},"end":{"line":40,"column":48}},"20":{"start":{"line":41,"column":12},"end":{"line":41,"column":38}},"21":{"start":{"line":42,"column":15},"end":{"line":45,"column":9}},"22":{"start":{"line":43,"column":12},"end":{"line":43,"column":46}},"23":{"start":{"line":44,"column":12},"end":{"line":44,"column":38}},"24":{"start":{"line":47,"column":8},"end":{"line":54,"column":9}},"25":{"start":{"line":48,"column":12},"end":{"line":48,"column":47}},"26":{"start":{"line":49,"column":12},"end":{"line":49,"column":40}},"27":{"start":{"line":51,"column":12},"end":{"line":51,"column":35}},"28":{"start":{"line":52,"column":12},"end":{"line":52,"column":40}},"29":{"start":{"line":53,"column":12},"end":{"line":53,"column":40}},"30":{"start":{"line":59,"column":0},"end":{"line":62,"column":2}},"31":{"start":{"line":60,"column":4},"end":{"line":60,"column":21}},"32":{"start":{"line":61,"column":4},"end":{"line":61,"column":22}},"33":{"start":{"line":65,"column":0},"end":{"line":69,"column":2}},"34":{"start":{"line":66,"column":4},"end":{"line":66,"column":22}},"35":{"start":{"line":67,"column":4},"end":{"line":67,"column":37}},"36":{"start":{"line":68,"column":4},"end":{"line":68,"column":32}},"37":{"start":{"line":72,"column":0},"end":{"line":85,"column":2}},"38":{"start":{"line":73,"column":4},"end":{"line":84,"column":5}},"39":{"start":{"line":74,"column":22},"end":{"line":74,"column":126}},"40":{"start":{"line":76,"column":8},"end":{"line":81,"column":9}},"41":{"start":{"line":77,"column":12},"end":{"line":77,"column":35}},"42":{"start":{"line":80,"column":12},"end":{"line":80,"column":35}},"43":{"start":{"line":83,"column":8},"end":{"line":83,"column":23}},"44":{"start":{"line":91,"column":4},"end":{"line":96,"column":7}},"45":{"start":{"line":92,"column":8},"end":{"line":92,"column":29}},"46":{"start":{"line":93,"column":8},"end":{"line":95,"column":9}},"47":{"start":{"line":94,"column":12},"end":{"line":94,"column":38}},"48":{"start":{"line":97,"column":4},"end":{"line":97,"column":37}},"49":{"start":{"line":98,"column":4},"end":{"line":98,"column":22}},"50":{"start":{"line":106,"column":22},"end":{"line":106,"column":64}},"51":{"start":{"line":107,"column":4},"end":{"line":107,"column":43}},"52":{"start":{"line":108,"column":28},"end":{"line":108,"column":72}},"53":{"start":{"line":109,"column":4},"end":{"line":109,"column":46}},"54":{"start":{"line":110,"column":20},"end":{"line":110,"column":56}},"55":{"start":{"line":111,"column":4},"end":{"line":111,"column":37}},"56":{"start":{"line":112,"column":24},"end":{"line":112,"column":64}},"57":{"start":{"line":113,"column":4},"end":{"line":113,"column":58}},"58":{"start":{"line":114,"column":23},"end":{"line":114,"column":62}},"59":{"start":{"line":115,"column":4},"end":{"line":115,"column":67}},"60":{"start":{"line":116,"column":4},"end":{"line":116,"column":64}},"61":{"start":{"line":125,"column":4},"end":{"line":125,"column":26}},"62":{"start":{"line":126,"column":22},"end":{"line":126,"column":64}},"63":{"start":{"line":127,"column":4},"end":{"line":127,"column":42}},"64":{"start":{"line":128,"column":28},"end":{"line":128,"column":72}},"65":{"start":{"line":129,"column":4},"end":{"line":129,"column":46}},"66":{"start":{"line":130,"column":20},"end":{"line":130,"column":56}},"67":{"start":{"line":131,"column":4},"end":{"line":131,"column":37}},"68":{"start":{"line":132,"column":24},"end":{"line":132,"column":64}},"69":{"start":{"line":133,"column":4},"end":{"line":133,"column":58}},"70":{"start":{"line":134,"column":23},"end":{"line":134,"column":62}},"71":{"start":{"line":135,"column":4},"end":{"line":135,"column":67}},"72":{"start":{"line":136,"column":4},"end":{"line":136,"column":64}}},"fnMap":{"0":{"name":"(anonymous_0)","decl":{"start":{"line":18,"column":32},"end":{"line":18,"column":33}},"loc":{"start":{"line":18,"column":43},"end":{"line":32,"column":1}},"line":18},"1":{"name":"(anonymous_1)","decl":{"start":{"line":29,"column":24},"end":{"line":29,"column":25}},"loc":{"start":{"line":29,"column":38},"end":{"line":31,"column":5}},"line":29},"2":{"name":"(anonymous_2)","decl":{"start":{"line":35,"column":24},"end":{"line":35,"column":25}},"loc":{"start":{"line":35,"column":30},"end":{"line":56,"column":1}},"line":35},"3":{"name":"(anonymous_3)","decl":{"start":{"line":59,"column":18},"end":{"line":59,"column":19}},"loc":{"start":{"line":59,"column":24},"end":{"line":62,"column":1}},"line":59},"4":{"name":"(anonymous_4)","decl":{"start":{"line":65,"column":17},"end":{"line":65,"column":18}},"loc":{"start":{"line":65,"column":23},"end":{"line":69,"column":1}},"line":65},"5":{"name":"(anonymous_5)","decl":{"start":{"line":72,"column":14},"end":{"line":72,"column":15}},"loc":{"start":{"line":72,"column":20},"end":{"line":85,"column":1}},"line":72},"6":{"name":"changeScreen","decl":{"start":{"line":90,"column":9},"end":{"line":90,"column":21}},"loc":{"start":{"line":90,"column":23},"end":{"line":99,"column":1}},"line":90},"7":{"name":"(anonymous_7)","decl":{"start":{"line":91,"column":26},"end":{"line":91,"column":27}},"loc":{"start":{"line":91,"column":37},"end":{"line":96,"column":5}},"line":91},"8":{"name":"displayAskResetFocus","decl":{"start":{"line":105,"column":9},"end":{"line":105,"column":29}},"loc":{"start":{"line":105,"column":32},"end":{"line":117,"column":1}},"line":105},"9":{"name":"displayAskResetBreak","decl":{"start":{"line":124,"column":9},"end":{"line":124,"column":29}},"loc":{"start":{"line":124,"column":32},"end":{"line":137,"column":1}},"line":124}},"branchMap":{"0":{"loc":{"start":{"line":37,"column":4},"end":{"line":55,"column":5}},"type":"if","locations":[{"start":{"line":37,"column":4},"end":{"line":55,"column":5}},{"start":{"line":37,"column":4},"end":{"line":55,"column":5}}],"line":37},"1":{"loc":{"start":{"line":39,"column":8},"end":{"line":45,"column":9}},"type":"if","locations":[{"start":{"line":39,"column":8},"end":{"line":45,"column":9}},{"start":{"line":39,"column":8},"end":{"line":45,"column":9}}],"line":39},"2":{"loc":{"start":{"line":39,"column":12},"end":{"line":39,"column":56}},"type":"binary-expr","locations":[{"start":{"line":39,"column":12},"end":{"line":39,"column":21}},{"start":{"line":39,"column":25},"end":{"line":39,"column":56}}],"line":39},"3":{"loc":{"start":{"line":42,"column":15},"end":{"line":45,"column":9}},"type":"if","locations":[{"start":{"line":42,"column":15},"end":{"line":45,"column":9}},{"start":{"line":42,"column":15},"end":{"line":45,"column":9}}],"line":42},"4":{"loc":{"start":{"line":42,"column":19},"end":{"line":42,"column":95}},"type":"binary-expr","locations":[{"start":{"line":42,"column":19},"end":{"line":42,"column":28}},{"start":{"line":42,"column":33},"end":{"line":42,"column":62}},{"start":{"line":42,"column":66},"end":{"line":42,"column":94}}],"line":42},"5":{"loc":{"start":{"line":47,"column":8},"end":{"line":54,"column":9}},"type":"if","locations":[{"start":{"line":47,"column":8},"end":{"line":54,"column":9}},{"start":{"line":47,"column":8},"end":{"line":54,"column":9}}],"line":47},"6":{"loc":{"start":{"line":73,"column":4},"end":{"line":84,"column":5}},"type":"if","locations":[{"start":{"line":73,"column":4},"end":{"line":84,"column":5}},{"start":{"line":73,"column":4},"end":{"line":84,"column":5}}],"line":73},"7":{"loc":{"start":{"line":74,"column":22},"end":{"line":74,"column":126}},"type":"cond-expr","locations":[{"start":{"line":74,"column":58},"end":{"line":74,"column":70}},{"start":{"line":74,"column":73},"end":{"line":74,"column":126}}],"line":74},"8":{"loc":{"start":{"line":74,"column":73},"end":{"line":74,"column":126}},"type":"cond-expr","locations":[{"start":{"line":74,"column":95},"end":{"line":74,"column":110}},{"start":{"line":74,"column":113},"end":{"line":74,"column":126}}],"line":74},"9":{"loc":{"start":{"line":76,"column":8},"end":{"line":81,"column":9}},"type":"if","locations":[{"start":{"line":76,"column":8},"end":{"line":81,"column":9}},{"start":{"line":76,"column":8},"end":{"line":81,"column":9}}],"line":76},"10":{"loc":{"start":{"line":93,"column":8},"end":{"line":95,"column":9}},"type":"if","locations":[{"start":{"line":93,"column":8},"end":{"line":95,"column":9}},{"start":{"line":93,"column":8},"end":{"line":95,"column":9}}],"line":93}},"s":{"0":170,"1":170,"2":170,"3":170,"4":170,"5":170,"6":170,"7":170,"8":170,"9":170,"10":170,"11":170,"12":170,"13":170,"14":1360,"15":170,"16":216,"17":121,"18":121,"19":91,"20":91,"21":30,"22":12,"23":12,"24":95,"25":91,"26":91,"27":4,"28":4,"29":4,"30":170,"31":103,"32":103,"33":170,"34":44,"35":44,"36":44,"37":170,"38":113,"39":22,"40":22,"41":4,"42":18,"43":91,"44":113,"45":316,"46":316,"47":72,"48":113,"49":113,"50":4,"51":4,"52":4,"53":4,"54":4,"55":4,"56":4,"57":4,"58":4,"59":4,"60":4,"61":18,"62":18,"63":18,"64":18,"65":18,"66":18,"67":18,"68":18,"69":18,"70":18,"71":18,"72":18},"f":{"0":170,"1":1360,"2":216,"3":103,"4":44,"5":113,"6":113,"7":316,"8":4,"9":18},"b":{"0":[121,95],"1":[91,30],"2":[121,103],"3":[12,18],"4":[30,12,4],"5":[91,4],"6":[22,91],"7":[4,18],"8":[4,14],"9":[4,18],"10":[72,244]},"_coverageSchema":"1a1c01bbd47fc00a2c39e90264f33305004495a9","hash":"3306ee53f72a0b6fcb60f3f8d92b411abafc1e4b"}
,"C:\\Users\\kevin\\Desktop\\CS\\CSE110\\coverage\\source\\components\\setting-content.js": {"path":"C:\\Users\\kevin\\Desktop\\CS\\CSE110\\coverage\\source\\components\\setting-content.js","statementMap":{"0":{"start":{"line":10,"column":8},"end":{"line":10,"column":16}},"1":{"start":{"line":11,"column":23},"end":{"line":11,"column":56}},"2":{"start":{"line":14,"column":35},"end":{"line":14,"column":77}},"3":{"start":{"line":15,"column":34},"end":{"line":15,"column":75}},"4":{"start":{"line":16,"column":26},"end":{"line":16,"column":65}},"5":{"start":{"line":17,"column":31},"end":{"line":17,"column":74}},"6":{"start":{"line":18,"column":30},"end":{"line":18,"column":73}},"7":{"start":{"line":21,"column":8},"end":{"line":21,"column":62}},"8":{"start":{"line":22,"column":8},"end":{"line":22,"column":64}},"9":{"start":{"line":23,"column":8},"end":{"line":23,"column":53}},"10":{"start":{"line":24,"column":8},"end":{"line":24,"column":63}},"11":{"start":{"line":25,"column":8},"end":{"line":25,"column":61}},"12":{"start":{"line":26,"column":25},"end":{"line":26,"column":62}},"13":{"start":{"line":27,"column":8},"end":{"line":27,"column":52}},"14":{"start":{"line":30,"column":8},"end":{"line":69,"column":12}},"15":{"start":{"line":71,"column":22},"end":{"line":71,"column":53}},"16":{"start":{"line":74,"column":8},"end":{"line":115,"column":10}},"17":{"start":{"line":117,"column":8},"end":{"line":117,"column":34}},"18":{"start":{"line":121,"column":0},"end":{"line":121,"column":57}}},"fnMap":{"0":{"name":"(anonymous_0)","decl":{"start":{"line":9,"column":4},"end":{"line":9,"column":5}},"loc":{"start":{"line":9,"column":18},"end":{"line":118,"column":5}},"line":9}},"branchMap":{"0":{"loc":{"start":{"line":14,"column":35},"end":{"line":14,"column":77}},"type":"binary-expr","locations":[{"start":{"line":14,"column":35},"end":{"line":14,"column":70}},{"start":{"line":14,"column":74},"end":{"line":14,"column":77}}],"line":14},"1":{"loc":{"start":{"line":15,"column":34},"end":{"line":15,"column":75}},"type":"binary-expr","locations":[{"start":{"line":15,"column":34},"end":{"line":15,"column":68}},{"start":{"line":15,"column":72},"end":{"line":15,"column":75}}],"line":15},"2":{"loc":{"start":{"line":16,"column":26},"end":{"line":16,"column":65}},"type":"binary-expr","locations":[{"start":{"line":16,"column":26},"end":{"line":16,"column":59}},{"start":{"line":16,"column":63},"end":{"line":16,"column":65}}],"line":16},"3":{"loc":{"start":{"line":17,"column":31},"end":{"line":17,"column":74}},"type":"binary-expr","locations":[{"start":{"line":17,"column":31},"end":{"line":17,"column":69}},{"start":{"line":17,"column":73},"end":{"line":17,"column":74}}],"line":17},"4":{"loc":{"start":{"line":18,"column":30},"end":{"line":18,"column":73}},"type":"binary-expr","locations":[{"start":{"line":18,"column":30},"end":{"line":18,"column":67}},{"start":{"line":18,"column":71},"end":{"line":18,"column":73}}],"line":18}},"s":{"0":170,"1":170,"2":170,"3":170,"4":170,"5":170,"6":170,"7":170,"8":170,"9":170,"10":170,"11":170,"12":170,"13":170,"14":170,"15":170,"16":170,"17":170,"18":170},"f":{"0":170},"b":{"0":[170,167],"1":[170,167],"2":[170,167],"3":[170,167],"4":[170,167]},"_coverageSchema":"1a1c01bbd47fc00a2c39e90264f33305004495a9","hash":"240feab45e3a019e5c0ff898c4bbee6a3f5395a6"}
,"C:\\Users\\kevin\\Desktop\\CS\\CSE110\\coverage\\source\\scripts\\clock.js": {"path":"C:\\Users\\kevin\\Desktop\\CS\\CSE110\\coverage\\source\\scripts\\clock.js","statementMap":{"0":{"start":{"line":10,"column":20},"end":{"line":10,"column":21}},"1":{"start":{"line":13,"column":21},"end":{"line":13,"column":65}},"2":{"start":{"line":14,"column":17},"end":{"line":14,"column":18}},"3":{"start":{"line":17,"column":18},"end":{"line":17,"column":23}},"4":{"start":{"line":25,"column":22},"end":{"line":25,"column":64}},"5":{"start":{"line":26,"column":4},"end":{"line":26,"column":40}},"6":{"start":{"line":27,"column":20},"end":{"line":27,"column":56}},"7":{"start":{"line":28,"column":4},"end":{"line":28,"column":37}},"8":{"start":{"line":29,"column":18},"end":{"line":29,"column":53}},"9":{"start":{"line":30,"column":4},"end":{"line":30,"column":41}},"10":{"start":{"line":31,"column":22},"end":{"line":31,"column":66}},"11":{"start":{"line":32,"column":4},"end":{"line":32,"column":40}},"12":{"start":{"line":33,"column":27},"end":{"line":33,"column":70}},"13":{"start":{"line":34,"column":4},"end":{"line":34,"column":44}},"14":{"start":{"line":35,"column":28},"end":{"line":35,"column":72}},"15":{"start":{"line":36,"column":4},"end":{"line":36,"column":45}},"16":{"start":{"line":38,"column":18},"end":{"line":38,"column":52}},"17":{"start":{"line":39,"column":4},"end":{"line":39,"column":46}},"18":{"start":{"line":48,"column":23},"end":{"line":48,"column":80}},"19":{"start":{"line":49,"column":4},"end":{"line":53,"column":5}},"20":{"start":{"line":50,"column":8},"end":{"line":50,"column":84}},"21":{"start":{"line":52,"column":8},"end":{"line":52,"column":77}},"22":{"start":{"line":55,"column":22},"end":{"line":55,"column":64}},"23":{"start":{"line":56,"column":4},"end":{"line":56,"column":36}},"24":{"start":{"line":57,"column":20},"end":{"line":57,"column":56}},"25":{"start":{"line":58,"column":4},"end":{"line":58,"column":38}},"26":{"start":{"line":59,"column":22},"end":{"line":59,"column":66}},"27":{"start":{"line":60,"column":4},"end":{"line":60,"column":39}},"28":{"start":{"line":61,"column":22},"end":{"line":61,"column":66}},"29":{"start":{"line":62,"column":4},"end":{"line":62,"column":39}},"30":{"start":{"line":63,"column":27},"end":{"line":63,"column":70}},"31":{"start":{"line":64,"column":4},"end":{"line":64,"column":44}},"32":{"start":{"line":65,"column":28},"end":{"line":65,"column":72}},"33":{"start":{"line":66,"column":4},"end":{"line":66,"column":45}},"34":{"start":{"line":77,"column":23},"end":{"line":77,"column":60}},"35":{"start":{"line":78,"column":23},"end":{"line":78,"column":60}},"36":{"start":{"line":80,"column":18},"end":{"line":80,"column":122}},"37":{"start":{"line":81,"column":4},"end":{"line":81,"column":57}},"38":{"start":{"line":83,"column":4},"end":{"line":89,"column":5}},"39":{"start":{"line":84,"column":8},"end":{"line":84,"column":26}},"40":{"start":{"line":85,"column":8},"end":{"line":85,"column":71}},"41":{"start":{"line":86,"column":8},"end":{"line":86,"column":36}},"42":{"start":{"line":87,"column":8},"end":{"line":87,"column":26}},"43":{"start":{"line":88,"column":8},"end":{"line":88,"column":30}},"44":{"start":{"line":91,"column":4},"end":{"line":91,"column":23}},"45":{"start":{"line":92,"column":16},"end":{"line":92,"column":46}},"46":{"start":{"line":93,"column":4},"end":{"line":101,"column":13}},"47":{"start":{"line":95,"column":8},"end":{"line":95,"column":49}},"48":{"start":{"line":97,"column":8},"end":{"line":100,"column":9}},"49":{"start":{"line":98,"column":12},"end":{"line":98,"column":46}},"50":{"start":{"line":99,"column":12},"end":{"line":99,"column":40}},"51":{"start":{"line":114,"column":16},"end":{"line":114,"column":120}},"52":{"start":{"line":115,"column":4},"end":{"line":115,"column":57}},"53":{"start":{"line":116,"column":23},"end":{"line":116,"column":60}},"54":{"start":{"line":119,"column":4},"end":{"line":127,"column":5}},"55":{"start":{"line":120,"column":8},"end":{"line":120,"column":30}},"56":{"start":{"line":121,"column":8},"end":{"line":121,"column":27}},"57":{"start":{"line":122,"column":8},"end":{"line":122,"column":35}},"58":{"start":{"line":126,"column":8},"end":{"line":126,"column":30}},"59":{"start":{"line":130,"column":15},"end":{"line":130,"column":20}},"60":{"start":{"line":132,"column":4},"end":{"line":132,"column":24}},"61":{"start":{"line":133,"column":4},"end":{"line":155,"column":5}},"62":{"start":{"line":134,"column":8},"end":{"line":140,"column":9}},"63":{"start":{"line":135,"column":12},"end":{"line":135,"column":27}},"64":{"start":{"line":138,"column":12},"end":{"line":138,"column":80}},"65":{"start":{"line":139,"column":12},"end":{"line":139,"column":24}},"66":{"start":{"line":142,"column":8},"end":{"line":142,"column":76}},"67":{"start":{"line":146,"column":8},"end":{"line":154,"column":9}},"68":{"start":{"line":149,"column":12},"end":{"line":149,"column":53}},"69":{"start":{"line":150,"column":12},"end":{"line":150,"column":69}},"70":{"start":{"line":151,"column":12},"end":{"line":151,"column":35}},"71":{"start":{"line":152,"column":12},"end":{"line":152,"column":25}},"72":{"start":{"line":157,"column":4},"end":{"line":157,"column":29}},"73":{"start":{"line":158,"column":4},"end":{"line":158,"column":20}},"74":{"start":{"line":159,"column":4},"end":{"line":159,"column":66}},"75":{"start":{"line":160,"column":4},"end":{"line":162,"column":5}},"76":{"start":{"line":161,"column":8},"end":{"line":161,"column":36}},"77":{"start":{"line":169,"column":4},"end":{"line":169,"column":38}},"78":{"start":{"line":170,"column":4},"end":{"line":170,"column":38}},"79":{"start":{"line":172,"column":4},"end":{"line":172,"column":53}},"80":{"start":{"line":173,"column":4},"end":{"line":173,"column":53}},"81":{"start":{"line":175,"column":4},"end":{"line":175,"column":35}},"82":{"start":{"line":188,"column":4},"end":{"line":188,"column":24}},"83":{"start":{"line":189,"column":4},"end":{"line":195,"column":5}},"84":{"start":{"line":189,"column":17},"end":{"line":189,"column":18}},"85":{"start":{"line":190,"column":8},"end":{"line":190,"column":41}},"86":{"start":{"line":191,"column":8},"end":{"line":194,"column":49}},"87":{"start":{"line":192,"column":12},"end":{"line":192,"column":50}},"88":{"start":{"line":194,"column":12},"end":{"line":194,"column":49}},"89":{"start":{"line":197,"column":4},"end":{"line":199,"column":5}},"90":{"start":{"line":198,"column":8},"end":{"line":198,"column":70}},"91":{"start":{"line":201,"column":4},"end":{"line":201,"column":16}},"92":{"start":{"line":210,"column":4},"end":{"line":218,"column":5}},"93":{"start":{"line":211,"column":8},"end":{"line":211,"column":36}},"94":{"start":{"line":212,"column":8},"end":{"line":212,"column":21}},"95":{"start":{"line":215,"column":26},"end":{"line":215,"column":30}},"96":{"start":{"line":216,"column":8},"end":{"line":216,"column":46}},"97":{"start":{"line":217,"column":8},"end":{"line":217,"column":20}}},"fnMap":{"0":{"name":"displayBreakContent","decl":{"start":{"line":24,"column":9},"end":{"line":24,"column":28}},"loc":{"start":{"line":24,"column":31},"end":{"line":40,"column":1}},"line":24},"1":{"name":"displayFocusContent","decl":{"start":{"line":46,"column":9},"end":{"line":46,"column":28}},"loc":{"start":{"line":46,"column":31},"end":{"line":67,"column":1}},"line":46},"2":{"name":"startTimer","decl":{"start":{"line":76,"column":9},"end":{"line":76,"column":19}},"loc":{"start":{"line":76,"column":37},"end":{"line":102,"column":1}},"line":76},"3":{"name":"(anonymous_3)","decl":{"start":{"line":93,"column":28},"end":{"line":93,"column":29}},"loc":{"start":{"line":93,"column":34},"end":{"line":101,"column":5}},"line":93},"4":{"name":"stopTimer","decl":{"start":{"line":112,"column":9},"end":{"line":112,"column":18}},"loc":{"start":{"line":112,"column":47},"end":{"line":163,"column":1}},"line":112},"5":{"name":"secondsToString","decl":{"start":{"line":166,"column":9},"end":{"line":166,"column":24}},"loc":{"start":{"line":166,"column":31},"end":{"line":176,"column":1}},"line":166},"6":{"name":"updateTimerSettings","decl":{"start":{"line":186,"column":9},"end":{"line":186,"column":28}},"loc":{"start":{"line":186,"column":84},"end":{"line":202,"column":1}},"line":186},"7":{"name":"startStopTimer","decl":{"start":{"line":209,"column":9},"end":{"line":209,"column":23}},"loc":{"start":{"line":209,"column":41},"end":{"line":219,"column":1}},"line":209}},"branchMap":{"0":{"loc":{"start":{"line":49,"column":4},"end":{"line":53,"column":5}},"type":"if","locations":[{"start":{"line":49,"column":4},"end":{"line":53,"column":5}},{"start":{"line":49,"column":4},"end":{"line":53,"column":5}}],"line":49},"1":{"loc":{"start":{"line":80,"column":18},"end":{"line":80,"column":122}},"type":"cond-expr","locations":[{"start":{"line":80,"column":54},"end":{"line":80,"column":66}},{"start":{"line":80,"column":69},"end":{"line":80,"column":122}}],"line":80},"2":{"loc":{"start":{"line":80,"column":69},"end":{"line":80,"column":122}},"type":"cond-expr","locations":[{"start":{"line":80,"column":91},"end":{"line":80,"column":106}},{"start":{"line":80,"column":109},"end":{"line":80,"column":122}}],"line":80},"3":{"loc":{"start":{"line":83,"column":4},"end":{"line":89,"column":5}},"type":"if","locations":[{"start":{"line":83,"column":4},"end":{"line":89,"column":5}},{"start":{"line":83,"column":4},"end":{"line":89,"column":5}}],"line":83},"4":{"loc":{"start":{"line":97,"column":8},"end":{"line":100,"column":9}},"type":"if","locations":[{"start":{"line":97,"column":8},"end":{"line":100,"column":9}},{"start":{"line":97,"column":8},"end":{"line":100,"column":9}}],"line":97},"5":{"loc":{"start":{"line":114,"column":16},"end":{"line":114,"column":120}},"type":"cond-expr","locations":[{"start":{"line":114,"column":52},"end":{"line":114,"column":64}},{"start":{"line":114,"column":67},"end":{"line":114,"column":120}}],"line":114},"6":{"loc":{"start":{"line":114,"column":67},"end":{"line":114,"column":120}},"type":"cond-expr","locations":[{"start":{"line":114,"column":89},"end":{"line":114,"column":104}},{"start":{"line":114,"column":107},"end":{"line":114,"column":120}}],"line":114},"7":{"loc":{"start":{"line":119,"column":4},"end":{"line":127,"column":5}},"type":"if","locations":[{"start":{"line":119,"column":4},"end":{"line":127,"column":5}},{"start":{"line":119,"column":4},"end":{"line":127,"column":5}}],"line":119},"8":{"loc":{"start":{"line":133,"column":4},"end":{"line":155,"column":5}},"type":"if","locations":[{"start":{"line":133,"column":4},"end":{"line":155,"column":5}},{"start":{"line":133,"column":4},"end":{"line":155,"column":5}}],"line":133},"9":{"loc":{"start":{"line":134,"column":8},"end":{"line":140,"column":9}},"type":"if","locations":[{"start":{"line":134,"column":8},"end":{"line":140,"column":9}},{"start":{"line":134,"column":8},"end":{"line":140,"column":9}}],"line":134},"10":{"loc":{"start":{"line":138,"column":25},"end":{"line":138,"column":79}},"type":"cond-expr","locations":[{"start":{"line":138,"column":65},"end":{"line":138,"column":66}},{"start":{"line":138,"column":69},"end":{"line":138,"column":79}}],"line":138},"11":{"loc":{"start":{"line":142,"column":21},"end":{"line":142,"column":75}},"type":"cond-expr","locations":[{"start":{"line":142,"column":61},"end":{"line":142,"column":62}},{"start":{"line":142,"column":65},"end":{"line":142,"column":75}}],"line":142},"12":{"loc":{"start":{"line":146,"column":8},"end":{"line":154,"column":9}},"type":"if","locations":[{"start":{"line":146,"column":8},"end":{"line":154,"column":9}},{"start":{"line":146,"column":8},"end":{"line":154,"column":9}}],"line":146},"13":{"loc":{"start":{"line":160,"column":4},"end":{"line":162,"column":5}},"type":"if","locations":[{"start":{"line":160,"column":4},"end":{"line":162,"column":5}},{"start":{"line":160,"column":4},"end":{"line":162,"column":5}}],"line":160},"14":{"loc":{"start":{"line":172,"column":14},"end":{"line":172,"column":52}},"type":"cond-expr","locations":[{"start":{"line":172,"column":29},"end":{"line":172,"column":42}},{"start":{"line":172,"column":45},"end":{"line":172,"column":52}}],"line":172},"15":{"loc":{"start":{"line":173,"column":14},"end":{"line":173,"column":52}},"type":"cond-expr","locations":[{"start":{"line":173,"column":29},"end":{"line":173,"column":42}},{"start":{"line":173,"column":45},"end":{"line":173,"column":52}}],"line":173},"16":{"loc":{"start":{"line":191,"column":8},"end":{"line":194,"column":49}},"type":"if","locations":[{"start":{"line":191,"column":8},"end":{"line":194,"column":49}},{"start":{"line":191,"column":8},"end":{"line":194,"column":49}}],"line":191},"17":{"loc":{"start":{"line":197,"column":4},"end":{"line":199,"column":5}},"type":"if","locations":[{"start":{"line":197,"column":4},"end":{"line":199,"column":5}},{"start":{"line":197,"column":4},"end":{"line":199,"column":5}}],"line":197},"18":{"loc":{"start":{"line":210,"column":4},"end":{"line":218,"column":5}},"type":"if","locations":[{"start":{"line":210,"column":4},"end":{"line":218,"column":5}},{"start":{"line":210,"column":4},"end":{"line":218,"column":5}}],"line":210}},"s":{"0":170,"1":170,"2":170,"3":170,"4":180,"5":180,"6":180,"7":180,"8":180,"9":180,"10":180,"11":180,"12":180,"13":180,"14":180,"15":180,"16":180,"17":180,"18":381,"19":381,"20":329,"21":52,"22":381,"23":381,"24":381,"25":381,"26":381,"27":381,"28":381,"29":381,"30":381,"31":381,"32":381,"33":381,"34":403,"35":403,"36":403,"37":403,"38":403,"39":227,"40":227,"41":227,"42":227,"43":227,"44":403,"45":403,"46":403,"47":299351,"48":299351,"49":294,"50":294,"51":316,"52":316,"53":316,"54":316,"55":180,"56":180,"57":180,"58":136,"59":316,"60":316,"61":316,"62":22,"63":4,"64":18,"65":18,"66":294,"67":294,"68":176,"69":176,"70":176,"71":176,"72":316,"73":316,"74":316,"75":316,"76":18,"77":299877,"78":299877,"79":299877,"80":299877,"81":299877,"82":216,"83":216,"84":216,"85":864,"86":864,"87":648,"88":216,"89":216,"90":210,"91":216,"92":113,"93":91,"94":91,"95":22,"96":22,"97":22},"f":{"0":180,"1":381,"2":403,"3":299351,"4":316,"5":299877,"6":216,"7":113},"b":{"0":[329,52],"1":[24,379],"2":[227,152],"3":[227,176],"4":[294,299057],"5":[14,302],"6":[180,122],"7":[180,136],"8":[22,294],"9":[4,18],"10":[4,14],"11":[10,284],"12":[176,118],"13":[18,298],"14":[149014,150863],"15":[50386,249491],"16":[648,216],"17":[210,6],"18":[91,22]},"_coverageSchema":"1a1c01bbd47fc00a2c39e90264f33305004495a9","hash":"4b83bf7bfec51b9bfb6958ff4175c6c4be9e90dc"}
,"C:\\Users\\kevin\\Desktop\\CS\\CSE110\\coverage\\source\\scripts\\handle-icons.js": {"path":"C:\\Users\\kevin\\Desktop\\CS\\CSE110\\coverage\\source\\scripts\\handle-icons.js","statementMap":{"0":{"start":{"line":6,"column":21},"end":{"line":6,"column":62}},"1":{"start":{"line":7,"column":26},"end":{"line":7,"column":72}},"2":{"start":{"line":8,"column":25},"end":{"line":8,"column":70}},"3":{"start":{"line":9,"column":21},"end":{"line":9,"column":55}},"4":{"start":{"line":10,"column":12},"end":{"line":10,"column":44}},"5":{"start":{"line":15,"column":33},"end":{"line":36,"column":1}},"6":{"start":{"line":16,"column":18},"end":{"line":16,"column":52}},"7":{"start":{"line":17,"column":22},"end":{"line":17,"column":66}},"8":{"start":{"line":18,"column":22},"end":{"line":18,"column":66}},"9":{"start":{"line":19,"column":22},"end":{"line":19,"column":64}},"10":{"start":{"line":20,"column":20},"end":{"line":20,"column":55}},"11":{"start":{"line":22,"column":4},"end":{"line":35,"column":5}},"12":{"start":{"line":23,"column":8},"end":{"line":23,"column":43}},"13":{"start":{"line":24,"column":8},"end":{"line":24,"column":44}},"14":{"start":{"line":25,"column":8},"end":{"line":25,"column":43}},"15":{"start":{"line":26,"column":8},"end":{"line":26,"column":46}},"16":{"start":{"line":27,"column":8},"end":{"line":27,"column":60}},"17":{"start":{"line":30,"column":8},"end":{"line":30,"column":44}},"18":{"start":{"line":31,"column":8},"end":{"line":31,"column":43}},"19":{"start":{"line":32,"column":8},"end":{"line":32,"column":47}},"20":{"start":{"line":33,"column":8},"end":{"line":33,"column":44}},"21":{"start":{"line":34,"column":8},"end":{"line":34,"column":65}},"22":{"start":{"line":42,"column":4},"end":{"line":42,"column":33}},"23":{"start":{"line":43,"column":4},"end":{"line":43,"column":48}},"24":{"start":{"line":44,"column":4},"end":{"line":44,"column":46}},"25":{"start":{"line":45,"column":4},"end":{"line":45,"column":42}},"26":{"start":{"line":46,"column":4},"end":{"line":46,"column":42}},"27":{"start":{"line":47,"column":4},"end":{"line":47,"column":34}},"28":{"start":{"line":54,"column":4},"end":{"line":54,"column":34}},"29":{"start":{"line":55,"column":4},"end":{"line":55,"column":47}},"30":{"start":{"line":56,"column":4},"end":{"line":56,"column":54}},"31":{"start":{"line":57,"column":4},"end":{"line":57,"column":43}},"32":{"start":{"line":58,"column":4},"end":{"line":58,"column":43}},"33":{"start":{"line":59,"column":4},"end":{"line":59,"column":33}}},"fnMap":{"0":{"name":"(anonymous_0)","decl":{"start":{"line":15,"column":33},"end":{"line":15,"column":34}},"loc":{"start":{"line":15,"column":44},"end":{"line":36,"column":1}},"line":15},"1":{"name":"displayOnboardingMenu","decl":{"start":{"line":41,"column":9},"end":{"line":41,"column":30}},"loc":{"start":{"line":41,"column":33},"end":{"line":48,"column":1}},"line":41},"2":{"name":"closeOnboardingMenu","decl":{"start":{"line":53,"column":9},"end":{"line":53,"column":28}},"loc":{"start":{"line":53,"column":31},"end":{"line":60,"column":1}},"line":53}},"branchMap":{"0":{"loc":{"start":{"line":22,"column":4},"end":{"line":35,"column":5}},"type":"if","locations":[{"start":{"line":22,"column":4},"end":{"line":35,"column":5}},{"start":{"line":22,"column":4},"end":{"line":35,"column":5}}],"line":22}},"s":{"0":170,"1":170,"2":170,"3":170,"4":170,"5":170,"6":70,"7":70,"8":70,"9":70,"10":70,"11":70,"12":68,"13":68,"14":68,"15":68,"16":68,"17":2,"18":2,"19":2,"20":2,"21":2,"22":4,"23":4,"24":4,"25":4,"26":4,"27":4,"28":2,"29":2,"30":2,"31":2,"32":2,"33":2},"f":{"0":70,"1":4,"2":2},"b":{"0":[68,2]},"_coverageSchema":"1a1c01bbd47fc00a2c39e90264f33305004495a9","hash":"8474ce3b99b2fac0f20370bbf758334624f3d9dc"}
,"C:\\Users\\kevin\\Desktop\\CS\\CSE110\\coverage\\source\\scripts\\setting-script.js": {"path":"C:\\Users\\kevin\\Desktop\\CS\\CSE110\\coverage\\source\\scripts\\setting-script.js","statementMap":{"0":{"start":{"line":5,"column":14},"end":{"line":5,"column":46}},"1":{"start":{"line":6,"column":21},"end":{"line":6,"column":62}},"2":{"start":{"line":7,"column":23},"end":{"line":7,"column":83}},"3":{"start":{"line":8,"column":23},"end":{"line":8,"column":83}},"4":{"start":{"line":9,"column":24},"end":{"line":9,"column":85}},"5":{"start":{"line":10,"column":24},"end":{"line":10,"column":85}},"6":{"start":{"line":11,"column":18},"end":{"line":11,"column":73}},"7":{"start":{"line":12,"column":23},"end":{"line":12,"column":83}},"8":{"start":{"line":13,"column":22},"end":{"line":13,"column":81}},"9":{"start":{"line":14,"column":26},"end":{"line":14,"column":89}},"10":{"start":{"line":15,"column":31},"end":{"line":15,"column":99}},"11":{"start":{"line":16,"column":30},"end":{"line":16,"column":97}},"12":{"start":{"line":17,"column":17},"end":{"line":17,"column":54}},"13":{"start":{"line":20,"column":0},"end":{"line":24,"column":3}},"14":{"start":{"line":21,"column":4},"end":{"line":21,"column":63}},"15":{"start":{"line":22,"column":4},"end":{"line":22,"column":58}},"16":{"start":{"line":23,"column":4},"end":{"line":23,"column":53}},"17":{"start":{"line":27,"column":0},"end":{"line":30,"column":3}},"18":{"start":{"line":28,"column":4},"end":{"line":28,"column":65}},"19":{"start":{"line":29,"column":4},"end":{"line":29,"column":60}},"20":{"start":{"line":33,"column":0},"end":{"line":53,"column":3}},"21":{"start":{"line":34,"column":4},"end":{"line":52,"column":5}},"22":{"start":{"line":35,"column":8},"end":{"line":35,"column":50}},"23":{"start":{"line":36,"column":8},"end":{"line":36,"column":56}},"24":{"start":{"line":38,"column":9},"end":{"line":52,"column":5}},"25":{"start":{"line":39,"column":8},"end":{"line":39,"column":50}},"26":{"start":{"line":40,"column":8},"end":{"line":40,"column":56}},"27":{"start":{"line":43,"column":8},"end":{"line":43,"column":61}},"28":{"start":{"line":44,"column":8},"end":{"line":44,"column":54}},"29":{"start":{"line":45,"column":8},"end":{"line":45,"column":44}},"30":{"start":{"line":46,"column":8},"end":{"line":51,"column":10}},"31":{"start":{"line":56,"column":0},"end":{"line":62,"column":3}},"32":{"start":{"line":57,"column":4},"end":{"line":61,"column":5}},"33":{"start":{"line":58,"column":8},"end":{"line":58,"column":62}},"34":{"start":{"line":59,"column":8},"end":{"line":59,"column":54}},"35":{"start":{"line":60,"column":8},"end":{"line":60,"column":44}},"36":{"start":{"line":65,"column":0},"end":{"line":85,"column":3}},"37":{"start":{"line":66,"column":4},"end":{"line":84,"column":5}},"38":{"start":{"line":67,"column":8},"end":{"line":67,"column":55}},"39":{"start":{"line":68,"column":8},"end":{"line":68,"column":61}},"40":{"start":{"line":70,"column":9},"end":{"line":84,"column":5}},"41":{"start":{"line":71,"column":8},"end":{"line":71,"column":55}},"42":{"start":{"line":72,"column":8},"end":{"line":72,"column":60}},"43":{"start":{"line":75,"column":8},"end":{"line":75,"column":71}},"44":{"start":{"line":76,"column":8},"end":{"line":76,"column":59}},"45":{"start":{"line":77,"column":8},"end":{"line":77,"column":49}},"46":{"start":{"line":78,"column":8},"end":{"line":83,"column":10}},"47":{"start":{"line":88,"column":0},"end":{"line":94,"column":3}},"48":{"start":{"line":89,"column":4},"end":{"line":93,"column":5}},"49":{"start":{"line":90,"column":8},"end":{"line":90,"column":72}},"50":{"start":{"line":91,"column":8},"end":{"line":91,"column":59}},"51":{"start":{"line":92,"column":8},"end":{"line":92,"column":49}},"52":{"start":{"line":97,"column":0},"end":{"line":117,"column":3}},"53":{"start":{"line":98,"column":4},"end":{"line":116,"column":5}},"54":{"start":{"line":99,"column":8},"end":{"line":99,"column":54}},"55":{"start":{"line":100,"column":8},"end":{"line":100,"column":60}},"56":{"start":{"line":102,"column":9},"end":{"line":116,"column":5}},"57":{"start":{"line":103,"column":8},"end":{"line":103,"column":54}},"58":{"start":{"line":104,"column":8},"end":{"line":104,"column":60}},"59":{"start":{"line":107,"column":8},"end":{"line":107,"column":69}},"60":{"start":{"line":108,"column":8},"end":{"line":108,"column":58}},"61":{"start":{"line":109,"column":8},"end":{"line":109,"column":48}},"62":{"start":{"line":110,"column":8},"end":{"line":115,"column":10}},"63":{"start":{"line":120,"column":0},"end":{"line":126,"column":3}},"64":{"start":{"line":121,"column":4},"end":{"line":125,"column":5}},"65":{"start":{"line":122,"column":8},"end":{"line":122,"column":70}},"66":{"start":{"line":123,"column":8},"end":{"line":123,"column":58}},"67":{"start":{"line":124,"column":8},"end":{"line":124,"column":48}}},"fnMap":{"0":{"name":"(anonymous_0)","decl":{"start":{"line":20,"column":43},"end":{"line":20,"column":44}},"loc":{"start":{"line":20,"column":49},"end":{"line":24,"column":1}},"line":20},"1":{"name":"(anonymous_1)","decl":{"start":{"line":27,"column":44},"end":{"line":27,"column":45}},"loc":{"start":{"line":27,"column":50},"end":{"line":30,"column":1}},"line":27},"2":{"name":"(anonymous_2)","decl":{"start":{"line":33,"column":38},"end":{"line":33,"column":39}},"loc":{"start":{"line":33,"column":44},"end":{"line":53,"column":1}},"line":33},"3":{"name":"(anonymous_3)","decl":{"start":{"line":56,"column":41},"end":{"line":56,"column":42}},"loc":{"start":{"line":56,"column":47},"end":{"line":62,"column":1}},"line":56},"4":{"name":"(anonymous_4)","decl":{"start":{"line":65,"column":43},"end":{"line":65,"column":44}},"loc":{"start":{"line":65,"column":49},"end":{"line":85,"column":1}},"line":65},"5":{"name":"(anonymous_5)","decl":{"start":{"line":88,"column":46},"end":{"line":88,"column":47}},"loc":{"start":{"line":88,"column":52},"end":{"line":94,"column":1}},"line":88},"6":{"name":"(anonymous_6)","decl":{"start":{"line":97,"column":42},"end":{"line":97,"column":43}},"loc":{"start":{"line":97,"column":48},"end":{"line":117,"column":1}},"line":97},"7":{"name":"(anonymous_7)","decl":{"start":{"line":120,"column":45},"end":{"line":120,"column":46}},"loc":{"start":{"line":120,"column":51},"end":{"line":126,"column":1}},"line":120}},"branchMap":{"0":{"loc":{"start":{"line":34,"column":4},"end":{"line":52,"column":5}},"type":"if","locations":[{"start":{"line":34,"column":4},"end":{"line":52,"column":5}},{"start":{"line":34,"column":4},"end":{"line":52,"column":5}}],"line":34},"1":{"loc":{"start":{"line":38,"column":9},"end":{"line":52,"column":5}},"type":"if","locations":[{"start":{"line":38,"column":9},"end":{"line":52,"column":5}},{"start":{"line":38,"column":9},"end":{"line":52,"column":5}}],"line":38},"2":{"loc":{"start":{"line":57,"column":4},"end":{"line":61,"column":5}},"type":"if","locations":[{"start":{"line":57,"column":4},"end":{"line":61,"column":5}},{"start":{"line":57,"column":4},"end":{"line":61,"column":5}}],"line":57},"3":{"loc":{"start":{"line":66,"column":4},"end":{"line":84,"column":5}},"type":"if","locations":[{"start":{"line":66,"column":4},"end":{"line":84,"column":5}},{"start":{"line":66,"column":4},"end":{"line":84,"column":5}}],"line":66},"4":{"loc":{"start":{"line":70,"column":9},"end":{"line":84,"column":5}},"type":"if","locations":[{"start":{"line":70,"column":9},"end":{"line":84,"column":5}},{"start":{"line":70,"column":9},"end":{"line":84,"column":5}}],"line":70},"5":{"loc":{"start":{"line":89,"column":4},"end":{"line":93,"column":5}},"type":"if","locations":[{"start":{"line":89,"column":4},"end":{"line":93,"column":5}},{"start":{"line":89,"column":4},"end":{"line":93,"column":5}}],"line":89},"6":{"loc":{"start":{"line":98,"column":4},"end":{"line":116,"column":5}},"type":"if","locations":[{"start":{"line":98,"column":4},"end":{"line":116,"column":5}},{"start":{"line":98,"column":4},"end":{"line":116,"column":5}}],"line":98},"7":{"loc":{"start":{"line":102,"column":9},"end":{"line":116,"column":5}},"type":"if","locations":[{"start":{"line":102,"column":9},"end":{"line":116,"column":5}},{"start":{"line":102,"column":9},"end":{"line":116,"column":5}}],"line":102},"8":{"loc":{"start":{"line":121,"column":4},"end":{"line":125,"column":5}},"type":"if","locations":[{"start":{"line":121,"column":4},"end":{"line":125,"column":5}},{"start":{"line":121,"column":4},"end":{"line":125,"column":5}}],"line":121}},"s":{"0":170,"1":170,"2":170,"3":170,"4":170,"5":170,"6":170,"7":170,"8":170,"9":170,"10":170,"11":170,"12":170,"13":170,"14":2,"15":2,"16":2,"17":170,"18":2,"19":2,"20":170,"21":44,"22":16,"23":16,"24":28,"25":6,"26":6,"27":22,"28":22,"29":22,"30":22,"31":170,"32":4,"33":2,"34":2,"35":2,"36":170,"37":32,"38":8,"39":8,"40":24,"41":10,"42":10,"43":14,"44":14,"45":14,"46":14,"47":170,"48":4,"49":2,"50":2,"51":2,"52":170,"53":28,"54":8,"55":8,"56":20,"57":10,"58":10,"59":10,"60":10,"61":10,"62":10,"63":170,"64":4,"65":2,"66":2,"67":2},"f":{"0":2,"1":2,"2":44,"3":4,"4":32,"5":4,"6":28,"7":4},"b":{"0":[16,28],"1":[6,22],"2":[2,2],"3":[8,24],"4":[10,14],"5":[2,2],"6":[8,20],"7":[10,10],"8":[2,2]},"_coverageSchema":"1a1c01bbd47fc00a2c39e90264f33305004495a9","hash":"4e42c1537bfe5c4e7e51ee1f9e9cc4a4243d9d59"}
,"C:\\Users\\kevin\\Desktop\\CS\\CSE110\\coverage\\source\\scripts\\task-list-local-storage.js": {"path":"C:\\Users\\kevin\\Desktop\\CS\\CSE110\\coverage\\source\\scripts\\task-list-local-storage.js","statementMap":{"0":{"start":{"line":7,"column":13},"end":{"line":7,"column":32}},"1":{"start":{"line":8,"column":12},"end":{"line":8,"column":45}},"2":{"start":{"line":15,"column":16},"end":{"line":27,"column":1}},"3":{"start":{"line":16,"column":18},"end":{"line":16,"column":51}},"4":{"start":{"line":18,"column":17},"end":{"line":22,"column":5}},"5":{"start":{"line":24,"column":4},"end":{"line":24,"column":26}},"6":{"start":{"line":25,"column":4},"end":{"line":25,"column":49}},"7":{"start":{"line":26,"column":4},"end":{"line":26,"column":16}},"8":{"start":{"line":34,"column":18},"end":{"line":69,"column":1}},"9":{"start":{"line":35,"column":18},"end":{"line":35,"column":51}},"10":{"start":{"line":36,"column":20},"end":{"line":36,"column":25}},"11":{"start":{"line":39,"column":4},"end":{"line":46,"column":5}},"12":{"start":{"line":39,"column":20},"end":{"line":39,"column":21}},"13":{"start":{"line":40,"column":21},"end":{"line":40,"column":38}},"14":{"start":{"line":41,"column":8},"end":{"line":45,"column":9}},"15":{"start":{"line":42,"column":12},"end":{"line":42,"column":40}},"16":{"start":{"line":43,"column":12},"end":{"line":43,"column":29}},"17":{"start":{"line":44,"column":12},"end":{"line":44,"column":18}},"18":{"start":{"line":48,"column":4},"end":{"line":49,"column":21}},"19":{"start":{"line":49,"column":8},"end":{"line":49,"column":21}},"20":{"start":{"line":52,"column":4},"end":{"line":55,"column":5}},"21":{"start":{"line":52,"column":20},"end":{"line":52,"column":21}},"22":{"start":{"line":53,"column":21},"end":{"line":53,"column":38}},"23":{"start":{"line":54,"column":8},"end":{"line":54,"column":24}},"24":{"start":{"line":58,"column":4},"end":{"line":65,"column":5}},"25":{"start":{"line":59,"column":8},"end":{"line":59,"column":35}},"26":{"start":{"line":60,"column":8},"end":{"line":60,"column":39}},"27":{"start":{"line":61,"column":8},"end":{"line":61,"column":33}},"28":{"start":{"line":63,"column":9},"end":{"line":65,"column":5}},"29":{"start":{"line":64,"column":8},"end":{"line":64,"column":31}},"30":{"start":{"line":67,"column":4},"end":{"line":67,"column":49}},"31":{"start":{"line":68,"column":4},"end":{"line":68,"column":16}},"32":{"start":{"line":77,"column":17},"end":{"line":91,"column":1}},"33":{"start":{"line":78,"column":18},"end":{"line":78,"column":51}},"34":{"start":{"line":81,"column":4},"end":{"line":88,"column":5}},"35":{"start":{"line":81,"column":20},"end":{"line":81,"column":21}},"36":{"start":{"line":82,"column":21},"end":{"line":82,"column":38}},"37":{"start":{"line":83,"column":8},"end":{"line":87,"column":9}},"38":{"start":{"line":84,"column":12},"end":{"line":84,"column":33}},"39":{"start":{"line":85,"column":12},"end":{"line":85,"column":57}},"40":{"start":{"line":86,"column":12},"end":{"line":86,"column":24}},"41":{"start":{"line":89,"column":4},"end":{"line":89,"column":17}},"42":{"start":{"line":99,"column":15},"end":{"line":115,"column":1}},"43":{"start":{"line":100,"column":20},"end":{"line":100,"column":24}},"44":{"start":{"line":102,"column":4},"end":{"line":102,"column":46}},"45":{"start":{"line":105,"column":4},"end":{"line":112,"column":5}},"46":{"start":{"line":105,"column":14},"end":{"line":105,"column":15}},"47":{"start":{"line":106,"column":19},"end":{"line":106,"column":32}},"48":{"start":{"line":107,"column":8},"end":{"line":111,"column":9}},"49":{"start":{"line":108,"column":12},"end":{"line":108,"column":32}},"50":{"start":{"line":109,"column":12},"end":{"line":109,"column":57}},"51":{"start":{"line":110,"column":12},"end":{"line":110,"column":24}},"52":{"start":{"line":114,"column":4},"end":{"line":114,"column":17}},"53":{"start":{"line":121,"column":21},"end":{"line":130,"column":1}},"54":{"start":{"line":122,"column":4},"end":{"line":122,"column":46}},"55":{"start":{"line":123,"column":23},"end":{"line":123,"column":37}},"56":{"start":{"line":125,"column":4},"end":{"line":125,"column":39}},"57":{"start":{"line":126,"column":4},"end":{"line":126,"column":34}},"58":{"start":{"line":129,"column":4},"end":{"line":129,"column":49}}},"fnMap":{"0":{"name":"(anonymous_0)","decl":{"start":{"line":15,"column":16},"end":{"line":15,"column":17}},"loc":{"start":{"line":15,"column":32},"end":{"line":27,"column":1}},"line":15},"1":{"name":"(anonymous_1)","decl":{"start":{"line":34,"column":18},"end":{"line":34,"column":19}},"loc":{"start":{"line":34,"column":31},"end":{"line":69,"column":1}},"line":34},"2":{"name":"(anonymous_2)","decl":{"start":{"line":77,"column":17},"end":{"line":77,"column":18}},"loc":{"start":{"line":77,"column":37},"end":{"line":91,"column":1}},"line":77},"3":{"name":"(anonymous_3)","decl":{"start":{"line":99,"column":15},"end":{"line":99,"column":16}},"loc":{"start":{"line":99,"column":34},"end":{"line":115,"column":1}},"line":99},"4":{"name":"(anonymous_4)","decl":{"start":{"line":121,"column":21},"end":{"line":121,"column":22}},"loc":{"start":{"line":121,"column":39},"end":{"line":130,"column":1}},"line":121}},"branchMap":{"0":{"loc":{"start":{"line":41,"column":8},"end":{"line":45,"column":9}},"type":"if","locations":[{"start":{"line":41,"column":8},"end":{"line":45,"column":9}},{"start":{"line":41,"column":8},"end":{"line":45,"column":9}}],"line":41},"1":{"loc":{"start":{"line":48,"column":4},"end":{"line":49,"column":21}},"type":"if","locations":[{"start":{"line":48,"column":4},"end":{"line":49,"column":21}},{"start":{"line":48,"column":4},"end":{"line":49,"column":21}}],"line":48},"2":{"loc":{"start":{"line":58,"column":4},"end":{"line":65,"column":5}},"type":"if","locations":[{"start":{"line":58,"column":4},"end":{"line":65,"column":5}},{"start":{"line":58,"column":4},"end":{"line":65,"column":5}}],"line":58},"3":{"loc":{"start":{"line":63,"column":9},"end":{"line":65,"column":5}},"type":"if","locations":[{"start":{"line":63,"column":9},"end":{"line":65,"column":5}},{"start":{"line":63,"column":9},"end":{"line":65,"column":5}}],"line":63},"4":{"loc":{"start":{"line":83,"column":8},"end":{"line":87,"column":9}},"type":"if","locations":[{"start":{"line":83,"column":8},"end":{"line":87,"column":9}},{"start":{"line":83,"column":8},"end":{"line":87,"column":9}}],"line":83},"5":{"loc":{"start":{"line":107,"column":8},"end":{"line":111,"column":9}},"type":"if","locations":[{"start":{"line":107,"column":8},"end":{"line":111,"column":9}},{"start":{"line":107,"column":8},"end":{"line":111,"column":9}}],"line":107}},"s":{"0":170,"1":170,"2":170,"3":118,"4":118,"5":118,"6":118,"7":118,"8":170,"9":14,"10":14,"11":14,"12":14,"13":16,"14":16,"15":14,"16":14,"17":14,"18":14,"19":0,"20":14,"21":14,"22":12,"23":12,"24":14,"25":6,"26":6,"27":6,"28":8,"29":0,"30":14,"31":14,"32":170,"33":15,"34":15,"35":15,"36":15,"37":15,"38":15,"39":15,"40":15,"41":0,"42":170,"43":2,"44":2,"45":2,"46":2,"47":2,"48":2,"49":2,"50":2,"51":2,"52":0,"53":170,"54":35,"55":35,"56":35,"57":35,"58":35},"f":{"0":118,"1":14,"2":15,"3":2,"4":35},"b":{"0":[14,2],"1":[0,14],"2":[6,8],"3":[0,8],"4":[15,0],"5":[2,0]},"_coverageSchema":"1a1c01bbd47fc00a2c39e90264f33305004495a9","hash":"9cb6b45717fe8d8f27171ee39ab70979f9d2d41a"}
,"C:\\Users\\kevin\\Desktop\\CS\\CSE110\\coverage\\source\\scripts\\task-list.js": {"path":"C:\\Users\\kevin\\Desktop\\CS\\CSE110\\coverage\\source\\scripts\\task-list.js","statementMap":{"0":{"start":{"line":13,"column":25},"end":{"line":13,"column":27}},"1":{"start":{"line":20,"column":19},"end":{"line":20,"column":26}},"2":{"start":{"line":27,"column":20},"end":{"line":27,"column":29}},"3":{"start":{"line":34,"column":31},"end":{"line":34,"column":40}},"4":{"start":{"line":41,"column":25},"end":{"line":41,"column":27}},"5":{"start":{"line":48,"column":18},"end":{"line":48,"column":20}},"6":{"start":{"line":50,"column":16},"end":{"line":50,"column":51}},"7":{"start":{"line":51,"column":18},"end":{"line":51,"column":50}},"8":{"start":{"line":54,"column":13},"end":{"line":54,"column":32}},"9":{"start":{"line":55,"column":12},"end":{"line":55,"column":45}},"10":{"start":{"line":57,"column":0},"end":{"line":64,"column":1}},"11":{"start":{"line":58,"column":21},"end":{"line":61,"column":15}},"12":{"start":{"line":62,"column":4},"end":{"line":62,"column":52}},"13":{"start":{"line":63,"column":4},"end":{"line":63,"column":46}},"14":{"start":{"line":67,"column":0},"end":{"line":72,"column":3}},"15":{"start":{"line":68,"column":4},"end":{"line":71,"column":5}},"16":{"start":{"line":68,"column":16},"end":{"line":68,"column":17}},"17":{"start":{"line":69,"column":21},"end":{"line":69,"column":34}},"18":{"start":{"line":70,"column":8},"end":{"line":70,"column":63}},"19":{"start":{"line":81,"column":27},"end":{"line":151,"column":1}},"20":{"start":{"line":84,"column":19},"end":{"line":84,"column":47}},"21":{"start":{"line":85,"column":4},"end":{"line":85,"column":47}},"22":{"start":{"line":88,"column":19},"end":{"line":88,"column":50}},"23":{"start":{"line":89,"column":4},"end":{"line":89,"column":31}},"24":{"start":{"line":90,"column":4},"end":{"line":90,"column":31}},"25":{"start":{"line":93,"column":20},"end":{"line":93,"column":51}},"26":{"start":{"line":94,"column":4},"end":{"line":94,"column":28}},"27":{"start":{"line":95,"column":4},"end":{"line":95,"column":33}},"28":{"start":{"line":96,"column":4},"end":{"line":96,"column":22}},"29":{"start":{"line":97,"column":4},"end":{"line":97,"column":28}},"30":{"start":{"line":98,"column":4},"end":{"line":98,"column":58}},"31":{"start":{"line":99,"column":4},"end":{"line":106,"column":5}},"32":{"start":{"line":100,"column":8},"end":{"line":100,"column":55}},"33":{"start":{"line":101,"column":8},"end":{"line":101,"column":56}},"34":{"start":{"line":104,"column":8},"end":{"line":104,"column":43}},"35":{"start":{"line":105,"column":8},"end":{"line":105,"column":48}},"36":{"start":{"line":109,"column":21},"end":{"line":109,"column":66}},"37":{"start":{"line":110,"column":4},"end":{"line":111,"column":44}},"38":{"start":{"line":111,"column":8},"end":{"line":111,"column":44}},"39":{"start":{"line":114,"column":22},"end":{"line":114,"column":51}},"40":{"start":{"line":115,"column":4},"end":{"line":115,"column":50}},"41":{"start":{"line":118,"column":25},"end":{"line":118,"column":56}},"42":{"start":{"line":119,"column":4},"end":{"line":119,"column":56}},"43":{"start":{"line":120,"column":4},"end":{"line":120,"column":34}},"44":{"start":{"line":121,"column":4},"end":{"line":121,"column":49}},"45":{"start":{"line":122,"column":4},"end":{"line":122,"column":71}},"46":{"start":{"line":123,"column":4},"end":{"line":123,"column":59}},"47":{"start":{"line":124,"column":4},"end":{"line":124,"column":60}},"48":{"start":{"line":127,"column":29},"end":{"line":127,"column":58}},"49":{"start":{"line":128,"column":4},"end":{"line":128,"column":65}},"50":{"start":{"line":131,"column":21},"end":{"line":131,"column":48}},"51":{"start":{"line":132,"column":4},"end":{"line":132,"column":50}},"52":{"start":{"line":133,"column":4},"end":{"line":133,"column":36}},"53":{"start":{"line":136,"column":20},"end":{"line":136,"column":47}},"54":{"start":{"line":137,"column":4},"end":{"line":137,"column":53}},"55":{"start":{"line":138,"column":4},"end":{"line":138,"column":34}},"56":{"start":{"line":140,"column":4},"end":{"line":140,"column":47}},"57":{"start":{"line":141,"column":4},"end":{"line":141,"column":46}},"58":{"start":{"line":143,"column":4},"end":{"line":143,"column":44}},"59":{"start":{"line":144,"column":4},"end":{"line":144,"column":48}},"60":{"start":{"line":146,"column":4},"end":{"line":146,"column":35}},"61":{"start":{"line":147,"column":4},"end":{"line":147,"column":36}},"62":{"start":{"line":148,"column":4},"end":{"line":148,"column":38}},"63":{"start":{"line":150,"column":4},"end":{"line":150,"column":20}},"64":{"start":{"line":160,"column":14},"end":{"line":172,"column":1}},"65":{"start":{"line":162,"column":4},"end":{"line":163,"column":21}},"66":{"start":{"line":163,"column":8},"end":{"line":163,"column":21}},"67":{"start":{"line":165,"column":19},"end":{"line":165,"column":62}},"68":{"start":{"line":167,"column":4},"end":{"line":167,"column":38}},"69":{"start":{"line":169,"column":4},"end":{"line":169,"column":29}},"70":{"start":{"line":171,"column":4},"end":{"line":171,"column":16}},"71":{"start":{"line":181,"column":17},"end":{"line":197,"column":1}},"72":{"start":{"line":183,"column":19},"end":{"line":183,"column":56}},"73":{"start":{"line":184,"column":13},"end":{"line":184,"column":32}},"74":{"start":{"line":187,"column":4},"end":{"line":187,"column":41}},"75":{"start":{"line":190,"column":4},"end":{"line":190,"column":29}},"76":{"start":{"line":193,"column":19},"end":{"line":193,"column":30}},"77":{"start":{"line":194,"column":4},"end":{"line":196,"column":5}},"78":{"start":{"line":194,"column":16},"end":{"line":194,"column":17}},"79":{"start":{"line":195,"column":8},"end":{"line":195,"column":39}},"80":{"start":{"line":202,"column":21},"end":{"line":238,"column":1}},"81":{"start":{"line":203,"column":19},"end":{"line":203,"column":56}},"82":{"start":{"line":204,"column":15},"end":{"line":204,"column":57}},"83":{"start":{"line":206,"column":4},"end":{"line":206,"column":46}},"84":{"start":{"line":209,"column":23},"end":{"line":209,"column":37}},"85":{"start":{"line":212,"column":4},"end":{"line":223,"column":5}},"86":{"start":{"line":213,"column":8},"end":{"line":213,"column":38}},"87":{"start":{"line":214,"column":8},"end":{"line":214,"column":33}},"88":{"start":{"line":215,"column":8},"end":{"line":215,"column":31}},"89":{"start":{"line":216,"column":8},"end":{"line":216,"column":37}},"90":{"start":{"line":219,"column":8},"end":{"line":219,"column":39}},"91":{"start":{"line":220,"column":8},"end":{"line":220,"column":34}},"92":{"start":{"line":221,"column":8},"end":{"line":221,"column":39}},"93":{"start":{"line":222,"column":8},"end":{"line":222,"column":29}},"94":{"start":{"line":226,"column":4},"end":{"line":237,"column":5}},"95":{"start":{"line":226,"column":17},"end":{"line":226,"column":18}},"96":{"start":{"line":227,"column":28},"end":{"line":227,"column":63}},"97":{"start":{"line":228,"column":25},"end":{"line":228,"column":60}},"98":{"start":{"line":229,"column":8},"end":{"line":236,"column":9}},"99":{"start":{"line":230,"column":12},"end":{"line":235,"column":13}},"100":{"start":{"line":231,"column":16},"end":{"line":231,"column":65}},"101":{"start":{"line":234,"column":16},"end":{"line":234,"column":53}},"102":{"start":{"line":244,"column":21},"end":{"line":350,"column":1}},"103":{"start":{"line":247,"column":19},"end":{"line":247,"column":69}},"104":{"start":{"line":248,"column":15},"end":{"line":248,"column":61}},"105":{"start":{"line":249,"column":25},"end":{"line":249,"column":70}},"106":{"start":{"line":250,"column":23},"end":{"line":250,"column":70}},"107":{"start":{"line":251,"column":27},"end":{"line":251,"column":74}},"108":{"start":{"line":255,"column":4},"end":{"line":258,"column":6}},"109":{"start":{"line":257,"column":8},"end":{"line":257,"column":54}},"110":{"start":{"line":261,"column":4},"end":{"line":264,"column":6}},"111":{"start":{"line":262,"column":8},"end":{"line":263,"column":50}},"112":{"start":{"line":263,"column":12},"end":{"line":263,"column":50}},"113":{"start":{"line":266,"column":4},"end":{"line":285,"column":6}},"114":{"start":{"line":269,"column":8},"end":{"line":274,"column":9}},"115":{"start":{"line":270,"column":12},"end":{"line":270,"column":47}},"116":{"start":{"line":273,"column":12},"end":{"line":273,"column":48}},"117":{"start":{"line":277,"column":8},"end":{"line":282,"column":9}},"118":{"start":{"line":278,"column":12},"end":{"line":278,"column":52}},"119":{"start":{"line":281,"column":12},"end":{"line":281,"column":51}},"120":{"start":{"line":284,"column":8},"end":{"line":284,"column":55}},"121":{"start":{"line":287,"column":4},"end":{"line":300,"column":6}},"122":{"start":{"line":288,"column":20},"end":{"line":288,"column":40}},"123":{"start":{"line":289,"column":8},"end":{"line":298,"column":9}},"124":{"start":{"line":289,"column":20},"end":{"line":289,"column":21}},"125":{"start":{"line":290,"column":23},"end":{"line":290,"column":31}},"126":{"start":{"line":291,"column":33},"end":{"line":291,"column":61}},"127":{"start":{"line":292,"column":34},"end":{"line":292,"column":62}},"128":{"start":{"line":293,"column":12},"end":{"line":297,"column":13}},"129":{"start":{"line":294,"column":16},"end":{"line":294,"column":46}},"130":{"start":{"line":295,"column":16},"end":{"line":295,"column":55}},"131":{"start":{"line":296,"column":16},"end":{"line":296,"column":54}},"132":{"start":{"line":302,"column":23},"end":{"line":302,"column":66}},"133":{"start":{"line":303,"column":27},"end":{"line":303,"column":74}},"134":{"start":{"line":305,"column":4},"end":{"line":305,"column":46}},"135":{"start":{"line":306,"column":4},"end":{"line":306,"column":38}},"136":{"start":{"line":308,"column":4},"end":{"line":326,"column":6}},"137":{"start":{"line":309,"column":8},"end":{"line":325,"column":9}},"138":{"start":{"line":310,"column":27},"end":{"line":310,"column":42}},"139":{"start":{"line":311,"column":21},"end":{"line":311,"column":40}},"140":{"start":{"line":314,"column":12},"end":{"line":314,"column":37}},"141":{"start":{"line":316,"column":12},"end":{"line":316,"column":49}},"142":{"start":{"line":318,"column":27},"end":{"line":318,"column":38}},"143":{"start":{"line":319,"column":12},"end":{"line":321,"column":13}},"144":{"start":{"line":319,"column":24},"end":{"line":319,"column":25}},"145":{"start":{"line":320,"column":16},"end":{"line":320,"column":47}},"146":{"start":{"line":324,"column":12},"end":{"line":324,"column":42}},"147":{"start":{"line":329,"column":4},"end":{"line":349,"column":6}},"148":{"start":{"line":330,"column":8},"end":{"line":348,"column":9}},"149":{"start":{"line":331,"column":12},"end":{"line":331,"column":55}},"150":{"start":{"line":332,"column":12},"end":{"line":332,"column":54}},"151":{"start":{"line":333,"column":12},"end":{"line":333,"column":38}},"152":{"start":{"line":336,"column":12},"end":{"line":336,"column":54}},"153":{"start":{"line":337,"column":12},"end":{"line":342,"column":13}},"154":{"start":{"line":338,"column":16},"end":{"line":338,"column":58}},"155":{"start":{"line":339,"column":16},"end":{"line":339,"column":43}},"156":{"start":{"line":340,"column":16},"end":{"line":340,"column":41}},"157":{"start":{"line":341,"column":16},"end":{"line":341,"column":47}},"158":{"start":{"line":345,"column":12},"end":{"line":345,"column":47}},"159":{"start":{"line":346,"column":12},"end":{"line":346,"column":42}},"160":{"start":{"line":347,"column":12},"end":{"line":347,"column":39}},"161":{"start":{"line":353,"column":0},"end":{"line":360,"column":3}},"162":{"start":{"line":354,"column":4},"end":{"line":359,"column":5}},"163":{"start":{"line":355,"column":8},"end":{"line":355,"column":50}},"164":{"start":{"line":356,"column":8},"end":{"line":357,"column":39}},"165":{"start":{"line":357,"column":12},"end":{"line":357,"column":39}},"166":{"start":{"line":358,"column":8},"end":{"line":358,"column":31}}},"fnMap":{"0":{"name":"(anonymous_0)","decl":{"start":{"line":67,"column":44},"end":{"line":67,"column":45}},"loc":{"start":{"line":67,"column":55},"end":{"line":72,"column":1}},"line":67},"1":{"name":"(anonymous_1)","decl":{"start":{"line":81,"column":27},"end":{"line":81,"column":28}},"loc":{"start":{"line":81,"column":61},"end":{"line":151,"column":1}},"line":81},"2":{"name":"(anonymous_2)","decl":{"start":{"line":160,"column":14},"end":{"line":160,"column":15}},"loc":{"start":{"line":160,"column":46},"end":{"line":172,"column":1}},"line":160},"3":{"name":"(anonymous_3)","decl":{"start":{"line":181,"column":17},"end":{"line":181,"column":18}},"loc":{"start":{"line":181,"column":28},"end":{"line":197,"column":1}},"line":181},"4":{"name":"(anonymous_4)","decl":{"start":{"line":202,"column":21},"end":{"line":202,"column":22}},"loc":{"start":{"line":202,"column":31},"end":{"line":238,"column":1}},"line":202},"5":{"name":"(anonymous_5)","decl":{"start":{"line":244,"column":21},"end":{"line":244,"column":22}},"loc":{"start":{"line":244,"column":44},"end":{"line":350,"column":1}},"line":244},"6":{"name":"(anonymous_6)","decl":{"start":{"line":255,"column":31},"end":{"line":255,"column":32}},"loc":{"start":{"line":255,"column":41},"end":{"line":258,"column":5}},"line":255},"7":{"name":"(anonymous_7)","decl":{"start":{"line":261,"column":30},"end":{"line":261,"column":31}},"loc":{"start":{"line":261,"column":40},"end":{"line":264,"column":5}},"line":261},"8":{"name":"(anonymous_8)","decl":{"start":{"line":266,"column":29},"end":{"line":266,"column":30}},"loc":{"start":{"line":266,"column":39},"end":{"line":285,"column":5}},"line":266},"9":{"name":"(anonymous_9)","decl":{"start":{"line":287,"column":21},"end":{"line":287,"column":22}},"loc":{"start":{"line":287,"column":33},"end":{"line":300,"column":5}},"line":287},"10":{"name":"(anonymous_10)","decl":{"start":{"line":308,"column":20},"end":{"line":308,"column":21}},"loc":{"start":{"line":308,"column":32},"end":{"line":326,"column":5}},"line":308},"11":{"name":"(anonymous_11)","decl":{"start":{"line":329,"column":24},"end":{"line":329,"column":25}},"loc":{"start":{"line":329,"column":30},"end":{"line":349,"column":5}},"line":329},"12":{"name":"(anonymous_12)","decl":{"start":{"line":353,"column":36},"end":{"line":353,"column":37}},"loc":{"start":{"line":353,"column":47},"end":{"line":360,"column":1}},"line":353}},"branchMap":{"0":{"loc":{"start":{"line":57,"column":0},"end":{"line":64,"column":1}},"type":"if","locations":[{"start":{"line":57,"column":0},"end":{"line":64,"column":1}},{"start":{"line":57,"column":0},"end":{"line":64,"column":1}}],"line":57},"1":{"loc":{"start":{"line":99,"column":4},"end":{"line":106,"column":5}},"type":"if","locations":[{"start":{"line":99,"column":4},"end":{"line":106,"column":5}},{"start":{"line":99,"column":4},"end":{"line":106,"column":5}}],"line":99},"2":{"loc":{"start":{"line":110,"column":4},"end":{"line":111,"column":44}},"type":"if","locations":[{"start":{"line":110,"column":4},"end":{"line":111,"column":44}},{"start":{"line":110,"column":4},"end":{"line":111,"column":44}}],"line":110},"3":{"loc":{"start":{"line":162,"column":4},"end":{"line":163,"column":21}},"type":"if","locations":[{"start":{"line":162,"column":4},"end":{"line":163,"column":21}},{"start":{"line":162,"column":4},"end":{"line":163,"column":21}}],"line":162},"4":{"loc":{"start":{"line":212,"column":4},"end":{"line":223,"column":5}},"type":"if","locations":[{"start":{"line":212,"column":4},"end":{"line":223,"column":5}},{"start":{"line":212,"column":4},"end":{"line":223,"column":5}}],"line":212},"5":{"loc":{"start":{"line":229,"column":8},"end":{"line":236,"column":9}},"type":"if","locations":[{"start":{"line":229,"column":8},"end":{"line":236,"column":9}},{"start":{"line":229,"column":8},"end":{"line":236,"column":9}}],"line":229},"6":{"loc":{"start":{"line":230,"column":12},"end":{"line":235,"column":13}},"type":"if","locations":[{"start":{"line":230,"column":12},"end":{"line":235,"column":13}},{"start":{"line":230,"column":12},"end":{"line":235,"column":13}}],"line":230},"7":{"loc":{"start":{"line":262,"column":8},"end":{"line":263,"column":50}},"type":"if","locations":[{"start":{"line":262,"column":8},"end":{"line":263,"column":50}},{"start":{"line":262,"column":8},"end":{"line":263,"column":50}}],"line":262},"8":{"loc":{"start":{"line":269,"column":8},"end":{"line":274,"column":9}},"type":"if","locations":[{"start":{"line":269,"column":8},"end":{"line":274,"column":9}},{"start":{"line":269,"column":8},"end":{"line":274,"column":9}}],"line":269},"9":{"loc":{"start":{"line":277,"column":8},"end":{"line":282,"column":9}},"type":"if","locations":[{"start":{"line":277,"column":8},"end":{"line":282,"column":9}},{"start":{"line":277,"column":8},"end":{"line":282,"column":9}}],"line":277},"10":{"loc":{"start":{"line":293,"column":12},"end":{"line":297,"column":13}},"type":"if","locations":[{"start":{"line":293,"column":12},"end":{"line":297,"column":13}},{"start":{"line":293,"column":12},"end":{"line":297,"column":13}}],"line":293},"11":{"loc":{"start":{"line":293,"column":15},"end":{"line":293,"column":69}},"type":"binary-expr","locations":[{"start":{"line":293,"column":15},"end":{"line":293,"column":44}},{"start":{"line":293,"column":48},"end":{"line":293,"column":69}}],"line":293},"12":{"loc":{"start":{"line":309,"column":8},"end":{"line":325,"column":9}},"type":"if","locations":[{"start":{"line":309,"column":8},"end":{"line":325,"column":9}},{"start":{"line":309,"column":8},"end":{"line":325,"column":9}}],"line":309},"13":{"loc":{"start":{"line":330,"column":8},"end":{"line":348,"column":9}},"type":"if","locations":[{"start":{"line":330,"column":8},"end":{"line":348,"column":9}},{"start":{"line":330,"column":8},"end":{"line":348,"column":9}}],"line":330},"14":{"loc":{"start":{"line":337,"column":12},"end":{"line":342,"column":13}},"type":"if","locations":[{"start":{"line":337,"column":12},"end":{"line":342,"column":13}},{"start":{"line":337,"column":12},"end":{"line":342,"column":13}}],"line":337},"15":{"loc":{"start":{"line":354,"column":4},"end":{"line":359,"column":5}},"type":"if","locations":[{"start":{"line":354,"column":4},"end":{"line":359,"column":5}},{"start":{"line":354,"column":4},"end":{"line":359,"column":5}}],"line":354},"16":{"loc":{"start":{"line":356,"column":8},"end":{"line":357,"column":39}},"type":"if","locations":[{"start":{"line":356,"column":8},"end":{"line":357,"column":39}},{"start":{"line":356,"column":8},"end":{"line":357,"column":39}}],"line":356},"17":{"loc":{"start":{"line":356,"column":11},"end":{"line":356,"column":99}},"type":"binary-expr","locations":[{"start":{"line":356,"column":11},"end":{"line":356,"column":45}},{"start":{"line":356,"column":49},"end":{"line":356,"column":99}}],"line":356}},"s":{"0":170,"1":170,"2":170,"3":170,"4":170,"5":170,"6":170,"7":170,"8":170,"9":170,"10":170,"11":167,"12":167,"13":167,"14":170,"15":170,"16":170,"17":3,"18":3,"19":170,"20":121,"21":121,"22":121,"23":121,"24":121,"25":121,"26":121,"27":121,"28":121,"29":121,"30":121,"31":121,"32":2,"33":2,"34":119,"35":119,"36":121,"37":121,"38":1,"39":121,"40":121,"41":121,"42":121,"43":121,"44":121,"45":121,"46":121,"47":121,"48":121,"49":121,"50":121,"51":121,"52":121,"53":121,"54":121,"55":121,"56":121,"57":121,"58":121,"59":121,"60":121,"61":121,"62":121,"63":121,"64":170,"65":123,"66":2,"67":121,"68":121,"69":121,"70":121,"71":170,"72":12,"73":12,"74":12,"75":12,"76":12,"77":12,"78":12,"79":8,"80":170,"81":33,"82":33,"83":33,"84":33,"85":33,"86":6,"87":6,"88":6,"89":6,"90":27,"91":27,"92":27,"93":27,"94":33,"95":33,"96":45,"97":45,"98":45,"99":18,"100":2,"101":16,"102":170,"103":121,"104":121,"105":121,"106":121,"107":121,"108":121,"109":127,"110":121,"111":87,"112":79,"113":121,"114":12,"115":2,"116":10,"117":12,"118":10,"119":2,"120":12,"121":121,"122":179,"123":179,"124":179,"125":227,"126":227,"127":227,"128":227,"129":6,"130":6,"131":6,"132":121,"133":121,"134":121,"135":121,"136":121,"137":4,"138":2,"139":2,"140":2,"141":2,"142":2,"143":2,"144":2,"145":4,"146":2,"147":121,"148":15,"149":13,"150":13,"151":13,"152":13,"153":13,"154":2,"155":2,"156":2,"157":2,"158":2,"159":2,"160":2,"161":170,"162":1148,"163":126,"164":126,"165":118,"166":126},"f":{"0":170,"1":121,"2":123,"3":12,"4":33,"5":121,"6":127,"7":87,"8":12,"9":179,"10":4,"11":15,"12":1148},"b":{"0":[167,3],"1":[2,119],"2":[1,120],"3":[2,121],"4":[6,27],"5":[18,27],"6":[2,16],"7":[79,8],"8":[2,10],"9":[10,2],"10":[6,221],"11":[227,215],"12":[2,2],"13":[13,2],"14":[2,11],"15":[126,1022],"16":[118,8],"17":[126,120]},"_coverageSchema":"1a1c01bbd47fc00a2c39e90264f33305004495a9","hash":"2ca5f8743841d74c859fdc397a68f5617496a60d"}
}
