TN:
SF:source\app.js
FN:18,(anonymous_0)
FN:29,(anonymous_1)
FN:35,(anonymous_2)
FN:59,(anonymous_3)
FN:65,(anonymous_4)
FN:72,(anonymous_5)
FN:90,(anonymous_6)
FN:91,(anonymous_7)
FN:105,(anonymous_8)
FN:125,(anonymous_9)
FNF:10
FNH:10
FNDA:172,(anonymous_0)
FNDA:1376,(anonymous_1)
FNDA:216,(anonymous_2)
FNDA:103,(anonymous_3)
FNDA:44,(anonymous_4)
FNDA:113,(anonymous_5)
FNDA:113,(anonymous_6)
FNDA:316,(anonymous_7)
FNDA:4,(anonymous_8)
FNDA:18,(anonymous_9)
DA:10,172
DA:11,172
DA:12,172
DA:13,172
DA:14,172
DA:15,172
DA:18,172
DA:19,172
DA:23,172
DA:24,172
DA:25,172
DA:26,172
DA:28,172
DA:29,172
DA:30,1376
DA:35,172
DA:37,216
DA:38,121
DA:39,121
DA:40,91
DA:41,91
DA:42,30
DA:43,12
DA:44,12
DA:47,95
DA:48,91
DA:49,91
DA:51,4
DA:52,4
DA:53,4
DA:59,172
DA:60,103
DA:61,103
DA:65,172
DA:66,44
DA:67,44
DA:68,44
DA:72,172
DA:73,113
DA:74,22
DA:76,22
DA:77,4
DA:80,18
DA:83,91
DA:90,172
DA:91,113
DA:92,316
DA:93,316
DA:94,72
DA:97,113
DA:98,113
DA:105,172
DA:106,4
DA:107,4
DA:108,4
DA:109,4
DA:110,4
DA:112,4
DA:113,4
DA:114,4
DA:115,4
DA:116,4
DA:117,4
DA:125,172
DA:126,18
DA:127,18
DA:128,18
DA:129,18
DA:130,18
DA:131,18
DA:133,18
DA:134,18
DA:135,18
DA:136,18
DA:137,18
DA:138,18
LF:76
LH:76
BRDA:37,0,0,121
BRDA:37,0,1,95
BRDA:39,1,0,91
BRDA:39,1,1,30
BRDA:39,2,0,121
BRDA:39,2,1,103
BRDA:42,3,0,12
BRDA:42,3,1,18
BRDA:42,4,0,30
BRDA:42,4,1,12
BRDA:42,4,2,4
BRDA:47,5,0,91
BRDA:47,5,1,4
BRDA:73,6,0,22
BRDA:73,6,1,91
BRDA:74,7,0,4
BRDA:74,7,1,18
BRDA:74,8,0,4
BRDA:74,8,1,14
BRDA:76,9,0,4
BRDA:76,9,1,18
BRDA:93,10,0,72
BRDA:93,10,1,244
BRF:23
BRH:23
end_of_record
TN:
SF:source\components\setting-content.js
FN:9,(anonymous_0)
FNF:1
FNH:1
FNDA:172,(anonymous_0)
DA:10,172
DA:11,172
DA:14,172
DA:15,172
DA:16,172
DA:17,172
DA:18,172
DA:21,172
DA:22,172
DA:23,172
DA:24,172
DA:25,172
DA:26,172
DA:27,172
DA:30,172
DA:71,172
DA:74,172
DA:117,172
DA:121,172
LF:19
LH:19
BRDA:14,0,0,172
BRDA:14,0,1,169
BRDA:15,1,0,172
BRDA:15,1,1,169
BRDA:16,2,0,172
BRDA:16,2,1,169
BRDA:17,3,0,172
BRDA:17,3,1,169
BRDA:18,4,0,172
BRDA:18,4,1,169
BRF:10
BRH:10
end_of_record
TN:
SF:source\scripts\clock.js
FN:24,displayBreakContent
FN:46,displayFocusContent
FN:77,startTimer
FN:95,(anonymous_3)
FN:114,stopTimer
FN:168,secondsToString
FN:188,updateTimerSettings
FN:212,startStopTimer
FNF:8
FNH:8
FNDA:180,displayBreakContent
FNDA:381,displayFocusContent
FNDA:403,startTimer
FNDA:299351,(anonymous_3)
FNDA:316,stopTimer
FNDA:299879,secondsToString
FNDA:218,updateTimerSettings
FNDA:113,startStopTimer
DA:10,172
DA:13,172
DA:14,172
DA:17,172
DA:25,180
DA:26,180
DA:27,180
DA:28,180
DA:29,180
DA:30,180
DA:31,180
DA:33,180
DA:34,180
DA:35,180
DA:36,180
DA:37,180
DA:38,180
DA:39,180
DA:48,381
DA:49,381
DA:50,381
DA:51,381
DA:52,381
DA:53,381
DA:54,381
DA:56,381
DA:57,329
DA:59,52
DA:62,381
DA:63,381
DA:64,381
DA:65,381
DA:66,381
DA:67,381
DA:78,403
DA:79,403
DA:81,403
DA:82,403
DA:84,403
DA:85,227
DA:86,227
DA:87,227
DA:88,227
DA:89,227
DA:90,227
DA:93,403
DA:94,403
DA:95,403
DA:97,299351
DA:99,299351
DA:100,294
DA:101,294
DA:116,316
DA:117,316
DA:118,316
DA:121,316
DA:122,180
DA:123,180
DA:124,180
DA:128,136
DA:132,316
DA:134,316
DA:135,316
DA:136,22
DA:137,4
DA:140,18
DA:141,18
DA:144,294
DA:148,294
DA:151,176
DA:152,176
DA:153,176
DA:154,176
DA:159,316
DA:160,316
DA:161,316
DA:162,316
DA:163,18
DA:171,299879
DA:172,299879
DA:174,299879
DA:175,299879
DA:177,299879
DA:190,218
DA:191,218
DA:192,872
DA:193,872
DA:194,654
DA:196,218
DA:200,218
DA:201,212
DA:204,218
DA:213,113
DA:214,91
DA:215,91
DA:217,22
DA:218,22
DA:219,22
LF:98
LH:98
BRDA:56,0,0,329
BRDA:56,0,1,52
BRDA:81,1,0,24
BRDA:81,1,1,379
BRDA:81,2,0,227
BRDA:81,2,1,152
BRDA:84,3,0,227
BRDA:84,3,1,176
BRDA:99,4,0,294
BRDA:99,4,1,299057
BRDA:116,5,0,14
BRDA:116,5,1,302
BRDA:116,6,0,180
BRDA:116,6,1,122
BRDA:121,7,0,180
BRDA:121,7,1,136
BRDA:135,8,0,22
BRDA:135,8,1,294
BRDA:136,9,0,4
BRDA:136,9,1,18
BRDA:140,10,0,4
BRDA:140,10,1,14
BRDA:144,11,0,10
BRDA:144,11,1,284
BRDA:148,12,0,176
BRDA:148,12,1,118
BRDA:162,13,0,18
BRDA:162,13,1,298
BRDA:174,14,0,149014
BRDA:174,14,1,150865
BRDA:175,15,0,50388
BRDA:175,15,1,249491
BRDA:193,16,0,654
BRDA:193,16,1,218
BRDA:200,17,0,212
BRDA:200,17,1,6
BRDA:213,18,0,91
BRDA:213,18,1,22
BRF:38
BRH:38
end_of_record
TN:
SF:source\scripts\handle-icons.js
FN:15,(anonymous_0)
FN:40,displayOnboardingMenu
FN:52,closeOnboardingMenu
FNF:3
FNH:3
FNDA:70,(anonymous_0)
FNDA:4,displayOnboardingMenu
FNDA:2,closeOnboardingMenu
DA:6,172
DA:7,172
DA:8,172
DA:9,172
DA:10,172
DA:15,172
DA:16,70
DA:17,70
DA:18,70
DA:19,70
DA:20,70
DA:22,70
DA:23,68
DA:24,68
DA:25,68
DA:26,68
DA:27,68
DA:29,2
DA:30,2
DA:31,2
DA:32,2
DA:33,2
DA:41,4
DA:42,4
DA:43,4
DA:44,4
DA:45,4
DA:46,4
DA:53,2
DA:54,2
DA:55,2
DA:56,2
DA:57,2
DA:58,2
LF:34
LH:34
BRDA:22,0,0,68
BRDA:22,0,1,2
BRF:2
BRH:2
end_of_record
TN:
SF:source\scripts\setting-script.js
FN:20,(anonymous_0)
FN:27,(anonymous_1)
FN:33,(anonymous_2)
FN:54,(anonymous_3)
FN:63,(anonymous_4)
FN:84,(anonymous_5)
FN:93,(anonymous_6)
FN:114,(anonymous_7)
FNF:8
FNH:8
FNDA:2,(anonymous_0)
FNDA:2,(anonymous_1)
FNDA:44,(anonymous_2)
FNDA:4,(anonymous_3)
FNDA:32,(anonymous_4)
FNDA:4,(anonymous_5)
FNDA:28,(anonymous_6)
FNDA:4,(anonymous_7)
DA:5,172
DA:6,172
DA:7,172
DA:8,172
DA:9,172
DA:10,172
DA:11,172
DA:12,172
DA:13,172
DA:14,172
DA:15,172
DA:16,172
DA:17,172
DA:20,172
DA:21,2
DA:22,2
DA:23,2
DA:27,172
DA:28,2
DA:29,2
DA:33,172
DA:34,44
DA:35,16
DA:36,16
DA:37,28
DA:38,6
DA:39,6
DA:41,22
DA:42,22
DA:43,22
DA:44,22
DA:54,172
DA:55,4
DA:56,2
DA:57,2
DA:58,2
DA:63,172
DA:64,32
DA:65,8
DA:66,8
DA:67,24
DA:68,10
DA:69,10
DA:71,14
DA:72,14
DA:73,14
DA:74,14
DA:84,172
DA:85,4
DA:86,2
DA:87,2
DA:88,2
DA:93,172
DA:94,28
DA:95,8
DA:96,8
DA:97,20
DA:98,10
DA:99,10
DA:101,10
DA:102,10
DA:103,10
DA:104,10
DA:114,172
DA:115,4
DA:116,2
DA:117,2
DA:118,2
LF:68
LH:68
BRDA:34,0,0,16
BRDA:34,0,1,28
BRDA:37,1,0,6
BRDA:37,1,1,22
BRDA:55,2,0,2
BRDA:55,2,1,2
BRDA:64,3,0,8
BRDA:64,3,1,24
BRDA:67,4,0,10
BRDA:67,4,1,14
BRDA:85,5,0,2
BRDA:85,5,1,2
BRDA:94,6,0,8
BRDA:94,6,1,20
BRDA:97,7,0,10
BRDA:97,7,1,10
BRDA:115,8,0,2
BRDA:115,8,1,2
BRF:18
BRH:18
end_of_record
TN:
SF:source\scripts\task-list-local-storage.js
FN:15,(anonymous_0)
FN:34,(anonymous_1)
FN:76,(anonymous_2)
FN:97,(anonymous_3)
FN:118,(anonymous_4)
FNF:5
FNH:5
FNDA:120,(anonymous_0)
FNDA:14,(anonymous_1)
FNDA:15,(anonymous_2)
FNDA:4,(anonymous_3)
FNDA:39,(anonymous_4)
DA:7,172
DA:8,172
DA:15,172
DA:16,120
DA:18,120
DA:24,120
DA:25,120
DA:26,120
DA:34,172
DA:35,14
DA:36,14
DA:39,14
DA:40,16
DA:41,16
DA:42,14
DA:43,14
DA:44,14
DA:48,14
DA:49,0
DA:52,14
DA:53,12
DA:54,12
DA:58,14
DA:59,6
DA:60,6
DA:61,6
DA:62,8
DA:63,0
DA:66,14
DA:67,14
DA:76,172
DA:77,15
DA:80,15
DA:81,15
DA:82,15
DA:83,15
DA:84,15
DA:85,15
DA:88,0
DA:97,172
DA:98,4
DA:100,4
DA:103,4
DA:104,4
DA:105,4
DA:106,4
DA:107,4
DA:108,4
DA:111,0
DA:118,172
DA:119,39
DA:120,39
DA:122,39
DA:123,39
DA:126,39
LF:55
LH:51
BRDA:41,0,0,14
BRDA:41,0,1,2
BRDA:48,1,0,0
BRDA:48,1,1,14
BRDA:58,2,0,6
BRDA:58,2,1,8
BRDA:62,3,0,0
BRDA:62,3,1,8
BRDA:82,4,0,15
BRDA:82,4,1,0
BRDA:105,5,0,4
BRDA:105,5,1,0
BRF:12
BRH:8
end_of_record
TN:
SF:source\scripts\task-list.js
FN:67,(anonymous_0)
FN:81,(anonymous_1)
FN:159,(anonymous_2)
FN:180,(anonymous_3)
FN:201,(anonymous_4)
FN:241,(anonymous_5)
FN:252,(anonymous_6)
FN:258,(anonymous_7)
FN:263,(anonymous_8)
FN:282,(anonymous_9)
FN:302,(anonymous_10)
FN:326,(anonymous_11)
FN:349,(anonymous_12)
FNF:13
FNH:13
FNDA:172,(anonymous_0)
FNDA:123,(anonymous_1)
FNDA:125,(anonymous_2)
FNDA:12,(anonymous_3)
FNDA:35,(anonymous_4)
FNDA:123,(anonymous_5)
FNDA:133,(anonymous_6)
FNDA:91,(anonymous_7)
FNDA:12,(anonymous_8)
FNDA:185,(anonymous_9)
FNDA:6,(anonymous_10)
FNDA:15,(anonymous_11)
FNDA:1162,(anonymous_12)
DA:13,172
DA:20,172
DA:27,172
DA:34,172
DA:41,172
DA:48,172
DA:50,172
DA:51,172
DA:54,172
DA:55,172
DA:57,172
DA:58,169
DA:62,169
DA:63,169
DA:67,172
DA:68,172
DA:69,3
DA:70,3
DA:81,172
DA:84,123
DA:85,123
DA:88,123
DA:89,123
DA:90,123
DA:93,123
DA:94,123
DA:95,123
DA:96,123
DA:97,123
DA:98,123
DA:99,123
DA:100,2
DA:101,2
DA:103,121
DA:104,121
DA:108,123
DA:109,123
DA:110,1
DA:113,123
DA:114,123
DA:117,123
DA:118,123
DA:119,123
DA:120,123
DA:121,123
DA:122,123
DA:123,123
DA:126,123
DA:127,123
DA:130,123
DA:131,123
DA:132,123
DA:135,123
DA:136,123
DA:137,123
DA:139,123
DA:140,123
DA:142,123
DA:143,123
DA:145,123
DA:146,123
DA:147,123
DA:149,123
DA:159,172
DA:161,125
DA:162,2
DA:164,123
DA:166,123
DA:168,123
DA:170,123
DA:180,172
DA:182,12
DA:183,12
DA:186,12
DA:189,12
DA:192,12
DA:193,12
DA:194,8
DA:201,172
DA:202,35
DA:203,35
DA:205,35
DA:208,35
DA:211,35
DA:212,6
DA:213,6
DA:214,6
DA:215,6
DA:217,29
DA:218,29
DA:219,29
DA:220,29
DA:224,35
DA:225,47
DA:226,47
DA:227,47
DA:228,18
DA:229,2
DA:231,16
DA:241,172
DA:244,123
DA:245,123
DA:246,123
DA:247,123
DA:248,123
DA:252,123
DA:254,133
DA:258,123
DA:259,91
DA:260,83
DA:263,123
DA:266,12
DA:267,2
DA:269,10
DA:273,12
DA:274,10
DA:276,2
DA:279,12
DA:282,123
DA:283,185
DA:284,185
DA:285,233
DA:286,233
DA:287,233
DA:288,233
DA:289,6
DA:290,6
DA:291,6
DA:296,123
DA:297,123
DA:299,123
DA:300,123
DA:302,123
DA:303,6
DA:304,2
DA:305,2
DA:308,2
DA:310,2
DA:312,2
DA:313,2
DA:314,4
DA:317,4
DA:318,4
DA:319,4
DA:320,2
DA:326,123
DA:327,15
DA:328,13
DA:329,13
DA:330,13
DA:333,13
DA:334,13
DA:335,2
DA:336,2
DA:337,2
DA:338,2
DA:341,2
DA:342,2
DA:343,2
DA:349,172
DA:350,1162
DA:351,128
DA:352,128
DA:353,120
DA:354,128
LF:165
LH:165
BRDA:57,0,0,169
BRDA:57,0,1,3
BRDA:99,1,0,2
BRDA:99,1,1,121
BRDA:109,2,0,1
BRDA:109,2,1,122
BRDA:161,3,0,2
BRDA:161,3,1,123
BRDA:211,4,0,6
BRDA:211,4,1,29
BRDA:227,5,0,18
BRDA:227,5,1,29
BRDA:228,6,0,2
BRDA:228,6,1,16
BRDA:259,7,0,83
BRDA:259,7,1,8
BRDA:266,8,0,2
BRDA:266,8,1,10
BRDA:273,9,0,10
BRDA:273,9,1,2
BRDA:288,10,0,6
BRDA:288,10,1,227
BRDA:288,11,0,233
BRDA:288,11,1,221
BRDA:303,12,0,2
BRDA:303,12,1,4
BRDA:319,13,0,2
BRDA:319,13,1,2
BRDA:327,14,0,13
BRDA:327,14,1,2
BRDA:334,15,0,2
BRDA:334,15,1,11
BRDA:350,16,0,128
BRDA:350,16,1,1034
BRDA:352,17,0,120
BRDA:352,17,1,8
BRDA:352,18,0,128
BRDA:352,18,1,122
BRF:38
BRH:38
end_of_record
