TN:
SF:source\app.js
FN:18,(anonymous_0)
FN:29,(anonymous_1)
FN:35,(anonymous_2)
FN:59,(anonymous_3)
FN:65,(anonymous_4)
FN:72,(anonymous_5)
FN:90,changeScreen
FN:91,(anonymous_7)
FN:105,displayAskResetFocus
FN:124,displayAskResetBreak
FNF:10
FNH:10
FNDA:170,(anonymous_0)
FNDA:1360,(anonymous_1)
FNDA:216,(anonymous_2)
FNDA:103,(anonymous_3)
FNDA:44,(anonymous_4)
FNDA:113,(anonymous_5)
FNDA:113,changeScreen
FNDA:316,(anonymous_7)
FNDA:4,displayAskResetFocus
FNDA:18,displayAskResetBreak
DA:10,170
DA:11,170
DA:12,170
DA:13,170
DA:14,170
DA:15,170
DA:18,170
DA:19,170
DA:23,170
DA:24,170
DA:25,170
DA:26,170
DA:28,170
DA:29,170
DA:30,1360
DA:35,170
DA:37,216
DA:38,121
DA:39,121
DA:40,91
DA:41,91
DA:42,30
DA:43,12
DA:44,12
DA:47,95
DA:48,91
DA:49,91
DA:51,4
DA:52,4
DA:53,4
DA:59,170
DA:60,103
DA:61,103
DA:65,170
DA:66,44
DA:67,44
DA:68,44
DA:72,170
DA:73,113
DA:74,22
DA:76,22
DA:77,4
DA:80,18
DA:83,91
DA:91,113
DA:92,316
DA:93,316
DA:94,72
DA:97,113
DA:98,113
DA:106,4
DA:107,4
DA:108,4
DA:109,4
DA:110,4
DA:111,4
DA:112,4
DA:113,4
DA:114,4
DA:115,4
DA:116,4
DA:125,18
DA:126,18
DA:127,18
DA:128,18
DA:129,18
DA:130,18
DA:131,18
DA:132,18
DA:133,18
DA:134,18
DA:135,18
DA:136,18
LF:73
LH:73
BRDA:37,0,0,121
BRDA:37,0,1,95
BRDA:39,1,0,91
BRDA:39,1,1,30
BRDA:39,2,0,121
BRDA:39,2,1,103
BRDA:42,3,0,12
BRDA:42,3,1,18
BRDA:42,4,0,30
BRDA:42,4,1,12
BRDA:42,4,2,4
BRDA:47,5,0,91
BRDA:47,5,1,4
BRDA:73,6,0,22
BRDA:73,6,1,91
BRDA:74,7,0,4
BRDA:74,7,1,18
BRDA:74,8,0,4
BRDA:74,8,1,14
BRDA:76,9,0,4
BRDA:76,9,1,18
BRDA:93,10,0,72
BRDA:93,10,1,244
BRF:23
BRH:23
end_of_record
TN:
SF:source\components\setting-content.js
FN:9,(anonymous_0)
FNF:1
FNH:1
FNDA:170,(anonymous_0)
DA:10,170
DA:11,170
DA:14,170
DA:15,170
DA:16,170
DA:17,170
DA:18,170
DA:21,170
DA:22,170
DA:23,170
DA:24,170
DA:25,170
DA:26,170
DA:27,170
DA:30,170
DA:71,170
DA:74,170
DA:117,170
DA:121,170
LF:19
LH:19
BRDA:14,0,0,170
BRDA:14,0,1,167
BRDA:15,1,0,170
BRDA:15,1,1,167
BRDA:16,2,0,170
BRDA:16,2,1,167
BRDA:17,3,0,170
BRDA:17,3,1,167
BRDA:18,4,0,170
BRDA:18,4,1,167
BRF:10
BRH:10
end_of_record
TN:
SF:source\scripts\clock.js
FN:24,displayBreakContent
FN:46,displayFocusContent
FN:76,startTimer
FN:93,(anonymous_3)
FN:112,stopTimer
FN:166,secondsToString
FN:186,updateTimerSettings
FN:209,startStopTimer
FNF:8
FNH:8
FNDA:180,displayBreakContent
FNDA:381,displayFocusContent
FNDA:403,startTimer
FNDA:299351,(anonymous_3)
FNDA:316,stopTimer
FNDA:299877,secondsToString
FNDA:216,updateTimerSettings
FNDA:113,startStopTimer
DA:10,170
DA:13,170
DA:14,170
DA:17,170
DA:25,180
DA:26,180
DA:27,180
DA:28,180
DA:29,180
DA:30,180
DA:31,180
DA:32,180
DA:33,180
DA:34,180
DA:35,180
DA:36,180
DA:38,180
DA:39,180
DA:48,381
DA:49,381
DA:50,329
DA:52,52
DA:55,381
DA:56,381
DA:57,381
DA:58,381
DA:59,381
DA:60,381
DA:61,381
DA:62,381
DA:63,381
DA:64,381
DA:65,381
DA:66,381
DA:77,403
DA:78,403
DA:80,403
DA:81,403
DA:83,403
DA:84,227
DA:85,227
DA:86,227
DA:87,227
DA:88,227
DA:91,403
DA:92,403
DA:93,403
DA:95,299351
DA:97,299351
DA:98,294
DA:99,294
DA:114,316
DA:115,316
DA:116,316
DA:119,316
DA:120,180
DA:121,180
DA:122,180
DA:126,136
DA:130,316
DA:132,316
DA:133,316
DA:134,22
DA:135,4
DA:138,18
DA:139,18
DA:142,294
DA:146,294
DA:149,176
DA:150,176
DA:151,176
DA:152,176
DA:157,316
DA:158,316
DA:159,316
DA:160,316
DA:161,18
DA:169,299877
DA:170,299877
DA:172,299877
DA:173,299877
DA:175,299877
DA:188,216
DA:189,216
DA:190,864
DA:191,864
DA:192,648
DA:194,216
DA:197,216
DA:198,210
DA:201,216
DA:210,113
DA:211,91
DA:212,91
DA:215,22
DA:216,22
DA:217,22
LF:97
LH:97
BRDA:49,0,0,329
BRDA:49,0,1,52
BRDA:80,1,0,24
BRDA:80,1,1,379
BRDA:80,2,0,227
BRDA:80,2,1,152
BRDA:83,3,0,227
BRDA:83,3,1,176
BRDA:97,4,0,294
BRDA:97,4,1,299057
BRDA:114,5,0,14
BRDA:114,5,1,302
BRDA:114,6,0,180
BRDA:114,6,1,122
BRDA:119,7,0,180
BRDA:119,7,1,136
BRDA:133,8,0,22
BRDA:133,8,1,294
BRDA:134,9,0,4
BRDA:134,9,1,18
BRDA:138,10,0,4
BRDA:138,10,1,14
BRDA:142,11,0,10
BRDA:142,11,1,284
BRDA:146,12,0,176
BRDA:146,12,1,118
BRDA:160,13,0,18
BRDA:160,13,1,298
BRDA:172,14,0,149014
BRDA:172,14,1,150863
BRDA:173,15,0,50386
BRDA:173,15,1,249491
BRDA:191,16,0,648
BRDA:191,16,1,216
BRDA:197,17,0,210
BRDA:197,17,1,6
BRDA:210,18,0,91
BRDA:210,18,1,22
BRF:38
BRH:38
end_of_record
TN:
SF:source\scripts\handle-icons.js
FN:15,(anonymous_0)
FN:41,displayOnboardingMenu
FN:53,closeOnboardingMenu
FNF:3
FNH:3
FNDA:70,(anonymous_0)
FNDA:4,displayOnboardingMenu
FNDA:2,closeOnboardingMenu
DA:6,170
DA:7,170
DA:8,170
DA:9,170
DA:10,170
DA:15,170
DA:16,70
DA:17,70
DA:18,70
DA:19,70
DA:20,70
DA:22,70
DA:23,68
DA:24,68
DA:25,68
DA:26,68
DA:27,68
DA:30,2
DA:31,2
DA:32,2
DA:33,2
DA:34,2
DA:42,4
DA:43,4
DA:44,4
DA:45,4
DA:46,4
DA:47,4
DA:54,2
DA:55,2
DA:56,2
DA:57,2
DA:58,2
DA:59,2
LF:34
LH:34
BRDA:22,0,0,68
BRDA:22,0,1,2
BRF:2
BRH:2
end_of_record
TN:
SF:source\scripts\setting-script.js
FN:20,(anonymous_0)
FN:27,(anonymous_1)
FN:33,(anonymous_2)
FN:56,(anonymous_3)
FN:65,(anonymous_4)
FN:88,(anonymous_5)
FN:97,(anonymous_6)
FN:120,(anonymous_7)
FNF:8
FNH:8
FNDA:2,(anonymous_0)
FNDA:2,(anonymous_1)
FNDA:44,(anonymous_2)
FNDA:4,(anonymous_3)
FNDA:32,(anonymous_4)
FNDA:4,(anonymous_5)
FNDA:28,(anonymous_6)
FNDA:4,(anonymous_7)
DA:5,170
DA:6,170
DA:7,170
DA:8,170
DA:9,170
DA:10,170
DA:11,170
DA:12,170
DA:13,170
DA:14,170
DA:15,170
DA:16,170
DA:17,170
DA:20,170
DA:21,2
DA:22,2
DA:23,2
DA:27,170
DA:28,2
DA:29,2
DA:33,170
DA:34,44
DA:35,16
DA:36,16
DA:38,28
DA:39,6
DA:40,6
DA:43,22
DA:44,22
DA:45,22
DA:46,22
DA:56,170
DA:57,4
DA:58,2
DA:59,2
DA:60,2
DA:65,170
DA:66,32
DA:67,8
DA:68,8
DA:70,24
DA:71,10
DA:72,10
DA:75,14
DA:76,14
DA:77,14
DA:78,14
DA:88,170
DA:89,4
DA:90,2
DA:91,2
DA:92,2
DA:97,170
DA:98,28
DA:99,8
DA:100,8
DA:102,20
DA:103,10
DA:104,10
DA:107,10
DA:108,10
DA:109,10
DA:110,10
DA:120,170
DA:121,4
DA:122,2
DA:123,2
DA:124,2
LF:68
LH:68
BRDA:34,0,0,16
BRDA:34,0,1,28
BRDA:38,1,0,6
BRDA:38,1,1,22
BRDA:57,2,0,2
BRDA:57,2,1,2
BRDA:66,3,0,8
BRDA:66,3,1,24
BRDA:70,4,0,10
BRDA:70,4,1,14
BRDA:89,5,0,2
BRDA:89,5,1,2
BRDA:98,6,0,8
BRDA:98,6,1,20
BRDA:102,7,0,10
BRDA:102,7,1,10
BRDA:121,8,0,2
BRDA:121,8,1,2
BRF:18
BRH:18
end_of_record
TN:
SF:source\scripts\task-list-local-storage.js
FN:15,(anonymous_0)
FN:34,(anonymous_1)
FN:77,(anonymous_2)
FN:99,(anonymous_3)
FN:121,(anonymous_4)
FNF:5
FNH:5
FNDA:118,(anonymous_0)
FNDA:14,(anonymous_1)
FNDA:15,(anonymous_2)
FNDA:2,(anonymous_3)
FNDA:35,(anonymous_4)
DA:7,170
DA:8,170
DA:15,170
DA:16,118
DA:18,118
DA:24,118
DA:25,118
DA:26,118
DA:34,170
DA:35,14
DA:36,14
DA:39,14
DA:40,16
DA:41,16
DA:42,14
DA:43,14
DA:44,14
DA:48,14
DA:49,0
DA:52,14
DA:53,12
DA:54,12
DA:58,14
DA:59,6
DA:60,6
DA:61,6
DA:63,8
DA:64,0
DA:67,14
DA:68,14
DA:77,170
DA:78,15
DA:81,15
DA:82,15
DA:83,15
DA:84,15
DA:85,15
DA:86,15
DA:89,0
DA:99,170
DA:100,2
DA:102,2
DA:105,2
DA:106,2
DA:107,2
DA:108,2
DA:109,2
DA:110,2
DA:114,0
DA:121,170
DA:122,35
DA:123,35
DA:125,35
DA:126,35
DA:129,35
LF:55
LH:51
BRDA:41,0,0,14
BRDA:41,0,1,2
BRDA:48,1,0,0
BRDA:48,1,1,14
BRDA:58,2,0,6
BRDA:58,2,1,8
BRDA:63,3,0,0
BRDA:63,3,1,8
BRDA:83,4,0,15
BRDA:83,4,1,0
BRDA:107,5,0,2
BRDA:107,5,1,0
BRF:12
BRH:8
end_of_record
TN:
SF:source\scripts\task-list.js
FN:67,(anonymous_0)
FN:81,(anonymous_1)
FN:160,(anonymous_2)
FN:181,(anonymous_3)
FN:202,(anonymous_4)
FN:244,(anonymous_5)
FN:255,(anonymous_6)
FN:261,(anonymous_7)
FN:266,(anonymous_8)
FN:287,(anonymous_9)
FN:308,(anonymous_10)
FN:329,(anonymous_11)
FN:353,(anonymous_12)
FNF:13
FNH:13
FNDA:170,(anonymous_0)
FNDA:121,(anonymous_1)
FNDA:123,(anonymous_2)
FNDA:12,(anonymous_3)
FNDA:33,(anonymous_4)
FNDA:121,(anonymous_5)
FNDA:127,(anonymous_6)
FNDA:87,(anonymous_7)
FNDA:12,(anonymous_8)
FNDA:179,(anonymous_9)
FNDA:4,(anonymous_10)
FNDA:15,(anonymous_11)
FNDA:1148,(anonymous_12)
DA:13,170
DA:20,170
DA:27,170
DA:34,170
DA:41,170
DA:48,170
DA:50,170
DA:51,170
DA:54,170
DA:55,170
DA:57,170
DA:58,167
DA:62,167
DA:63,167
DA:67,170
DA:68,170
DA:69,3
DA:70,3
DA:81,170
DA:84,121
DA:85,121
DA:88,121
DA:89,121
DA:90,121
DA:93,121
DA:94,121
DA:95,121
DA:96,121
DA:97,121
DA:98,121
DA:99,121
DA:100,2
DA:101,2
DA:104,119
DA:105,119
DA:109,121
DA:110,121
DA:111,1
DA:114,121
DA:115,121
DA:118,121
DA:119,121
DA:120,121
DA:121,121
DA:122,121
DA:123,121
DA:124,121
DA:127,121
DA:128,121
DA:131,121
DA:132,121
DA:133,121
DA:136,121
DA:137,121
DA:138,121
DA:140,121
DA:141,121
DA:143,121
DA:144,121
DA:146,121
DA:147,121
DA:148,121
DA:150,121
DA:160,170
DA:162,123
DA:163,2
DA:165,121
DA:167,121
DA:169,121
DA:171,121
DA:181,170
DA:183,12
DA:184,12
DA:187,12
DA:190,12
DA:193,12
DA:194,12
DA:195,8
DA:202,170
DA:203,33
DA:204,33
DA:206,33
DA:209,33
DA:212,33
DA:213,6
DA:214,6
DA:215,6
DA:216,6
DA:219,27
DA:220,27
DA:221,27
DA:222,27
DA:226,33
DA:227,45
DA:228,45
DA:229,45
DA:230,18
DA:231,2
DA:234,16
DA:244,170
DA:247,121
DA:248,121
DA:249,121
DA:250,121
DA:251,121
DA:255,121
DA:257,127
DA:261,121
DA:262,87
DA:263,79
DA:266,121
DA:269,12
DA:270,2
DA:273,10
DA:277,12
DA:278,10
DA:281,2
DA:284,12
DA:287,121
DA:288,179
DA:289,179
DA:290,227
DA:291,227
DA:292,227
DA:293,227
DA:294,6
DA:295,6
DA:296,6
DA:302,121
DA:303,121
DA:305,121
DA:306,121
DA:308,121
DA:309,4
DA:310,2
DA:311,2
DA:314,2
DA:316,2
DA:318,2
DA:319,2
DA:320,4
DA:324,2
DA:329,121
DA:330,15
DA:331,13
DA:332,13
DA:333,13
DA:336,13
DA:337,13
DA:338,2
DA:339,2
DA:340,2
DA:341,2
DA:345,2
DA:346,2
DA:347,2
DA:353,170
DA:354,1148
DA:355,126
DA:356,126
DA:357,118
DA:358,126
LF:162
LH:162
BRDA:57,0,0,167
BRDA:57,0,1,3
BRDA:99,1,0,2
BRDA:99,1,1,119
BRDA:110,2,0,1
BRDA:110,2,1,120
BRDA:162,3,0,2
BRDA:162,3,1,121
BRDA:212,4,0,6
BRDA:212,4,1,27
BRDA:229,5,0,18
BRDA:229,5,1,27
BRDA:230,6,0,2
BRDA:230,6,1,16
BRDA:262,7,0,79
BRDA:262,7,1,8
BRDA:269,8,0,2
BRDA:269,8,1,10
BRDA:277,9,0,10
BRDA:277,9,1,2
BRDA:293,10,0,6
BRDA:293,10,1,221
BRDA:293,11,0,227
BRDA:293,11,1,215
BRDA:309,12,0,2
BRDA:309,12,1,2
BRDA:330,13,0,13
BRDA:330,13,1,2
BRDA:337,14,0,2
BRDA:337,14,1,11
BRDA:354,15,0,126
BRDA:354,15,1,1022
BRDA:356,16,0,118
BRDA:356,16,1,8
BRDA:356,17,0,126
BRDA:356,17,1,120
BRF:36
BRH:36
end_of_record
