{"C:\\Users\\kevin\\Desktop\\CS\\CSE110\\testing\\source\\app.js":{"path":"C:\\Users\\kevin\\Desktop\\CS\\CSE110\\testing\\source\\app.js","statementMap":{"0":{"start":{"line":10,"column":12},"end":{"line":10,"column":42}},"1":{"start":{"line":11,"column":14},"end":{"line":11,"column":46}},"2":{"start":{"line":12,"column":16},"end":{"line":12,"column":50}},"3":{"start":{"line":13,"column":19},"end":{"line":13,"column":56}},"4":{"start":{"line":14,"column":19},"end":{"line":14,"column":36}},"5":{"start":{"line":15,"column":16},"end":{"line":15,"column":21}},"6":{"start":{"line":18,"column":0},"end":{"line":32,"column":3}},"7":{"start":{"line":19,"column":4},"end":{"line":21,"column":52}},"8":{"start":{"line":23,"column":4},"end":{"line":23,"column":44}},"9":{"start":{"line":24,"column":4},"end":{"line":24,"column":34}},"10":{"start":{"line":25,"column":4},"end":{"line":25,"column":27}},"11":{"start":{"line":26,"column":4},"end":{"line":26,"column":65}},"12":{"start":{"line":28,"column":24},"end":{"line":28,"column":62}},"13":{"start":{"line":29,"column":4},"end":{"line":31,"column":7}},"14":{"start":{"line":30,"column":8},"end":{"line":30,"column":34}},"15":{"start":{"line":35,"column":24},"end":{"line":56,"column":1}},"16":{"start":{"line":37,"column":4},"end":{"line":55,"column":5}},"17":{"start":{"line":38,"column":8},"end":{"line":38,"column":41}},"18":{"start":{"line":39,"column":8},"end":{"line":45,"column":9}},"19":{"start":{"line":40,"column":12},"end":{"line":40,"column":48}},"20":{"start":{"line":41,"column":12},"end":{"line":41,"column":38}},"21":{"start":{"line":42,"column":15},"end":{"line":45,"column":9}},"22":{"start":{"line":43,"column":12},"end":{"line":43,"column":46}},"23":{"start":{"line":44,"column":12},"end":{"line":44,"column":38}},"24":{"start":{"line":47,"column":8},"end":{"line":54,"column":9}},"25":{"start":{"line":48,"column":12},"end":{"line":48,"column":47}},"26":{"start":{"line":49,"column":12},"end":{"line":49,"column":40}},"27":{"start":{"line":51,"column":12},"end":{"line":51,"column":35}},"28":{"start":{"line":52,"column":12},"end":{"line":52,"column":40}},"29":{"start":{"line":53,"column":12},"end":{"line":53,"column":40}},"30":{"start":{"line":59,"column":0},"end":{"line":62,"column":2}},"31":{"start":{"line":60,"column":4},"end":{"line":60,"column":21}},"32":{"start":{"line":61,"column":4},"end":{"line":61,"column":22}},"33":{"start":{"line":65,"column":0},"end":{"line":69,"column":2}},"34":{"start":{"line":66,"column":4},"end":{"line":66,"column":22}},"35":{"start":{"line":67,"column":4},"end":{"line":67,"column":37}},"36":{"start":{"line":68,"column":4},"end":{"line":68,"column":32}},"37":{"start":{"line":72,"column":0},"end":{"line":85,"column":2}},"38":{"start":{"line":73,"column":4},"end":{"line":84,"column":5}},"39":{"start":{"line":74,"column":22},"end":{"line":74,"column":126}},"40":{"start":{"line":76,"column":8},"end":{"line":81,"column":9}},"41":{"start":{"line":77,"column":12},"end":{"line":77,"column":35}},"42":{"start":{"line":80,"column":12},"end":{"line":80,"column":35}},"43":{"start":{"line":83,"column":8},"end":{"line":83,"column":23}},"44":{"start":{"line":90,"column":21},"end":{"line":99,"column":1}},"45":{"start":{"line":91,"column":4},"end":{"line":96,"column":7}},"46":{"start":{"line":92,"column":8},"end":{"line":92,"column":29}},"47":{"start":{"line":93,"column":8},"end":{"line":95,"column":9}},"48":{"start":{"line":94,"column":12},"end":{"line":94,"column":38}},"49":{"start":{"line":97,"column":4},"end":{"line":97,"column":37}},"50":{"start":{"line":98,"column":4},"end":{"line":98,"column":22}},"51":{"start":{"line":105,"column":29},"end":{"line":118,"column":1}},"52":{"start":{"line":106,"column":22},"end":{"line":106,"column":64}},"53":{"start":{"line":107,"column":28},"end":{"line":107,"column":72}},"54":{"start":{"line":108,"column":20},"end":{"line":108,"column":56}},"55":{"start":{"line":109,"column":24},"end":{"line":109,"column":64}},"56":{"start":{"line":110,"column":23},"end":{"line":110,"column":62}},"57":{"start":{"line":112,"column":4},"end":{"line":112,"column":43}},"58":{"start":{"line":113,"column":4},"end":{"line":113,"column":46}},"59":{"start":{"line":114,"column":4},"end":{"line":114,"column":37}},"60":{"start":{"line":115,"column":4},"end":{"line":115,"column":58}},"61":{"start":{"line":116,"column":4},"end":{"line":116,"column":67}},"62":{"start":{"line":117,"column":4},"end":{"line":117,"column":64}},"63":{"start":{"line":125,"column":29},"end":{"line":139,"column":1}},"64":{"start":{"line":126,"column":4},"end":{"line":126,"column":26}},"65":{"start":{"line":127,"column":22},"end":{"line":127,"column":64}},"66":{"start":{"line":128,"column":28},"end":{"line":128,"column":72}},"67":{"start":{"line":129,"column":20},"end":{"line":129,"column":56}},"68":{"start":{"line":130,"column":24},"end":{"line":130,"column":64}},"69":{"start":{"line":131,"column":23},"end":{"line":131,"column":62}},"70":{"start":{"line":133,"column":4},"end":{"line":133,"column":42}},"71":{"start":{"line":134,"column":4},"end":{"line":134,"column":46}},"72":{"start":{"line":135,"column":4},"end":{"line":135,"column":37}},"73":{"start":{"line":136,"column":4},"end":{"line":136,"column":58}},"74":{"start":{"line":137,"column":4},"end":{"line":137,"column":67}},"75":{"start":{"line":138,"column":4},"end":{"line":138,"column":64}}},"fnMap":{"0":{"name":"(anonymous_0)","decl":{"start":{"line":18,"column":32},"end":{"line":18,"column":33}},"loc":{"start":{"line":18,"column":43},"end":{"line":32,"column":1}},"line":18},"1":{"name":"(anonymous_1)","decl":{"start":{"line":29,"column":24},"end":{"line":29,"column":25}},"loc":{"start":{"line":29,"column":38},"end":{"line":31,"column":5}},"line":29},"2":{"name":"(anonymous_2)","decl":{"start":{"line":35,"column":24},"end":{"line":35,"column":25}},"loc":{"start":{"line":35,"column":30},"end":{"line":56,"column":1}},"line":35},"3":{"name":"(anonymous_3)","decl":{"start":{"line":59,"column":18},"end":{"line":59,"column":19}},"loc":{"start":{"line":59,"column":24},"end":{"line":62,"column":1}},"line":59},"4":{"name":"(anonymous_4)","decl":{"start":{"line":65,"column":17},"end":{"line":65,"column":18}},"loc":{"start":{"line":65,"column":23},"end":{"line":69,"column":1}},"line":65},"5":{"name":"(anonymous_5)","decl":{"start":{"line":72,"column":14},"end":{"line":72,"column":15}},"loc":{"start":{"line":72,"column":20},"end":{"line":85,"column":1}},"line":72},"6":{"name":"(anonymous_6)","decl":{"start":{"line":90,"column":21},"end":{"line":90,"column":22}},"loc":{"start":{"line":90,"column":27},"end":{"line":99,"column":1}},"line":90},"7":{"name":"(anonymous_7)","decl":{"start":{"line":91,"column":26},"end":{"line":91,"column":27}},"loc":{"start":{"line":91,"column":37},"end":{"line":96,"column":5}},"line":91},"8":{"name":"(anonymous_8)","decl":{"start":{"line":105,"column":29},"end":{"line":105,"column":30}},"loc":{"start":{"line":105,"column":35},"end":{"line":118,"column":1}},"line":105},"9":{"name":"(anonymous_9)","decl":{"start":{"line":125,"column":29},"end":{"line":125,"column":30}},"loc":{"start":{"line":125,"column":35},"end":{"line":139,"column":1}},"line":125}},"branchMap":{"0":{"loc":{"start":{"line":37,"column":4},"end":{"line":55,"column":5}},"type":"if","locations":[{"start":{"line":37,"column":4},"end":{"line":55,"column":5}},{"start":{"line":37,"column":4},"end":{"line":55,"column":5}}],"line":37},"1":{"loc":{"start":{"line":39,"column":8},"end":{"line":45,"column":9}},"type":"if","locations":[{"start":{"line":39,"column":8},"end":{"line":45,"column":9}},{"start":{"line":39,"column":8},"end":{"line":45,"column":9}}],"line":39},"2":{"loc":{"start":{"line":39,"column":12},"end":{"line":39,"column":56}},"type":"binary-expr","locations":[{"start":{"line":39,"column":12},"end":{"line":39,"column":21}},{"start":{"line":39,"column":25},"end":{"line":39,"column":56}}],"line":39},"3":{"loc":{"start":{"line":42,"column":15},"end":{"line":45,"column":9}},"type":"if","locations":[{"start":{"line":42,"column":15},"end":{"line":45,"column":9}},{"start":{"line":42,"column":15},"end":{"line":45,"column":9}}],"line":42},"4":{"loc":{"start":{"line":42,"column":19},"end":{"line":42,"column":95}},"type":"binary-expr","locations":[{"start":{"line":42,"column":19},"end":{"line":42,"column":28}},{"start":{"line":42,"column":33},"end":{"line":42,"column":62}},{"start":{"line":42,"column":66},"end":{"line":42,"column":94}}],"line":42},"5":{"loc":{"start":{"line":47,"column":8},"end":{"line":54,"column":9}},"type":"if","locations":[{"start":{"line":47,"column":8},"end":{"line":54,"column":9}},{"start":{"line":47,"column":8},"end":{"line":54,"column":9}}],"line":47},"6":{"loc":{"start":{"line":73,"column":4},"end":{"line":84,"column":5}},"type":"if","locations":[{"start":{"line":73,"column":4},"end":{"line":84,"column":5}},{"start":{"line":73,"column":4},"end":{"line":84,"column":5}}],"line":73},"7":{"loc":{"start":{"line":74,"column":22},"end":{"line":74,"column":126}},"type":"cond-expr","locations":[{"start":{"line":74,"column":58},"end":{"line":74,"column":70}},{"start":{"line":74,"column":73},"end":{"line":74,"column":126}}],"line":74},"8":{"loc":{"start":{"line":74,"column":73},"end":{"line":74,"column":126}},"type":"cond-expr","locations":[{"start":{"line":74,"column":95},"end":{"line":74,"column":110}},{"start":{"line":74,"column":113},"end":{"line":74,"column":126}}],"line":74},"9":{"loc":{"start":{"line":76,"column":8},"end":{"line":81,"column":9}},"type":"if","locations":[{"start":{"line":76,"column":8},"end":{"line":81,"column":9}},{"start":{"line":76,"column":8},"end":{"line":81,"column":9}}],"line":76},"10":{"loc":{"start":{"line":93,"column":8},"end":{"line":95,"column":9}},"type":"if","locations":[{"start":{"line":93,"column":8},"end":{"line":95,"column":9}},{"start":{"line":93,"column":8},"end":{"line":95,"column":9}}],"line":93}},"s":{"0":172,"1":172,"2":172,"3":172,"4":172,"5":172,"6":172,"7":172,"8":172,"9":172,"10":172,"11":172,"12":172,"13":172,"14":1376,"15":172,"16":216,"17":121,"18":121,"19":91,"20":91,"21":30,"22":12,"23":12,"24":95,"25":91,"26":91,"27":4,"28":4,"29":4,"30":172,"31":103,"32":103,"33":172,"34":44,"35":44,"36":44,"37":172,"38":113,"39":22,"40":22,"41":4,"42":18,"43":91,"44":172,"45":113,"46":316,"47":316,"48":72,"49":113,"50":113,"51":172,"52":4,"53":4,"54":4,"55":4,"56":4,"57":4,"58":4,"59":4,"60":4,"61":4,"62":4,"63":172,"64":18,"65":18,"66":18,"67":18,"68":18,"69":18,"70":18,"71":18,"72":18,"73":18,"74":18,"75":18},"f":{"0":172,"1":1376,"2":216,"3":103,"4":44,"5":113,"6":113,"7":316,"8":4,"9":18},"b":{"0":[121,95],"1":[91,30],"2":[121,103],"3":[12,18],"4":[30,12,4],"5":[91,4],"6":[22,91],"7":[4,18],"8":[4,14],"9":[4,18],"10":[72,244]}},"C:\\Users\\kevin\\Desktop\\CS\\CSE110\\testing\\source\\components\\setting-content.js":{"path":"C:\\Users\\kevin\\Desktop\\CS\\CSE110\\testing\\source\\components\\setting-content.js","statementMap":{"0":{"start":{"line":10,"column":8},"end":{"line":10,"column":16}},"1":{"start":{"line":11,"column":23},"end":{"line":11,"column":56}},"2":{"start":{"line":14,"column":35},"end":{"line":14,"column":77}},"3":{"start":{"line":15,"column":34},"end":{"line":15,"column":75}},"4":{"start":{"line":16,"column":26},"end":{"line":16,"column":65}},"5":{"start":{"line":17,"column":31},"end":{"line":17,"column":74}},"6":{"start":{"line":18,"column":30},"end":{"line":18,"column":73}},"7":{"start":{"line":21,"column":8},"end":{"line":21,"column":62}},"8":{"start":{"line":22,"column":8},"end":{"line":22,"column":64}},"9":{"start":{"line":23,"column":8},"end":{"line":23,"column":53}},"10":{"start":{"line":24,"column":8},"end":{"line":24,"column":63}},"11":{"start":{"line":25,"column":8},"end":{"line":25,"column":61}},"12":{"start":{"line":26,"column":25},"end":{"line":26,"column":62}},"13":{"start":{"line":27,"column":8},"end":{"line":27,"column":52}},"14":{"start":{"line":30,"column":8},"end":{"line":69,"column":12}},"15":{"start":{"line":71,"column":22},"end":{"line":71,"column":53}},"16":{"start":{"line":74,"column":8},"end":{"line":115,"column":10}},"17":{"start":{"line":117,"column":8},"end":{"line":117,"column":34}},"18":{"start":{"line":121,"column":0},"end":{"line":121,"column":57}}},"fnMap":{"0":{"name":"(anonymous_0)","decl":{"start":{"line":9,"column":4},"end":{"line":9,"column":5}},"loc":{"start":{"line":9,"column":18},"end":{"line":118,"column":5}},"line":9}},"branchMap":{"0":{"loc":{"start":{"line":14,"column":35},"end":{"line":14,"column":77}},"type":"binary-expr","locations":[{"start":{"line":14,"column":35},"end":{"line":14,"column":70}},{"start":{"line":14,"column":74},"end":{"line":14,"column":77}}],"line":14},"1":{"loc":{"start":{"line":15,"column":34},"end":{"line":15,"column":75}},"type":"binary-expr","locations":[{"start":{"line":15,"column":34},"end":{"line":15,"column":68}},{"start":{"line":15,"column":72},"end":{"line":15,"column":75}}],"line":15},"2":{"loc":{"start":{"line":16,"column":26},"end":{"line":16,"column":65}},"type":"binary-expr","locations":[{"start":{"line":16,"column":26},"end":{"line":16,"column":59}},{"start":{"line":16,"column":63},"end":{"line":16,"column":65}}],"line":16},"3":{"loc":{"start":{"line":17,"column":31},"end":{"line":17,"column":74}},"type":"binary-expr","locations":[{"start":{"line":17,"column":31},"end":{"line":17,"column":69}},{"start":{"line":17,"column":73},"end":{"line":17,"column":74}}],"line":17},"4":{"loc":{"start":{"line":18,"column":30},"end":{"line":18,"column":73}},"type":"binary-expr","locations":[{"start":{"line":18,"column":30},"end":{"line":18,"column":67}},{"start":{"line":18,"column":71},"end":{"line":18,"column":73}}],"line":18}},"s":{"0":172,"1":172,"2":172,"3":172,"4":172,"5":172,"6":172,"7":172,"8":172,"9":172,"10":172,"11":172,"12":172,"13":172,"14":172,"15":172,"16":172,"17":172,"18":172},"f":{"0":172},"b":{"0":[172,169],"1":[172,169],"2":[172,169],"3":[172,169],"4":[172,169]}},"C:\\Users\\kevin\\Desktop\\CS\\CSE110\\testing\\source\\scripts\\clock.js":{"path":"C:\\Users\\kevin\\Desktop\\CS\\CSE110\\testing\\source\\scripts\\clock.js","statementMap":{"0":{"start":{"line":10,"column":20},"end":{"line":10,"column":21}},"1":{"start":{"line":13,"column":21},"end":{"line":13,"column":65}},"2":{"start":{"line":14,"column":17},"end":{"line":14,"column":18}},"3":{"start":{"line":17,"column":18},"end":{"line":17,"column":23}},"4":{"start":{"line":25,"column":22},"end":{"line":25,"column":64}},"5":{"start":{"line":26,"column":20},"end":{"line":26,"column":56}},"6":{"start":{"line":27,"column":18},"end":{"line":27,"column":53}},"7":{"start":{"line":28,"column":22},"end":{"line":28,"column":66}},"8":{"start":{"line":29,"column":27},"end":{"line":29,"column":70}},"9":{"start":{"line":30,"column":28},"end":{"line":30,"column":72}},"10":{"start":{"line":31,"column":18},"end":{"line":31,"column":52}},"11":{"start":{"line":33,"column":4},"end":{"line":33,"column":40}},"12":{"start":{"line":34,"column":4},"end":{"line":34,"column":37}},"13":{"start":{"line":35,"column":4},"end":{"line":35,"column":41}},"14":{"start":{"line":36,"column":4},"end":{"line":36,"column":40}},"15":{"start":{"line":37,"column":4},"end":{"line":37,"column":44}},"16":{"start":{"line":38,"column":4},"end":{"line":38,"column":45}},"17":{"start":{"line":39,"column":4},"end":{"line":39,"column":46}},"18":{"start":{"line":48,"column":23},"end":{"line":48,"column":80}},"19":{"start":{"line":49,"column":22},"end":{"line":49,"column":64}},"20":{"start":{"line":50,"column":20},"end":{"line":50,"column":56}},"21":{"start":{"line":51,"column":22},"end":{"line":51,"column":66}},"22":{"start":{"line":52,"column":22},"end":{"line":52,"column":66}},"23":{"start":{"line":53,"column":27},"end":{"line":53,"column":70}},"24":{"start":{"line":54,"column":28},"end":{"line":54,"column":72}},"25":{"start":{"line":56,"column":4},"end":{"line":60,"column":5}},"26":{"start":{"line":57,"column":8},"end":{"line":57,"column":84}},"27":{"start":{"line":59,"column":8},"end":{"line":59,"column":77}},"28":{"start":{"line":62,"column":4},"end":{"line":62,"column":36}},"29":{"start":{"line":63,"column":4},"end":{"line":63,"column":38}},"30":{"start":{"line":64,"column":4},"end":{"line":64,"column":39}},"31":{"start":{"line":65,"column":4},"end":{"line":65,"column":39}},"32":{"start":{"line":66,"column":4},"end":{"line":66,"column":44}},"33":{"start":{"line":67,"column":4},"end":{"line":67,"column":45}},"34":{"start":{"line":78,"column":23},"end":{"line":78,"column":60}},"35":{"start":{"line":79,"column":23},"end":{"line":79,"column":60}},"36":{"start":{"line":81,"column":18},"end":{"line":81,"column":122}},"37":{"start":{"line":82,"column":4},"end":{"line":82,"column":57}},"38":{"start":{"line":84,"column":4},"end":{"line":91,"column":5}},"39":{"start":{"line":85,"column":8},"end":{"line":85,"column":72}},"40":{"start":{"line":86,"column":8},"end":{"line":86,"column":26}},"41":{"start":{"line":87,"column":8},"end":{"line":87,"column":71}},"42":{"start":{"line":88,"column":8},"end":{"line":88,"column":36}},"43":{"start":{"line":89,"column":8},"end":{"line":89,"column":26}},"44":{"start":{"line":90,"column":8},"end":{"line":90,"column":30}},"45":{"start":{"line":93,"column":4},"end":{"line":93,"column":23}},"46":{"start":{"line":94,"column":16},"end":{"line":94,"column":46}},"47":{"start":{"line":95,"column":4},"end":{"line":103,"column":13}},"48":{"start":{"line":97,"column":8},"end":{"line":97,"column":49}},"49":{"start":{"line":99,"column":8},"end":{"line":102,"column":9}},"50":{"start":{"line":100,"column":12},"end":{"line":100,"column":46}},"51":{"start":{"line":101,"column":12},"end":{"line":101,"column":40}},"52":{"start":{"line":116,"column":16},"end":{"line":116,"column":120}},"53":{"start":{"line":117,"column":4},"end":{"line":117,"column":57}},"54":{"start":{"line":118,"column":23},"end":{"line":118,"column":60}},"55":{"start":{"line":121,"column":4},"end":{"line":129,"column":5}},"56":{"start":{"line":122,"column":8},"end":{"line":122,"column":30}},"57":{"start":{"line":123,"column":8},"end":{"line":123,"column":27}},"58":{"start":{"line":124,"column":8},"end":{"line":124,"column":35}},"59":{"start":{"line":128,"column":8},"end":{"line":128,"column":30}},"60":{"start":{"line":132,"column":15},"end":{"line":132,"column":20}},"61":{"start":{"line":134,"column":4},"end":{"line":134,"column":24}},"62":{"start":{"line":135,"column":4},"end":{"line":157,"column":5}},"63":{"start":{"line":136,"column":8},"end":{"line":142,"column":9}},"64":{"start":{"line":137,"column":12},"end":{"line":137,"column":27}},"65":{"start":{"line":140,"column":12},"end":{"line":140,"column":80}},"66":{"start":{"line":141,"column":12},"end":{"line":141,"column":24}},"67":{"start":{"line":144,"column":8},"end":{"line":144,"column":76}},"68":{"start":{"line":148,"column":8},"end":{"line":156,"column":9}},"69":{"start":{"line":151,"column":12},"end":{"line":151,"column":53}},"70":{"start":{"line":152,"column":12},"end":{"line":152,"column":69}},"71":{"start":{"line":153,"column":12},"end":{"line":153,"column":35}},"72":{"start":{"line":154,"column":12},"end":{"line":154,"column":25}},"73":{"start":{"line":159,"column":4},"end":{"line":159,"column":29}},"74":{"start":{"line":160,"column":4},"end":{"line":160,"column":20}},"75":{"start":{"line":161,"column":4},"end":{"line":161,"column":66}},"76":{"start":{"line":162,"column":4},"end":{"line":164,"column":5}},"77":{"start":{"line":163,"column":8},"end":{"line":163,"column":36}},"78":{"start":{"line":171,"column":4},"end":{"line":171,"column":38}},"79":{"start":{"line":172,"column":4},"end":{"line":172,"column":38}},"80":{"start":{"line":174,"column":4},"end":{"line":174,"column":53}},"81":{"start":{"line":175,"column":4},"end":{"line":175,"column":53}},"82":{"start":{"line":177,"column":4},"end":{"line":177,"column":35}},"83":{"start":{"line":190,"column":4},"end":{"line":190,"column":24}},"84":{"start":{"line":191,"column":4},"end":{"line":198,"column":5}},"85":{"start":{"line":191,"column":17},"end":{"line":191,"column":18}},"86":{"start":{"line":192,"column":8},"end":{"line":192,"column":41}},"87":{"start":{"line":193,"column":8},"end":{"line":197,"column":9}},"88":{"start":{"line":194,"column":12},"end":{"line":194,"column":50}},"89":{"start":{"line":196,"column":12},"end":{"line":196,"column":49}},"90":{"start":{"line":200,"column":4},"end":{"line":202,"column":5}},"91":{"start":{"line":201,"column":8},"end":{"line":201,"column":70}},"92":{"start":{"line":204,"column":4},"end":{"line":204,"column":16}},"93":{"start":{"line":213,"column":4},"end":{"line":220,"column":5}},"94":{"start":{"line":214,"column":8},"end":{"line":214,"column":36}},"95":{"start":{"line":215,"column":8},"end":{"line":215,"column":21}},"96":{"start":{"line":217,"column":26},"end":{"line":217,"column":30}},"97":{"start":{"line":218,"column":8},"end":{"line":218,"column":46}},"98":{"start":{"line":219,"column":8},"end":{"line":219,"column":20}}},"fnMap":{"0":{"name":"displayBreakContent","decl":{"start":{"line":24,"column":9},"end":{"line":24,"column":28}},"loc":{"start":{"line":24,"column":31},"end":{"line":40,"column":1}},"line":24},"1":{"name":"displayFocusContent","decl":{"start":{"line":46,"column":9},"end":{"line":46,"column":28}},"loc":{"start":{"line":46,"column":31},"end":{"line":68,"column":1}},"line":46},"2":{"name":"startTimer","decl":{"start":{"line":77,"column":9},"end":{"line":77,"column":19}},"loc":{"start":{"line":77,"column":37},"end":{"line":104,"column":1}},"line":77},"3":{"name":"(anonymous_3)","decl":{"start":{"line":95,"column":28},"end":{"line":95,"column":29}},"loc":{"start":{"line":95,"column":34},"end":{"line":103,"column":5}},"line":95},"4":{"name":"stopTimer","decl":{"start":{"line":114,"column":9},"end":{"line":114,"column":18}},"loc":{"start":{"line":114,"column":47},"end":{"line":165,"column":1}},"line":114},"5":{"name":"secondsToString","decl":{"start":{"line":168,"column":9},"end":{"line":168,"column":24}},"loc":{"start":{"line":168,"column":31},"end":{"line":178,"column":1}},"line":168},"6":{"name":"updateTimerSettings","decl":{"start":{"line":188,"column":9},"end":{"line":188,"column":28}},"loc":{"start":{"line":188,"column":84},"end":{"line":205,"column":1}},"line":188},"7":{"name":"startStopTimer","decl":{"start":{"line":212,"column":9},"end":{"line":212,"column":23}},"loc":{"start":{"line":212,"column":41},"end":{"line":221,"column":1}},"line":212}},"branchMap":{"0":{"loc":{"start":{"line":56,"column":4},"end":{"line":60,"column":5}},"type":"if","locations":[{"start":{"line":56,"column":4},"end":{"line":60,"column":5}},{"start":{"line":56,"column":4},"end":{"line":60,"column":5}}],"line":56},"1":{"loc":{"start":{"line":81,"column":18},"end":{"line":81,"column":122}},"type":"cond-expr","locations":[{"start":{"line":81,"column":54},"end":{"line":81,"column":66}},{"start":{"line":81,"column":69},"end":{"line":81,"column":122}}],"line":81},"2":{"loc":{"start":{"line":81,"column":69},"end":{"line":81,"column":122}},"type":"cond-expr","locations":[{"start":{"line":81,"column":91},"end":{"line":81,"column":106}},{"start":{"line":81,"column":109},"end":{"line":81,"column":122}}],"line":81},"3":{"loc":{"start":{"line":84,"column":4},"end":{"line":91,"column":5}},"type":"if","locations":[{"start":{"line":84,"column":4},"end":{"line":91,"column":5}},{"start":{"line":84,"column":4},"end":{"line":91,"column":5}}],"line":84},"4":{"loc":{"start":{"line":99,"column":8},"end":{"line":102,"column":9}},"type":"if","locations":[{"start":{"line":99,"column":8},"end":{"line":102,"column":9}},{"start":{"line":99,"column":8},"end":{"line":102,"column":9}}],"line":99},"5":{"loc":{"start":{"line":116,"column":16},"end":{"line":116,"column":120}},"type":"cond-expr","locations":[{"start":{"line":116,"column":52},"end":{"line":116,"column":64}},{"start":{"line":116,"column":67},"end":{"line":116,"column":120}}],"line":116},"6":{"loc":{"start":{"line":116,"column":67},"end":{"line":116,"column":120}},"type":"cond-expr","locations":[{"start":{"line":116,"column":89},"end":{"line":116,"column":104}},{"start":{"line":116,"column":107},"end":{"line":116,"column":120}}],"line":116},"7":{"loc":{"start":{"line":121,"column":4},"end":{"line":129,"column":5}},"type":"if","locations":[{"start":{"line":121,"column":4},"end":{"line":129,"column":5}},{"start":{"line":121,"column":4},"end":{"line":129,"column":5}}],"line":121},"8":{"loc":{"start":{"line":135,"column":4},"end":{"line":157,"column":5}},"type":"if","locations":[{"start":{"line":135,"column":4},"end":{"line":157,"column":5}},{"start":{"line":135,"column":4},"end":{"line":157,"column":5}}],"line":135},"9":{"loc":{"start":{"line":136,"column":8},"end":{"line":142,"column":9}},"type":"if","locations":[{"start":{"line":136,"column":8},"end":{"line":142,"column":9}},{"start":{"line":136,"column":8},"end":{"line":142,"column":9}}],"line":136},"10":{"loc":{"start":{"line":140,"column":25},"end":{"line":140,"column":79}},"type":"cond-expr","locations":[{"start":{"line":140,"column":65},"end":{"line":140,"column":66}},{"start":{"line":140,"column":69},"end":{"line":140,"column":79}}],"line":140},"11":{"loc":{"start":{"line":144,"column":21},"end":{"line":144,"column":75}},"type":"cond-expr","locations":[{"start":{"line":144,"column":61},"end":{"line":144,"column":62}},{"start":{"line":144,"column":65},"end":{"line":144,"column":75}}],"line":144},"12":{"loc":{"start":{"line":148,"column":8},"end":{"line":156,"column":9}},"type":"if","locations":[{"start":{"line":148,"column":8},"end":{"line":156,"column":9}},{"start":{"line":148,"column":8},"end":{"line":156,"column":9}}],"line":148},"13":{"loc":{"start":{"line":162,"column":4},"end":{"line":164,"column":5}},"type":"if","locations":[{"start":{"line":162,"column":4},"end":{"line":164,"column":5}},{"start":{"line":162,"column":4},"end":{"line":164,"column":5}}],"line":162},"14":{"loc":{"start":{"line":174,"column":14},"end":{"line":174,"column":52}},"type":"cond-expr","locations":[{"start":{"line":174,"column":29},"end":{"line":174,"column":42}},{"start":{"line":174,"column":45},"end":{"line":174,"column":52}}],"line":174},"15":{"loc":{"start":{"line":175,"column":14},"end":{"line":175,"column":52}},"type":"cond-expr","locations":[{"start":{"line":175,"column":29},"end":{"line":175,"column":42}},{"start":{"line":175,"column":45},"end":{"line":175,"column":52}}],"line":175},"16":{"loc":{"start":{"line":193,"column":8},"end":{"line":197,"column":9}},"type":"if","locations":[{"start":{"line":193,"column":8},"end":{"line":197,"column":9}},{"start":{"line":193,"column":8},"end":{"line":197,"column":9}}],"line":193},"17":{"loc":{"start":{"line":200,"column":4},"end":{"line":202,"column":5}},"type":"if","locations":[{"start":{"line":200,"column":4},"end":{"line":202,"column":5}},{"start":{"line":200,"column":4},"end":{"line":202,"column":5}}],"line":200},"18":{"loc":{"start":{"line":213,"column":4},"end":{"line":220,"column":5}},"type":"if","locations":[{"start":{"line":213,"column":4},"end":{"line":220,"column":5}},{"start":{"line":213,"column":4},"end":{"line":220,"column":5}}],"line":213}},"s":{"0":174,"1":174,"2":174,"3":174,"4":212,"5":212,"6":212,"7":212,"8":212,"9":212,"10":212,"11":212,"12":212,"13":212,"14":212,"15":212,"16":212,"17":212,"18":431,"19":431,"20":431,"21":431,"22":431,"23":431,"24":431,"25":431,"26":377,"27":54,"28":431,"29":431,"30":431,"31":431,"32":431,"33":431,"34":455,"35":455,"36":455,"37":455,"38":455,"39":259,"40":259,"41":259,"42":259,"43":259,"44":259,"45":455,"46":455,"47":455,"48":336555,"49":336555,"50":328,"51":328,"52":366,"53":366,"54":366,"55":366,"56":212,"57":212,"58":212,"59":154,"60":366,"61":366,"62":366,"63":38,"64":16,"65":22,"66":22,"67":328,"68":328,"69":196,"70":196,"71":196,"72":196,"73":366,"74":366,"75":366,"76":366,"77":22,"78":337157,"79":337157,"80":337157,"81":337157,"82":337157,"83":242,"84":242,"85":242,"86":968,"87":968,"88":726,"89":242,"90":242,"91":234,"92":242,"93":143,"94":105,"95":105,"96":38,"97":38,"98":38},"f":{"0":212,"1":431,"2":455,"3":336555,"4":366,"5":337157,"6":242,"7":143},"b":{"0":[377,54],"1":[28,427],"2":[259,168],"3":[259,196],"4":[328,336227],"5":[18,348],"6":[212,136],"7":[212,154],"8":[38,328],"9":[16,22],"10":[6,16],"11":[12,316],"12":[196,132],"13":[22,344],"14":[167034,170123],"15":[56658,280499],"16":[726,242],"17":[234,8],"18":[105,38]},"_coverageSchema":"1a1c01bbd47fc00a2c39e90264f33305004495a9","hash":"17cd4c2a309448da2230174b6ccf9ab8a0b18f93"},"C:\\Users\\kevin\\Desktop\\CS\\CSE110\\testing\\source\\scripts\\handle-icons.js":{"path":"C:\\Users\\kevin\\Desktop\\CS\\CSE110\\testing\\source\\scripts\\handle-icons.js","statementMap":{"0":{"start":{"line":6,"column":21},"end":{"line":6,"column":62}},"1":{"start":{"line":7,"column":26},"end":{"line":7,"column":72}},"2":{"start":{"line":8,"column":25},"end":{"line":8,"column":70}},"3":{"start":{"line":9,"column":21},"end":{"line":9,"column":55}},"4":{"start":{"line":10,"column":12},"end":{"line":10,"column":44}},"5":{"start":{"line":15,"column":33},"end":{"line":35,"column":1}},"6":{"start":{"line":16,"column":18},"end":{"line":16,"column":52}},"7":{"start":{"line":17,"column":22},"end":{"line":17,"column":66}},"8":{"start":{"line":18,"column":22},"end":{"line":18,"column":66}},"9":{"start":{"line":19,"column":22},"end":{"line":19,"column":64}},"10":{"start":{"line":20,"column":20},"end":{"line":20,"column":55}},"11":{"start":{"line":22,"column":4},"end":{"line":34,"column":5}},"12":{"start":{"line":23,"column":8},"end":{"line":23,"column":43}},"13":{"start":{"line":24,"column":8},"end":{"line":24,"column":44}},"14":{"start":{"line":25,"column":8},"end":{"line":25,"column":43}},"15":{"start":{"line":26,"column":8},"end":{"line":26,"column":46}},"16":{"start":{"line":27,"column":8},"end":{"line":27,"column":60}},"17":{"start":{"line":29,"column":8},"end":{"line":29,"column":44}},"18":{"start":{"line":30,"column":8},"end":{"line":30,"column":43}},"19":{"start":{"line":31,"column":8},"end":{"line":31,"column":47}},"20":{"start":{"line":32,"column":8},"end":{"line":32,"column":44}},"21":{"start":{"line":33,"column":8},"end":{"line":33,"column":65}},"22":{"start":{"line":41,"column":4},"end":{"line":41,"column":33}},"23":{"start":{"line":42,"column":4},"end":{"line":42,"column":48}},"24":{"start":{"line":43,"column":4},"end":{"line":43,"column":46}},"25":{"start":{"line":44,"column":4},"end":{"line":44,"column":42}},"26":{"start":{"line":45,"column":4},"end":{"line":45,"column":42}},"27":{"start":{"line":46,"column":4},"end":{"line":46,"column":34}},"28":{"start":{"line":53,"column":4},"end":{"line":53,"column":34}},"29":{"start":{"line":54,"column":4},"end":{"line":54,"column":47}},"30":{"start":{"line":55,"column":4},"end":{"line":55,"column":54}},"31":{"start":{"line":56,"column":4},"end":{"line":56,"column":43}},"32":{"start":{"line":57,"column":4},"end":{"line":57,"column":43}},"33":{"start":{"line":58,"column":4},"end":{"line":58,"column":33}}},"fnMap":{"0":{"name":"(anonymous_0)","decl":{"start":{"line":15,"column":33},"end":{"line":15,"column":34}},"loc":{"start":{"line":15,"column":44},"end":{"line":35,"column":1}},"line":15},"1":{"name":"displayOnboardingMenu","decl":{"start":{"line":40,"column":9},"end":{"line":40,"column":30}},"loc":{"start":{"line":40,"column":33},"end":{"line":47,"column":1}},"line":40},"2":{"name":"closeOnboardingMenu","decl":{"start":{"line":52,"column":9},"end":{"line":52,"column":28}},"loc":{"start":{"line":52,"column":31},"end":{"line":59,"column":1}},"line":52}},"branchMap":{"0":{"loc":{"start":{"line":22,"column":4},"end":{"line":34,"column":5}},"type":"if","locations":[{"start":{"line":22,"column":4},"end":{"line":34,"column":5}},{"start":{"line":22,"column":4},"end":{"line":34,"column":5}}],"line":22}},"s":{"0":172,"1":172,"2":172,"3":172,"4":172,"5":172,"6":70,"7":70,"8":70,"9":70,"10":70,"11":70,"12":68,"13":68,"14":68,"15":68,"16":68,"17":2,"18":2,"19":2,"20":2,"21":2,"22":4,"23":4,"24":4,"25":4,"26":4,"27":4,"28":2,"29":2,"30":2,"31":2,"32":2,"33":2},"f":{"0":70,"1":4,"2":2},"b":{"0":[68,2]}},"C:\\Users\\kevin\\Desktop\\CS\\CSE110\\testing\\source\\scripts\\setting-script.js":{"path":"C:\\Users\\kevin\\Desktop\\CS\\CSE110\\testing\\source\\scripts\\setting-script.js","statementMap":{"0":{"start":{"line":5,"column":14},"end":{"line":5,"column":46}},"1":{"start":{"line":6,"column":21},"end":{"line":6,"column":62}},"2":{"start":{"line":7,"column":23},"end":{"line":7,"column":83}},"3":{"start":{"line":8,"column":23},"end":{"line":8,"column":83}},"4":{"start":{"line":9,"column":24},"end":{"line":9,"column":85}},"5":{"start":{"line":10,"column":24},"end":{"line":10,"column":85}},"6":{"start":{"line":11,"column":18},"end":{"line":11,"column":73}},"7":{"start":{"line":12,"column":23},"end":{"line":12,"column":83}},"8":{"start":{"line":13,"column":22},"end":{"line":13,"column":81}},"9":{"start":{"line":14,"column":26},"end":{"line":14,"column":89}},"10":{"start":{"line":15,"column":31},"end":{"line":15,"column":99}},"11":{"start":{"line":16,"column":30},"end":{"line":16,"column":97}},"12":{"start":{"line":17,"column":17},"end":{"line":17,"column":54}},"13":{"start":{"line":20,"column":0},"end":{"line":24,"column":3}},"14":{"start":{"line":21,"column":4},"end":{"line":21,"column":63}},"15":{"start":{"line":22,"column":4},"end":{"line":22,"column":58}},"16":{"start":{"line":23,"column":4},"end":{"line":23,"column":53}},"17":{"start":{"line":27,"column":0},"end":{"line":30,"column":3}},"18":{"start":{"line":28,"column":4},"end":{"line":28,"column":65}},"19":{"start":{"line":29,"column":4},"end":{"line":29,"column":60}},"20":{"start":{"line":33,"column":0},"end":{"line":51,"column":3}},"21":{"start":{"line":34,"column":4},"end":{"line":50,"column":5}},"22":{"start":{"line":35,"column":8},"end":{"line":35,"column":50}},"23":{"start":{"line":36,"column":8},"end":{"line":36,"column":56}},"24":{"start":{"line":37,"column":11},"end":{"line":50,"column":5}},"25":{"start":{"line":38,"column":8},"end":{"line":38,"column":50}},"26":{"start":{"line":39,"column":8},"end":{"line":39,"column":56}},"27":{"start":{"line":41,"column":8},"end":{"line":41,"column":61}},"28":{"start":{"line":42,"column":8},"end":{"line":42,"column":54}},"29":{"start":{"line":43,"column":8},"end":{"line":43,"column":44}},"30":{"start":{"line":44,"column":8},"end":{"line":49,"column":10}},"31":{"start":{"line":54,"column":0},"end":{"line":60,"column":3}},"32":{"start":{"line":55,"column":4},"end":{"line":59,"column":5}},"33":{"start":{"line":56,"column":8},"end":{"line":56,"column":62}},"34":{"start":{"line":57,"column":8},"end":{"line":57,"column":54}},"35":{"start":{"line":58,"column":8},"end":{"line":58,"column":44}},"36":{"start":{"line":63,"column":0},"end":{"line":81,"column":3}},"37":{"start":{"line":64,"column":4},"end":{"line":80,"column":5}},"38":{"start":{"line":65,"column":8},"end":{"line":65,"column":55}},"39":{"start":{"line":66,"column":8},"end":{"line":66,"column":61}},"40":{"start":{"line":67,"column":11},"end":{"line":80,"column":5}},"41":{"start":{"line":68,"column":8},"end":{"line":68,"column":55}},"42":{"start":{"line":69,"column":8},"end":{"line":69,"column":60}},"43":{"start":{"line":71,"column":8},"end":{"line":71,"column":71}},"44":{"start":{"line":72,"column":8},"end":{"line":72,"column":59}},"45":{"start":{"line":73,"column":8},"end":{"line":73,"column":49}},"46":{"start":{"line":74,"column":8},"end":{"line":79,"column":10}},"47":{"start":{"line":84,"column":0},"end":{"line":90,"column":3}},"48":{"start":{"line":85,"column":4},"end":{"line":89,"column":5}},"49":{"start":{"line":86,"column":8},"end":{"line":86,"column":72}},"50":{"start":{"line":87,"column":8},"end":{"line":87,"column":59}},"51":{"start":{"line":88,"column":8},"end":{"line":88,"column":49}},"52":{"start":{"line":93,"column":0},"end":{"line":111,"column":3}},"53":{"start":{"line":94,"column":4},"end":{"line":110,"column":5}},"54":{"start":{"line":95,"column":8},"end":{"line":95,"column":54}},"55":{"start":{"line":96,"column":8},"end":{"line":96,"column":60}},"56":{"start":{"line":97,"column":11},"end":{"line":110,"column":5}},"57":{"start":{"line":98,"column":8},"end":{"line":98,"column":54}},"58":{"start":{"line":99,"column":8},"end":{"line":99,"column":60}},"59":{"start":{"line":101,"column":8},"end":{"line":101,"column":69}},"60":{"start":{"line":102,"column":8},"end":{"line":102,"column":58}},"61":{"start":{"line":103,"column":8},"end":{"line":103,"column":48}},"62":{"start":{"line":104,"column":8},"end":{"line":109,"column":10}},"63":{"start":{"line":114,"column":0},"end":{"line":120,"column":3}},"64":{"start":{"line":115,"column":4},"end":{"line":119,"column":5}},"65":{"start":{"line":116,"column":8},"end":{"line":116,"column":70}},"66":{"start":{"line":117,"column":8},"end":{"line":117,"column":58}},"67":{"start":{"line":118,"column":8},"end":{"line":118,"column":48}}},"fnMap":{"0":{"name":"(anonymous_0)","decl":{"start":{"line":20,"column":43},"end":{"line":20,"column":44}},"loc":{"start":{"line":20,"column":49},"end":{"line":24,"column":1}},"line":20},"1":{"name":"(anonymous_1)","decl":{"start":{"line":27,"column":44},"end":{"line":27,"column":45}},"loc":{"start":{"line":27,"column":50},"end":{"line":30,"column":1}},"line":27},"2":{"name":"(anonymous_2)","decl":{"start":{"line":33,"column":38},"end":{"line":33,"column":39}},"loc":{"start":{"line":33,"column":44},"end":{"line":51,"column":1}},"line":33},"3":{"name":"(anonymous_3)","decl":{"start":{"line":54,"column":41},"end":{"line":54,"column":42}},"loc":{"start":{"line":54,"column":47},"end":{"line":60,"column":1}},"line":54},"4":{"name":"(anonymous_4)","decl":{"start":{"line":63,"column":43},"end":{"line":63,"column":44}},"loc":{"start":{"line":63,"column":49},"end":{"line":81,"column":1}},"line":63},"5":{"name":"(anonymous_5)","decl":{"start":{"line":84,"column":46},"end":{"line":84,"column":47}},"loc":{"start":{"line":84,"column":52},"end":{"line":90,"column":1}},"line":84},"6":{"name":"(anonymous_6)","decl":{"start":{"line":93,"column":42},"end":{"line":93,"column":43}},"loc":{"start":{"line":93,"column":48},"end":{"line":111,"column":1}},"line":93},"7":{"name":"(anonymous_7)","decl":{"start":{"line":114,"column":45},"end":{"line":114,"column":46}},"loc":{"start":{"line":114,"column":51},"end":{"line":120,"column":1}},"line":114}},"branchMap":{"0":{"loc":{"start":{"line":34,"column":4},"end":{"line":50,"column":5}},"type":"if","locations":[{"start":{"line":34,"column":4},"end":{"line":50,"column":5}},{"start":{"line":34,"column":4},"end":{"line":50,"column":5}}],"line":34},"1":{"loc":{"start":{"line":37,"column":11},"end":{"line":50,"column":5}},"type":"if","locations":[{"start":{"line":37,"column":11},"end":{"line":50,"column":5}},{"start":{"line":37,"column":11},"end":{"line":50,"column":5}}],"line":37},"2":{"loc":{"start":{"line":55,"column":4},"end":{"line":59,"column":5}},"type":"if","locations":[{"start":{"line":55,"column":4},"end":{"line":59,"column":5}},{"start":{"line":55,"column":4},"end":{"line":59,"column":5}}],"line":55},"3":{"loc":{"start":{"line":64,"column":4},"end":{"line":80,"column":5}},"type":"if","locations":[{"start":{"line":64,"column":4},"end":{"line":80,"column":5}},{"start":{"line":64,"column":4},"end":{"line":80,"column":5}}],"line":64},"4":{"loc":{"start":{"line":67,"column":11},"end":{"line":80,"column":5}},"type":"if","locations":[{"start":{"line":67,"column":11},"end":{"line":80,"column":5}},{"start":{"line":67,"column":11},"end":{"line":80,"column":5}}],"line":67},"5":{"loc":{"start":{"line":85,"column":4},"end":{"line":89,"column":5}},"type":"if","locations":[{"start":{"line":85,"column":4},"end":{"line":89,"column":5}},{"start":{"line":85,"column":4},"end":{"line":89,"column":5}}],"line":85},"6":{"loc":{"start":{"line":94,"column":4},"end":{"line":110,"column":5}},"type":"if","locations":[{"start":{"line":94,"column":4},"end":{"line":110,"column":5}},{"start":{"line":94,"column":4},"end":{"line":110,"column":5}}],"line":94},"7":{"loc":{"start":{"line":97,"column":11},"end":{"line":110,"column":5}},"type":"if","locations":[{"start":{"line":97,"column":11},"end":{"line":110,"column":5}},{"start":{"line":97,"column":11},"end":{"line":110,"column":5}}],"line":97},"8":{"loc":{"start":{"line":115,"column":4},"end":{"line":119,"column":5}},"type":"if","locations":[{"start":{"line":115,"column":4},"end":{"line":119,"column":5}},{"start":{"line":115,"column":4},"end":{"line":119,"column":5}}],"line":115}},"s":{"0":172,"1":172,"2":172,"3":172,"4":172,"5":172,"6":172,"7":172,"8":172,"9":172,"10":172,"11":172,"12":172,"13":172,"14":2,"15":2,"16":2,"17":172,"18":2,"19":2,"20":172,"21":44,"22":16,"23":16,"24":28,"25":6,"26":6,"27":22,"28":22,"29":22,"30":22,"31":172,"32":4,"33":2,"34":2,"35":2,"36":172,"37":32,"38":8,"39":8,"40":24,"41":10,"42":10,"43":14,"44":14,"45":14,"46":14,"47":172,"48":4,"49":2,"50":2,"51":2,"52":172,"53":28,"54":8,"55":8,"56":20,"57":10,"58":10,"59":10,"60":10,"61":10,"62":10,"63":172,"64":4,"65":2,"66":2,"67":2},"f":{"0":2,"1":2,"2":44,"3":4,"4":32,"5":4,"6":28,"7":4},"b":{"0":[16,28],"1":[6,22],"2":[2,2],"3":[8,24],"4":[10,14],"5":[2,2],"6":[8,20],"7":[10,10],"8":[2,2]}},"C:\\Users\\kevin\\Desktop\\CS\\CSE110\\testing\\source\\scripts\\task-list-local-storage.js":{"path":"C:\\Users\\kevin\\Desktop\\CS\\CSE110\\testing\\source\\scripts\\task-list-local-storage.js","statementMap":{"0":{"start":{"line":7,"column":13},"end":{"line":7,"column":32}},"1":{"start":{"line":8,"column":12},"end":{"line":8,"column":45}},"2":{"start":{"line":15,"column":16},"end":{"line":27,"column":1}},"3":{"start":{"line":16,"column":18},"end":{"line":16,"column":51}},"4":{"start":{"line":18,"column":17},"end":{"line":22,"column":5}},"5":{"start":{"line":24,"column":4},"end":{"line":24,"column":26}},"6":{"start":{"line":25,"column":4},"end":{"line":25,"column":49}},"7":{"start":{"line":26,"column":4},"end":{"line":26,"column":16}},"8":{"start":{"line":34,"column":18},"end":{"line":68,"column":1}},"9":{"start":{"line":35,"column":18},"end":{"line":35,"column":51}},"10":{"start":{"line":36,"column":20},"end":{"line":36,"column":25}},"11":{"start":{"line":39,"column":4},"end":{"line":46,"column":5}},"12":{"start":{"line":39,"column":21},"end":{"line":39,"column":22}},"13":{"start":{"line":40,"column":21},"end":{"line":40,"column":38}},"14":{"start":{"line":41,"column":8},"end":{"line":45,"column":9}},"15":{"start":{"line":42,"column":12},"end":{"line":42,"column":40}},"16":{"start":{"line":43,"column":12},"end":{"line":43,"column":29}},"17":{"start":{"line":44,"column":12},"end":{"line":44,"column":18}},"18":{"start":{"line":48,"column":4},"end":{"line":49,"column":21}},"19":{"start":{"line":49,"column":8},"end":{"line":49,"column":21}},"20":{"start":{"line":52,"column":4},"end":{"line":55,"column":5}},"21":{"start":{"line":52,"column":21},"end":{"line":52,"column":22}},"22":{"start":{"line":53,"column":21},"end":{"line":53,"column":38}},"23":{"start":{"line":54,"column":8},"end":{"line":54,"column":24}},"24":{"start":{"line":58,"column":4},"end":{"line":64,"column":5}},"25":{"start":{"line":59,"column":8},"end":{"line":59,"column":35}},"26":{"start":{"line":60,"column":8},"end":{"line":60,"column":39}},"27":{"start":{"line":61,"column":8},"end":{"line":61,"column":33}},"28":{"start":{"line":62,"column":11},"end":{"line":64,"column":5}},"29":{"start":{"line":63,"column":8},"end":{"line":63,"column":31}},"30":{"start":{"line":66,"column":4},"end":{"line":66,"column":49}},"31":{"start":{"line":67,"column":4},"end":{"line":67,"column":16}},"32":{"start":{"line":76,"column":17},"end":{"line":89,"column":1}},"33":{"start":{"line":77,"column":18},"end":{"line":77,"column":51}},"34":{"start":{"line":80,"column":4},"end":{"line":87,"column":5}},"35":{"start":{"line":80,"column":21},"end":{"line":80,"column":22}},"36":{"start":{"line":81,"column":21},"end":{"line":81,"column":38}},"37":{"start":{"line":82,"column":8},"end":{"line":86,"column":9}},"38":{"start":{"line":83,"column":12},"end":{"line":83,"column":33}},"39":{"start":{"line":84,"column":12},"end":{"line":84,"column":57}},"40":{"start":{"line":85,"column":12},"end":{"line":85,"column":24}},"41":{"start":{"line":88,"column":4},"end":{"line":88,"column":17}},"42":{"start":{"line":97,"column":15},"end":{"line":112,"column":1}},"43":{"start":{"line":98,"column":20},"end":{"line":98,"column":24}},"44":{"start":{"line":100,"column":4},"end":{"line":100,"column":46}},"45":{"start":{"line":103,"column":4},"end":{"line":110,"column":5}},"46":{"start":{"line":103,"column":15},"end":{"line":103,"column":16}},"47":{"start":{"line":104,"column":19},"end":{"line":104,"column":32}},"48":{"start":{"line":105,"column":8},"end":{"line":109,"column":9}},"49":{"start":{"line":106,"column":12},"end":{"line":106,"column":32}},"50":{"start":{"line":107,"column":12},"end":{"line":107,"column":57}},"51":{"start":{"line":108,"column":12},"end":{"line":108,"column":24}},"52":{"start":{"line":111,"column":4},"end":{"line":111,"column":17}},"53":{"start":{"line":118,"column":21},"end":{"line":127,"column":1}},"54":{"start":{"line":119,"column":4},"end":{"line":119,"column":46}},"55":{"start":{"line":120,"column":23},"end":{"line":120,"column":37}},"56":{"start":{"line":122,"column":4},"end":{"line":122,"column":39}},"57":{"start":{"line":123,"column":4},"end":{"line":123,"column":34}},"58":{"start":{"line":126,"column":4},"end":{"line":126,"column":49}}},"fnMap":{"0":{"name":"(anonymous_0)","decl":{"start":{"line":15,"column":16},"end":{"line":15,"column":17}},"loc":{"start":{"line":15,"column":32},"end":{"line":27,"column":1}},"line":15},"1":{"name":"(anonymous_1)","decl":{"start":{"line":34,"column":18},"end":{"line":34,"column":19}},"loc":{"start":{"line":34,"column":31},"end":{"line":68,"column":1}},"line":34},"2":{"name":"(anonymous_2)","decl":{"start":{"line":76,"column":17},"end":{"line":76,"column":18}},"loc":{"start":{"line":76,"column":37},"end":{"line":89,"column":1}},"line":76},"3":{"name":"(anonymous_3)","decl":{"start":{"line":97,"column":15},"end":{"line":97,"column":16}},"loc":{"start":{"line":97,"column":34},"end":{"line":112,"column":1}},"line":97},"4":{"name":"(anonymous_4)","decl":{"start":{"line":118,"column":21},"end":{"line":118,"column":22}},"loc":{"start":{"line":118,"column":40},"end":{"line":127,"column":1}},"line":118}},"branchMap":{"0":{"loc":{"start":{"line":41,"column":8},"end":{"line":45,"column":9}},"type":"if","locations":[{"start":{"line":41,"column":8},"end":{"line":45,"column":9}},{"start":{"line":41,"column":8},"end":{"line":45,"column":9}}],"line":41},"1":{"loc":{"start":{"line":48,"column":4},"end":{"line":49,"column":21}},"type":"if","locations":[{"start":{"line":48,"column":4},"end":{"line":49,"column":21}},{"start":{"line":48,"column":4},"end":{"line":49,"column":21}}],"line":48},"2":{"loc":{"start":{"line":58,"column":4},"end":{"line":64,"column":5}},"type":"if","locations":[{"start":{"line":58,"column":4},"end":{"line":64,"column":5}},{"start":{"line":58,"column":4},"end":{"line":64,"column":5}}],"line":58},"3":{"loc":{"start":{"line":62,"column":11},"end":{"line":64,"column":5}},"type":"if","locations":[{"start":{"line":62,"column":11},"end":{"line":64,"column":5}},{"start":{"line":62,"column":11},"end":{"line":64,"column":5}}],"line":62},"4":{"loc":{"start":{"line":82,"column":8},"end":{"line":86,"column":9}},"type":"if","locations":[{"start":{"line":82,"column":8},"end":{"line":86,"column":9}},{"start":{"line":82,"column":8},"end":{"line":86,"column":9}}],"line":82},"5":{"loc":{"start":{"line":105,"column":8},"end":{"line":109,"column":9}},"type":"if","locations":[{"start":{"line":105,"column":8},"end":{"line":109,"column":9}},{"start":{"line":105,"column":8},"end":{"line":109,"column":9}}],"line":105}},"s":{"0":174,"1":174,"2":174,"3":146,"4":146,"5":146,"6":146,"7":146,"8":174,"9":22,"10":22,"11":22,"12":22,"13":24,"14":24,"15":20,"16":20,"17":20,"18":22,"19":2,"20":20,"21":20,"22":18,"23":18,"24":20,"25":8,"26":8,"27":8,"28":12,"29":2,"30":20,"31":20,"32":174,"33":19,"34":19,"35":19,"36":19,"37":19,"38":17,"39":17,"40":17,"41":2,"42":174,"43":8,"44":8,"45":8,"46":8,"47":8,"48":8,"49":6,"50":6,"51":6,"52":2,"53":174,"54":49,"55":49,"56":49,"57":49,"58":49},"f":{"0":146,"1":22,"2":19,"3":8,"4":49},"b":{"0":[20,4],"1":[2,20],"2":[8,12],"3":[2,10],"4":[17,2],"5":[6,2]},"_coverageSchema":"1a1c01bbd47fc00a2c39e90264f33305004495a9","hash":"b346633e902f84d9ae85df2477eaaf03dc97f64d"},"C:\\Users\\kevin\\Desktop\\CS\\CSE110\\testing\\source\\scripts\\task-list.js":{"path":"C:\\Users\\kevin\\Desktop\\CS\\CSE110\\testing\\source\\scripts\\task-list.js","statementMap":{"0":{"start":{"line":13,"column":25},"end":{"line":13,"column":27}},"1":{"start":{"line":20,"column":19},"end":{"line":20,"column":26}},"2":{"start":{"line":27,"column":20},"end":{"line":27,"column":29}},"3":{"start":{"line":34,"column":31},"end":{"line":34,"column":40}},"4":{"start":{"line":41,"column":25},"end":{"line":41,"column":27}},"5":{"start":{"line":48,"column":18},"end":{"line":48,"column":20}},"6":{"start":{"line":50,"column":16},"end":{"line":50,"column":51}},"7":{"start":{"line":51,"column":18},"end":{"line":51,"column":50}},"8":{"start":{"line":54,"column":13},"end":{"line":54,"column":32}},"9":{"start":{"line":55,"column":12},"end":{"line":55,"column":45}},"10":{"start":{"line":57,"column":0},"end":{"line":64,"column":1}},"11":{"start":{"line":58,"column":21},"end":{"line":61,"column":15}},"12":{"start":{"line":62,"column":4},"end":{"line":62,"column":52}},"13":{"start":{"line":63,"column":4},"end":{"line":63,"column":46}},"14":{"start":{"line":67,"column":0},"end":{"line":72,"column":3}},"15":{"start":{"line":68,"column":4},"end":{"line":71,"column":5}},"16":{"start":{"line":68,"column":17},"end":{"line":68,"column":18}},"17":{"start":{"line":69,"column":21},"end":{"line":69,"column":34}},"18":{"start":{"line":70,"column":8},"end":{"line":70,"column":63}},"19":{"start":{"line":81,"column":27},"end":{"line":150,"column":1}},"20":{"start":{"line":84,"column":19},"end":{"line":84,"column":47}},"21":{"start":{"line":85,"column":4},"end":{"line":85,"column":47}},"22":{"start":{"line":88,"column":19},"end":{"line":88,"column":50}},"23":{"start":{"line":89,"column":4},"end":{"line":89,"column":31}},"24":{"start":{"line":90,"column":4},"end":{"line":90,"column":31}},"25":{"start":{"line":93,"column":20},"end":{"line":93,"column":51}},"26":{"start":{"line":94,"column":4},"end":{"line":94,"column":28}},"27":{"start":{"line":95,"column":4},"end":{"line":95,"column":33}},"28":{"start":{"line":96,"column":4},"end":{"line":96,"column":22}},"29":{"start":{"line":97,"column":4},"end":{"line":97,"column":28}},"30":{"start":{"line":98,"column":4},"end":{"line":98,"column":58}},"31":{"start":{"line":99,"column":4},"end":{"line":105,"column":5}},"32":{"start":{"line":100,"column":8},"end":{"line":100,"column":55}},"33":{"start":{"line":101,"column":8},"end":{"line":101,"column":56}},"34":{"start":{"line":103,"column":8},"end":{"line":103,"column":43}},"35":{"start":{"line":104,"column":8},"end":{"line":104,"column":48}},"36":{"start":{"line":108,"column":21},"end":{"line":108,"column":66}},"37":{"start":{"line":109,"column":4},"end":{"line":110,"column":44}},"38":{"start":{"line":110,"column":8},"end":{"line":110,"column":44}},"39":{"start":{"line":113,"column":22},"end":{"line":113,"column":51}},"40":{"start":{"line":114,"column":4},"end":{"line":114,"column":50}},"41":{"start":{"line":117,"column":25},"end":{"line":117,"column":56}},"42":{"start":{"line":118,"column":4},"end":{"line":118,"column":56}},"43":{"start":{"line":119,"column":4},"end":{"line":119,"column":34}},"44":{"start":{"line":120,"column":4},"end":{"line":120,"column":49}},"45":{"start":{"line":121,"column":4},"end":{"line":121,"column":71}},"46":{"start":{"line":122,"column":4},"end":{"line":122,"column":59}},"47":{"start":{"line":123,"column":4},"end":{"line":123,"column":60}},"48":{"start":{"line":126,"column":29},"end":{"line":126,"column":58}},"49":{"start":{"line":127,"column":4},"end":{"line":127,"column":65}},"50":{"start":{"line":130,"column":21},"end":{"line":130,"column":48}},"51":{"start":{"line":131,"column":4},"end":{"line":131,"column":50}},"52":{"start":{"line":132,"column":4},"end":{"line":132,"column":36}},"53":{"start":{"line":135,"column":20},"end":{"line":135,"column":47}},"54":{"start":{"line":136,"column":4},"end":{"line":136,"column":53}},"55":{"start":{"line":137,"column":4},"end":{"line":137,"column":34}},"56":{"start":{"line":139,"column":4},"end":{"line":139,"column":47}},"57":{"start":{"line":140,"column":4},"end":{"line":140,"column":46}},"58":{"start":{"line":142,"column":4},"end":{"line":142,"column":44}},"59":{"start":{"line":143,"column":4},"end":{"line":143,"column":48}},"60":{"start":{"line":145,"column":4},"end":{"line":145,"column":35}},"61":{"start":{"line":146,"column":4},"end":{"line":146,"column":36}},"62":{"start":{"line":147,"column":4},"end":{"line":147,"column":38}},"63":{"start":{"line":149,"column":4},"end":{"line":149,"column":20}},"64":{"start":{"line":159,"column":14},"end":{"line":171,"column":1}},"65":{"start":{"line":161,"column":4},"end":{"line":162,"column":21}},"66":{"start":{"line":162,"column":8},"end":{"line":162,"column":21}},"67":{"start":{"line":164,"column":19},"end":{"line":164,"column":62}},"68":{"start":{"line":166,"column":4},"end":{"line":166,"column":38}},"69":{"start":{"line":168,"column":4},"end":{"line":168,"column":29}},"70":{"start":{"line":170,"column":4},"end":{"line":170,"column":16}},"71":{"start":{"line":180,"column":17},"end":{"line":196,"column":1}},"72":{"start":{"line":182,"column":19},"end":{"line":182,"column":56}},"73":{"start":{"line":183,"column":13},"end":{"line":183,"column":32}},"74":{"start":{"line":186,"column":4},"end":{"line":186,"column":41}},"75":{"start":{"line":189,"column":4},"end":{"line":189,"column":29}},"76":{"start":{"line":192,"column":19},"end":{"line":192,"column":30}},"77":{"start":{"line":193,"column":4},"end":{"line":195,"column":5}},"78":{"start":{"line":193,"column":17},"end":{"line":193,"column":18}},"79":{"start":{"line":194,"column":8},"end":{"line":194,"column":39}},"80":{"start":{"line":201,"column":21},"end":{"line":235,"column":1}},"81":{"start":{"line":202,"column":19},"end":{"line":202,"column":56}},"82":{"start":{"line":203,"column":15},"end":{"line":203,"column":57}},"83":{"start":{"line":205,"column":4},"end":{"line":205,"column":46}},"84":{"start":{"line":208,"column":23},"end":{"line":208,"column":37}},"85":{"start":{"line":211,"column":4},"end":{"line":221,"column":5}},"86":{"start":{"line":212,"column":8},"end":{"line":212,"column":38}},"87":{"start":{"line":213,"column":8},"end":{"line":213,"column":33}},"88":{"start":{"line":214,"column":8},"end":{"line":214,"column":31}},"89":{"start":{"line":215,"column":8},"end":{"line":215,"column":37}},"90":{"start":{"line":217,"column":8},"end":{"line":217,"column":39}},"91":{"start":{"line":218,"column":8},"end":{"line":218,"column":34}},"92":{"start":{"line":219,"column":8},"end":{"line":219,"column":39}},"93":{"start":{"line":220,"column":8},"end":{"line":220,"column":29}},"94":{"start":{"line":224,"column":4},"end":{"line":234,"column":5}},"95":{"start":{"line":224,"column":17},"end":{"line":224,"column":18}},"96":{"start":{"line":225,"column":28},"end":{"line":225,"column":63}},"97":{"start":{"line":226,"column":25},"end":{"line":226,"column":60}},"98":{"start":{"line":227,"column":8},"end":{"line":233,"column":9}},"99":{"start":{"line":228,"column":12},"end":{"line":232,"column":13}},"100":{"start":{"line":229,"column":16},"end":{"line":229,"column":65}},"101":{"start":{"line":231,"column":16},"end":{"line":231,"column":53}},"102":{"start":{"line":241,"column":21},"end":{"line":346,"column":1}},"103":{"start":{"line":244,"column":19},"end":{"line":244,"column":69}},"104":{"start":{"line":245,"column":15},"end":{"line":245,"column":61}},"105":{"start":{"line":246,"column":25},"end":{"line":246,"column":70}},"106":{"start":{"line":247,"column":23},"end":{"line":247,"column":70}},"107":{"start":{"line":248,"column":27},"end":{"line":248,"column":74}},"108":{"start":{"line":252,"column":4},"end":{"line":255,"column":6}},"109":{"start":{"line":254,"column":8},"end":{"line":254,"column":54}},"110":{"start":{"line":258,"column":4},"end":{"line":261,"column":6}},"111":{"start":{"line":259,"column":8},"end":{"line":260,"column":50}},"112":{"start":{"line":260,"column":12},"end":{"line":260,"column":50}},"113":{"start":{"line":263,"column":4},"end":{"line":280,"column":6}},"114":{"start":{"line":266,"column":8},"end":{"line":270,"column":9}},"115":{"start":{"line":267,"column":12},"end":{"line":267,"column":47}},"116":{"start":{"line":269,"column":12},"end":{"line":269,"column":48}},"117":{"start":{"line":273,"column":8},"end":{"line":277,"column":9}},"118":{"start":{"line":274,"column":12},"end":{"line":274,"column":52}},"119":{"start":{"line":276,"column":12},"end":{"line":276,"column":51}},"120":{"start":{"line":279,"column":8},"end":{"line":279,"column":55}},"121":{"start":{"line":282,"column":4},"end":{"line":294,"column":6}},"122":{"start":{"line":283,"column":20},"end":{"line":283,"column":40}},"123":{"start":{"line":284,"column":8},"end":{"line":293,"column":9}},"124":{"start":{"line":284,"column":21},"end":{"line":284,"column":22}},"125":{"start":{"line":285,"column":23},"end":{"line":285,"column":31}},"126":{"start":{"line":286,"column":33},"end":{"line":286,"column":61}},"127":{"start":{"line":287,"column":34},"end":{"line":287,"column":62}},"128":{"start":{"line":288,"column":12},"end":{"line":292,"column":13}},"129":{"start":{"line":289,"column":16},"end":{"line":289,"column":46}},"130":{"start":{"line":290,"column":16},"end":{"line":290,"column":55}},"131":{"start":{"line":291,"column":16},"end":{"line":291,"column":54}},"132":{"start":{"line":296,"column":23},"end":{"line":296,"column":66}},"133":{"start":{"line":297,"column":27},"end":{"line":297,"column":74}},"134":{"start":{"line":299,"column":4},"end":{"line":299,"column":46}},"135":{"start":{"line":300,"column":4},"end":{"line":300,"column":38}},"136":{"start":{"line":302,"column":4},"end":{"line":323,"column":6}},"137":{"start":{"line":303,"column":8},"end":{"line":322,"column":9}},"138":{"start":{"line":304,"column":27},"end":{"line":304,"column":42}},"139":{"start":{"line":305,"column":21},"end":{"line":305,"column":40}},"140":{"start":{"line":308,"column":12},"end":{"line":308,"column":37}},"141":{"start":{"line":310,"column":12},"end":{"line":310,"column":49}},"142":{"start":{"line":312,"column":27},"end":{"line":312,"column":38}},"143":{"start":{"line":313,"column":12},"end":{"line":315,"column":13}},"144":{"start":{"line":313,"column":25},"end":{"line":313,"column":26}},"145":{"start":{"line":314,"column":16},"end":{"line":314,"column":47}},"146":{"start":{"line":317,"column":27},"end":{"line":317,"column":69}},"147":{"start":{"line":318,"column":12},"end":{"line":318,"column":42}},"148":{"start":{"line":319,"column":12},"end":{"line":321,"column":13}},"149":{"start":{"line":320,"column":16},"end":{"line":320,"column":65}},"150":{"start":{"line":326,"column":4},"end":{"line":345,"column":6}},"151":{"start":{"line":327,"column":8},"end":{"line":344,"column":9}},"152":{"start":{"line":328,"column":12},"end":{"line":328,"column":55}},"153":{"start":{"line":329,"column":12},"end":{"line":329,"column":54}},"154":{"start":{"line":330,"column":12},"end":{"line":330,"column":38}},"155":{"start":{"line":333,"column":12},"end":{"line":333,"column":54}},"156":{"start":{"line":334,"column":12},"end":{"line":339,"column":13}},"157":{"start":{"line":335,"column":16},"end":{"line":335,"column":58}},"158":{"start":{"line":336,"column":16},"end":{"line":336,"column":43}},"159":{"start":{"line":337,"column":16},"end":{"line":337,"column":41}},"160":{"start":{"line":338,"column":16},"end":{"line":338,"column":47}},"161":{"start":{"line":341,"column":12},"end":{"line":341,"column":47}},"162":{"start":{"line":342,"column":12},"end":{"line":342,"column":42}},"163":{"start":{"line":343,"column":12},"end":{"line":343,"column":39}},"164":{"start":{"line":349,"column":0},"end":{"line":356,"column":3}},"165":{"start":{"line":350,"column":4},"end":{"line":355,"column":5}},"166":{"start":{"line":351,"column":8},"end":{"line":351,"column":50}},"167":{"start":{"line":352,"column":8},"end":{"line":353,"column":39}},"168":{"start":{"line":353,"column":12},"end":{"line":353,"column":39}},"169":{"start":{"line":354,"column":8},"end":{"line":354,"column":31}}},"fnMap":{"0":{"name":"(anonymous_0)","decl":{"start":{"line":67,"column":44},"end":{"line":67,"column":45}},"loc":{"start":{"line":67,"column":55},"end":{"line":72,"column":1}},"line":67},"1":{"name":"(anonymous_1)","decl":{"start":{"line":81,"column":27},"end":{"line":81,"column":28}},"loc":{"start":{"line":81,"column":61},"end":{"line":150,"column":1}},"line":81},"2":{"name":"(anonymous_2)","decl":{"start":{"line":159,"column":14},"end":{"line":159,"column":15}},"loc":{"start":{"line":159,"column":46},"end":{"line":171,"column":1}},"line":159},"3":{"name":"(anonymous_3)","decl":{"start":{"line":180,"column":17},"end":{"line":180,"column":18}},"loc":{"start":{"line":180,"column":28},"end":{"line":196,"column":1}},"line":180},"4":{"name":"(anonymous_4)","decl":{"start":{"line":201,"column":21},"end":{"line":201,"column":22}},"loc":{"start":{"line":201,"column":32},"end":{"line":235,"column":1}},"line":201},"5":{"name":"(anonymous_5)","decl":{"start":{"line":241,"column":21},"end":{"line":241,"column":22}},"loc":{"start":{"line":241,"column":44},"end":{"line":346,"column":1}},"line":241},"6":{"name":"(anonymous_6)","decl":{"start":{"line":252,"column":31},"end":{"line":252,"column":32}},"loc":{"start":{"line":252,"column":42},"end":{"line":255,"column":5}},"line":252},"7":{"name":"(anonymous_7)","decl":{"start":{"line":258,"column":30},"end":{"line":258,"column":31}},"loc":{"start":{"line":258,"column":41},"end":{"line":261,"column":5}},"line":258},"8":{"name":"(anonymous_8)","decl":{"start":{"line":263,"column":29},"end":{"line":263,"column":30}},"loc":{"start":{"line":263,"column":40},"end":{"line":280,"column":5}},"line":263},"9":{"name":"(anonymous_9)","decl":{"start":{"line":282,"column":21},"end":{"line":282,"column":22}},"loc":{"start":{"line":282,"column":33},"end":{"line":294,"column":5}},"line":282},"10":{"name":"(anonymous_10)","decl":{"start":{"line":302,"column":20},"end":{"line":302,"column":21}},"loc":{"start":{"line":302,"column":32},"end":{"line":323,"column":5}},"line":302},"11":{"name":"(anonymous_11)","decl":{"start":{"line":326,"column":24},"end":{"line":326,"column":25}},"loc":{"start":{"line":326,"column":35},"end":{"line":345,"column":5}},"line":326},"12":{"name":"(anonymous_12)","decl":{"start":{"line":349,"column":36},"end":{"line":349,"column":37}},"loc":{"start":{"line":349,"column":52},"end":{"line":356,"column":1}},"line":349}},"branchMap":{"0":{"loc":{"start":{"line":57,"column":0},"end":{"line":64,"column":1}},"type":"if","locations":[{"start":{"line":57,"column":0},"end":{"line":64,"column":1}},{"start":{"line":57,"column":0},"end":{"line":64,"column":1}}],"line":57},"1":{"loc":{"start":{"line":99,"column":4},"end":{"line":105,"column":5}},"type":"if","locations":[{"start":{"line":99,"column":4},"end":{"line":105,"column":5}},{"start":{"line":99,"column":4},"end":{"line":105,"column":5}}],"line":99},"2":{"loc":{"start":{"line":109,"column":4},"end":{"line":110,"column":44}},"type":"if","locations":[{"start":{"line":109,"column":4},"end":{"line":110,"column":44}},{"start":{"line":109,"column":4},"end":{"line":110,"column":44}}],"line":109},"3":{"loc":{"start":{"line":161,"column":4},"end":{"line":162,"column":21}},"type":"if","locations":[{"start":{"line":161,"column":4},"end":{"line":162,"column":21}},{"start":{"line":161,"column":4},"end":{"line":162,"column":21}}],"line":161},"4":{"loc":{"start":{"line":211,"column":4},"end":{"line":221,"column":5}},"type":"if","locations":[{"start":{"line":211,"column":4},"end":{"line":221,"column":5}},{"start":{"line":211,"column":4},"end":{"line":221,"column":5}}],"line":211},"5":{"loc":{"start":{"line":227,"column":8},"end":{"line":233,"column":9}},"type":"if","locations":[{"start":{"line":227,"column":8},"end":{"line":233,"column":9}},{"start":{"line":227,"column":8},"end":{"line":233,"column":9}}],"line":227},"6":{"loc":{"start":{"line":228,"column":12},"end":{"line":232,"column":13}},"type":"if","locations":[{"start":{"line":228,"column":12},"end":{"line":232,"column":13}},{"start":{"line":228,"column":12},"end":{"line":232,"column":13}}],"line":228},"7":{"loc":{"start":{"line":259,"column":8},"end":{"line":260,"column":50}},"type":"if","locations":[{"start":{"line":259,"column":8},"end":{"line":260,"column":50}},{"start":{"line":259,"column":8},"end":{"line":260,"column":50}}],"line":259},"8":{"loc":{"start":{"line":266,"column":8},"end":{"line":270,"column":9}},"type":"if","locations":[{"start":{"line":266,"column":8},"end":{"line":270,"column":9}},{"start":{"line":266,"column":8},"end":{"line":270,"column":9}}],"line":266},"9":{"loc":{"start":{"line":273,"column":8},"end":{"line":277,"column":9}},"type":"if","locations":[{"start":{"line":273,"column":8},"end":{"line":277,"column":9}},{"start":{"line":273,"column":8},"end":{"line":277,"column":9}}],"line":273},"10":{"loc":{"start":{"line":288,"column":12},"end":{"line":292,"column":13}},"type":"if","locations":[{"start":{"line":288,"column":12},"end":{"line":292,"column":13}},{"start":{"line":288,"column":12},"end":{"line":292,"column":13}}],"line":288},"11":{"loc":{"start":{"line":288,"column":16},"end":{"line":288,"column":70}},"type":"binary-expr","locations":[{"start":{"line":288,"column":16},"end":{"line":288,"column":45}},{"start":{"line":288,"column":49},"end":{"line":288,"column":70}}],"line":288},"12":{"loc":{"start":{"line":303,"column":8},"end":{"line":322,"column":9}},"type":"if","locations":[{"start":{"line":303,"column":8},"end":{"line":322,"column":9}},{"start":{"line":303,"column":8},"end":{"line":322,"column":9}}],"line":303},"13":{"loc":{"start":{"line":319,"column":12},"end":{"line":321,"column":13}},"type":"if","locations":[{"start":{"line":319,"column":12},"end":{"line":321,"column":13}},{"start":{"line":319,"column":12},"end":{"line":321,"column":13}}],"line":319},"14":{"loc":{"start":{"line":327,"column":8},"end":{"line":344,"column":9}},"type":"if","locations":[{"start":{"line":327,"column":8},"end":{"line":344,"column":9}},{"start":{"line":327,"column":8},"end":{"line":344,"column":9}}],"line":327},"15":{"loc":{"start":{"line":334,"column":12},"end":{"line":339,"column":13}},"type":"if","locations":[{"start":{"line":334,"column":12},"end":{"line":339,"column":13}},{"start":{"line":334,"column":12},"end":{"line":339,"column":13}}],"line":334},"16":{"loc":{"start":{"line":350,"column":4},"end":{"line":355,"column":5}},"type":"if","locations":[{"start":{"line":350,"column":4},"end":{"line":355,"column":5}},{"start":{"line":350,"column":4},"end":{"line":355,"column":5}}],"line":350},"17":{"loc":{"start":{"line":352,"column":8},"end":{"line":353,"column":39}},"type":"if","locations":[{"start":{"line":352,"column":8},"end":{"line":353,"column":39}},{"start":{"line":352,"column":8},"end":{"line":353,"column":39}}],"line":352},"18":{"loc":{"start":{"line":352,"column":12},"end":{"line":352,"column":100}},"type":"binary-expr","locations":[{"start":{"line":352,"column":12},"end":{"line":352,"column":46}},{"start":{"line":352,"column":50},"end":{"line":352,"column":100}}],"line":352}},"s":{"0":172,"1":172,"2":172,"3":172,"4":172,"5":172,"6":172,"7":172,"8":172,"9":172,"10":172,"11":169,"12":169,"13":169,"14":172,"15":172,"16":172,"17":3,"18":3,"19":172,"20":123,"21":123,"22":123,"23":123,"24":123,"25":123,"26":123,"27":123,"28":123,"29":123,"30":123,"31":123,"32":2,"33":2,"34":121,"35":121,"36":123,"37":123,"38":1,"39":123,"40":123,"41":123,"42":123,"43":123,"44":123,"45":123,"46":123,"47":123,"48":123,"49":123,"50":123,"51":123,"52":123,"53":123,"54":123,"55":123,"56":123,"57":123,"58":123,"59":123,"60":123,"61":123,"62":123,"63":123,"64":172,"65":125,"66":2,"67":123,"68":123,"69":123,"70":123,"71":172,"72":12,"73":12,"74":12,"75":12,"76":12,"77":12,"78":12,"79":8,"80":172,"81":35,"82":35,"83":35,"84":35,"85":35,"86":6,"87":6,"88":6,"89":6,"90":29,"91":29,"92":29,"93":29,"94":35,"95":35,"96":47,"97":47,"98":47,"99":18,"100":2,"101":16,"102":172,"103":123,"104":123,"105":123,"106":123,"107":123,"108":123,"109":133,"110":123,"111":91,"112":83,"113":123,"114":12,"115":2,"116":10,"117":12,"118":10,"119":2,"120":12,"121":123,"122":185,"123":185,"124":185,"125":233,"126":233,"127":233,"128":233,"129":6,"130":6,"131":6,"132":123,"133":123,"134":123,"135":123,"136":123,"137":6,"138":2,"139":2,"140":2,"141":2,"142":2,"143":2,"144":2,"145":4,"146":4,"147":4,"148":4,"149":2,"150":123,"151":15,"152":13,"153":13,"154":13,"155":13,"156":13,"157":2,"158":2,"159":2,"160":2,"161":2,"162":2,"163":2,"164":172,"165":1162,"166":128,"167":128,"168":120,"169":128},"f":{"0":172,"1":123,"2":125,"3":12,"4":35,"5":123,"6":133,"7":91,"8":12,"9":185,"10":6,"11":15,"12":1162},"b":{"0":[169,3],"1":[2,121],"2":[1,122],"3":[2,123],"4":[6,29],"5":[18,29],"6":[2,16],"7":[83,8],"8":[2,10],"9":[10,2],"10":[6,227],"11":[233,221],"12":[2,4],"13":[2,2],"14":[13,2],"15":[2,11],"16":[128,1034],"17":[120,8],"18":[128,122]}}}