{"C:\\Users\\kevin\\Desktop\\CS\\CSE110\\coverage\\source\\app.js": {"path":"C:\\Users\\kevin\\Desktop\\CS\\CSE110\\coverage\\source\\app.js","statementMap":{"0":{"start":{"line":10,"column":12},"end":{"line":10,"column":42}},"1":{"start":{"line":11,"column":14},"end":{"line":11,"column":46}},"2":{"start":{"line":12,"column":16},"end":{"line":12,"column":50}},"3":{"start":{"line":13,"column":19},"end":{"line":13,"column":56}},"4":{"start":{"line":14,"column":19},"end":{"line":14,"column":36}},"5":{"start":{"line":15,"column":16},"end":{"line":15,"column":21}},"6":{"start":{"line":18,"column":0},"end":{"line":32,"column":3}},"7":{"start":{"line":19,"column":4},"end":{"line":21,"column":52}},"8":{"start":{"line":23,"column":4},"end":{"line":23,"column":44}},"9":{"start":{"line":24,"column":4},"end":{"line":24,"column":34}},"10":{"start":{"line":25,"column":4},"end":{"line":25,"column":27}},"11":{"start":{"line":26,"column":4},"end":{"line":26,"column":65}},"12":{"start":{"line":28,"column":22},"end":{"line":28,"column":60}},"13":{"start":{"line":29,"column":4},"end":{"line":31,"column":7}},"14":{"start":{"line":30,"column":8},"end":{"line":30,"column":34}},"15":{"start":{"line":35,"column":24},"end":{"line":56,"column":1}},"16":{"start":{"line":37,"column":4},"end":{"line":55,"column":5}},"17":{"start":{"line":38,"column":8},"end":{"line":38,"column":41}},"18":{"start":{"line":39,"column":8},"end":{"line":45,"column":9}},"19":{"start":{"line":40,"column":12},"end":{"line":40,"column":48}},"20":{"start":{"line":41,"column":12},"end":{"line":41,"column":38}},"21":{"start":{"line":42,"column":15},"end":{"line":45,"column":9}},"22":{"start":{"line":43,"column":12},"end":{"line":43,"column":46}},"23":{"start":{"line":44,"column":12},"end":{"line":44,"column":38}},"24":{"start":{"line":47,"column":8},"end":{"line":54,"column":9}},"25":{"start":{"line":48,"column":12},"end":{"line":48,"column":47}},"26":{"start":{"line":49,"column":12},"end":{"line":49,"column":40}},"27":{"start":{"line":51,"column":12},"end":{"line":51,"column":35}},"28":{"start":{"line":52,"column":12},"end":{"line":52,"column":40}},"29":{"start":{"line":53,"column":12},"end":{"line":53,"column":40}},"30":{"start":{"line":59,"column":0},"end":{"line":62,"column":2}},"31":{"start":{"line":60,"column":4},"end":{"line":60,"column":21}},"32":{"start":{"line":61,"column":4},"end":{"line":61,"column":22}},"33":{"start":{"line":65,"column":0},"end":{"line":69,"column":2}},"34":{"start":{"line":66,"column":4},"end":{"line":66,"column":22}},"35":{"start":{"line":67,"column":4},"end":{"line":67,"column":37}},"36":{"start":{"line":68,"column":4},"end":{"line":68,"column":32}},"37":{"start":{"line":72,"column":0},"end":{"line":85,"column":2}},"38":{"start":{"line":73,"column":4},"end":{"line":84,"column":5}},"39":{"start":{"line":74,"column":22},"end":{"line":74,"column":126}},"40":{"start":{"line":76,"column":8},"end":{"line":81,"column":9}},"41":{"start":{"line":77,"column":12},"end":{"line":77,"column":35}},"42":{"start":{"line":80,"column":12},"end":{"line":80,"column":35}},"43":{"start":{"line":83,"column":8},"end":{"line":83,"column":23}},"44":{"start":{"line":91,"column":4},"end":{"line":96,"column":7}},"45":{"start":{"line":92,"column":8},"end":{"line":92,"column":29}},"46":{"start":{"line":93,"column":8},"end":{"line":95,"column":9}},"47":{"start":{"line":94,"column":12},"end":{"line":94,"column":38}},"48":{"start":{"line":97,"column":4},"end":{"line":97,"column":37}},"49":{"start":{"line":98,"column":4},"end":{"line":98,"column":22}},"50":{"start":{"line":106,"column":22},"end":{"line":106,"column":64}},"51":{"start":{"line":107,"column":4},"end":{"line":107,"column":43}},"52":{"start":{"line":108,"column":28},"end":{"line":108,"column":72}},"53":{"start":{"line":109,"column":4},"end":{"line":109,"column":46}},"54":{"start":{"line":110,"column":20},"end":{"line":110,"column":56}},"55":{"start":{"line":111,"column":4},"end":{"line":111,"column":37}},"56":{"start":{"line":112,"column":24},"end":{"line":112,"column":64}},"57":{"start":{"line":113,"column":4},"end":{"line":113,"column":58}},"58":{"start":{"line":114,"column":23},"end":{"line":114,"column":62}},"59":{"start":{"line":115,"column":4},"end":{"line":115,"column":67}},"60":{"start":{"line":116,"column":4},"end":{"line":116,"column":64}},"61":{"start":{"line":125,"column":4},"end":{"line":125,"column":26}},"62":{"start":{"line":126,"column":22},"end":{"line":126,"column":64}},"63":{"start":{"line":127,"column":4},"end":{"line":127,"column":42}},"64":{"start":{"line":128,"column":28},"end":{"line":128,"column":72}},"65":{"start":{"line":129,"column":4},"end":{"line":129,"column":46}},"66":{"start":{"line":130,"column":20},"end":{"line":130,"column":56}},"67":{"start":{"line":131,"column":4},"end":{"line":131,"column":37}},"68":{"start":{"line":132,"column":24},"end":{"line":132,"column":64}},"69":{"start":{"line":133,"column":4},"end":{"line":133,"column":58}},"70":{"start":{"line":134,"column":23},"end":{"line":134,"column":62}},"71":{"start":{"line":135,"column":4},"end":{"line":135,"column":67}},"72":{"start":{"line":136,"column":4},"end":{"line":136,"column":64}}},"fnMap":{"0":{"name":"(anonymous_0)","decl":{"start":{"line":18,"column":32},"end":{"line":18,"column":33}},"loc":{"start":{"line":18,"column":43},"end":{"line":32,"column":1}},"line":18},"1":{"name":"(anonymous_1)","decl":{"start":{"line":29,"column":24},"end":{"line":29,"column":25}},"loc":{"start":{"line":29,"column":38},"end":{"line":31,"column":5}},"line":29},"2":{"name":"(anonymous_2)","decl":{"start":{"line":35,"column":24},"end":{"line":35,"column":25}},"loc":{"start":{"line":35,"column":30},"end":{"line":56,"column":1}},"line":35},"3":{"name":"(anonymous_3)","decl":{"start":{"line":59,"column":18},"end":{"line":59,"column":19}},"loc":{"start":{"line":59,"column":24},"end":{"line":62,"column":1}},"line":59},"4":{"name":"(anonymous_4)","decl":{"start":{"line":65,"column":17},"end":{"line":65,"column":18}},"loc":{"start":{"line":65,"column":23},"end":{"line":69,"column":1}},"line":65},"5":{"name":"(anonymous_5)","decl":{"start":{"line":72,"column":14},"end":{"line":72,"column":15}},"loc":{"start":{"line":72,"column":20},"end":{"line":85,"column":1}},"line":72},"6":{"name":"changeScreen","decl":{"start":{"line":90,"column":9},"end":{"line":90,"column":21}},"loc":{"start":{"line":90,"column":23},"end":{"line":99,"column":1}},"line":90},"7":{"name":"(anonymous_7)","decl":{"start":{"line":91,"column":26},"end":{"line":91,"column":27}},"loc":{"start":{"line":91,"column":37},"end":{"line":96,"column":5}},"line":91},"8":{"name":"displayAskResetFocus","decl":{"start":{"line":105,"column":9},"end":{"line":105,"column":29}},"loc":{"start":{"line":105,"column":32},"end":{"line":117,"column":1}},"line":105},"9":{"name":"displayAskResetBreak","decl":{"start":{"line":124,"column":9},"end":{"line":124,"column":29}},"loc":{"start":{"line":124,"column":32},"end":{"line":137,"column":1}},"line":124}},"branchMap":{"0":{"loc":{"start":{"line":37,"column":4},"end":{"line":55,"column":5}},"type":"if","locations":[{"start":{"line":37,"column":4},"end":{"line":55,"column":5}},{"start":{"line":37,"column":4},"end":{"line":55,"column":5}}],"line":37},"1":{"loc":{"start":{"line":39,"column":8},"end":{"line":45,"column":9}},"type":"if","locations":[{"start":{"line":39,"column":8},"end":{"line":45,"column":9}},{"start":{"line":39,"column":8},"end":{"line":45,"column":9}}],"line":39},"2":{"loc":{"start":{"line":39,"column":12},"end":{"line":39,"column":56}},"type":"binary-expr","locations":[{"start":{"line":39,"column":12},"end":{"line":39,"column":21}},{"start":{"line":39,"column":25},"end":{"line":39,"column":56}}],"line":39},"3":{"loc":{"start":{"line":42,"column":15},"end":{"line":45,"column":9}},"type":"if","locations":[{"start":{"line":42,"column":15},"end":{"line":45,"column":9}},{"start":{"line":42,"column":15},"end":{"line":45,"column":9}}],"line":42},"4":{"loc":{"start":{"line":42,"column":19},"end":{"line":42,"column":95}},"type":"binary-expr","locations":[{"start":{"line":42,"column":19},"end":{"line":42,"column":28}},{"start":{"line":42,"column":33},"end":{"line":42,"column":62}},{"start":{"line":42,"column":66},"end":{"line":42,"column":94}}],"line":42},"5":{"loc":{"start":{"line":47,"column":8},"end":{"line":54,"column":9}},"type":"if","locations":[{"start":{"line":47,"column":8},"end":{"line":54,"column":9}},{"start":{"line":47,"column":8},"end":{"line":54,"column":9}}],"line":47},"6":{"loc":{"start":{"line":73,"column":4},"end":{"line":84,"column":5}},"type":"if","locations":[{"start":{"line":73,"column":4},"end":{"line":84,"column":5}},{"start":{"line":73,"column":4},"end":{"line":84,"column":5}}],"line":73},"7":{"loc":{"start":{"line":74,"column":22},"end":{"line":74,"column":126}},"type":"cond-expr","locations":[{"start":{"line":74,"column":58},"end":{"line":74,"column":70}},{"start":{"line":74,"column":73},"end":{"line":74,"column":126}}],"line":74},"8":{"loc":{"start":{"line":74,"column":73},"end":{"line":74,"column":126}},"type":"cond-expr","locations":[{"start":{"line":74,"column":95},"end":{"line":74,"column":110}},{"start":{"line":74,"column":113},"end":{"line":74,"column":126}}],"line":74},"9":{"loc":{"start":{"line":76,"column":8},"end":{"line":81,"column":9}},"type":"if","locations":[{"start":{"line":76,"column":8},"end":{"line":81,"column":9}},{"start":{"line":76,"column":8},"end":{"line":81,"column":9}}],"line":76},"10":{"loc":{"start":{"line":93,"column":8},"end":{"line":95,"column":9}},"type":"if","locations":[{"start":{"line":93,"column":8},"end":{"line":95,"column":9}},{"start":{"line":93,"column":8},"end":{"line":95,"column":9}}],"line":93}},"s":{"0":0,"1":0,"2":0,"3":0,"4":0,"5":0,"6":0,"7":0,"8":0,"9":0,"10":0,"11":0,"12":0,"13":0,"14":0,"15":0,"16":0,"17":0,"18":0,"19":0,"20":0,"21":0,"22":0,"23":0,"24":0,"25":0,"26":0,"27":0,"28":0,"29":0,"30":0,"31":0,"32":0,"33":0,"34":0,"35":0,"36":0,"37":0,"38":0,"39":0,"40":0,"41":0,"42":0,"43":0,"44":0,"45":0,"46":0,"47":0,"48":0,"49":0,"50":0,"51":0,"52":0,"53":0,"54":0,"55":0,"56":0,"57":0,"58":0,"59":0,"60":0,"61":0,"62":0,"63":0,"64":0,"65":0,"66":0,"67":0,"68":0,"69":0,"70":0,"71":0,"72":0},"f":{"0":0,"1":0,"2":0,"3":0,"4":0,"5":0,"6":0,"7":0,"8":0,"9":0},"b":{"0":[0,0],"1":[0,0],"2":[0,0],"3":[0,0],"4":[0,0,0],"5":[0,0],"6":[0,0],"7":[0,0],"8":[0,0],"9":[0,0],"10":[0,0]}}
,"C:\\Users\\kevin\\Desktop\\CS\\CSE110\\coverage\\source\\components\\setting-content.js": {"path":"C:\\Users\\kevin\\Desktop\\CS\\CSE110\\coverage\\source\\components\\setting-content.js","statementMap":{"0":{"start":{"line":10,"column":8},"end":{"line":10,"column":16}},"1":{"start":{"line":11,"column":23},"end":{"line":11,"column":56}},"2":{"start":{"line":14,"column":35},"end":{"line":14,"column":77}},"3":{"start":{"line":15,"column":34},"end":{"line":15,"column":75}},"4":{"start":{"line":16,"column":26},"end":{"line":16,"column":65}},"5":{"start":{"line":17,"column":31},"end":{"line":17,"column":74}},"6":{"start":{"line":18,"column":30},"end":{"line":18,"column":73}},"7":{"start":{"line":21,"column":8},"end":{"line":21,"column":62}},"8":{"start":{"line":22,"column":8},"end":{"line":22,"column":64}},"9":{"start":{"line":23,"column":8},"end":{"line":23,"column":53}},"10":{"start":{"line":24,"column":8},"end":{"line":24,"column":63}},"11":{"start":{"line":25,"column":8},"end":{"line":25,"column":61}},"12":{"start":{"line":26,"column":25},"end":{"line":26,"column":62}},"13":{"start":{"line":27,"column":8},"end":{"line":27,"column":52}},"14":{"start":{"line":30,"column":8},"end":{"line":69,"column":12}},"15":{"start":{"line":71,"column":22},"end":{"line":71,"column":53}},"16":{"start":{"line":74,"column":8},"end":{"line":115,"column":10}},"17":{"start":{"line":117,"column":8},"end":{"line":117,"column":34}},"18":{"start":{"line":121,"column":0},"end":{"line":121,"column":57}}},"fnMap":{"0":{"name":"(anonymous_0)","decl":{"start":{"line":9,"column":4},"end":{"line":9,"column":5}},"loc":{"start":{"line":9,"column":18},"end":{"line":118,"column":5}},"line":9}},"branchMap":{"0":{"loc":{"start":{"line":14,"column":35},"end":{"line":14,"column":77}},"type":"binary-expr","locations":[{"start":{"line":14,"column":35},"end":{"line":14,"column":70}},{"start":{"line":14,"column":74},"end":{"line":14,"column":77}}],"line":14},"1":{"loc":{"start":{"line":15,"column":34},"end":{"line":15,"column":75}},"type":"binary-expr","locations":[{"start":{"line":15,"column":34},"end":{"line":15,"column":68}},{"start":{"line":15,"column":72},"end":{"line":15,"column":75}}],"line":15},"2":{"loc":{"start":{"line":16,"column":26},"end":{"line":16,"column":65}},"type":"binary-expr","locations":[{"start":{"line":16,"column":26},"end":{"line":16,"column":59}},{"start":{"line":16,"column":63},"end":{"line":16,"column":65}}],"line":16},"3":{"loc":{"start":{"line":17,"column":31},"end":{"line":17,"column":74}},"type":"binary-expr","locations":[{"start":{"line":17,"column":31},"end":{"line":17,"column":69}},{"start":{"line":17,"column":73},"end":{"line":17,"column":74}}],"line":17},"4":{"loc":{"start":{"line":18,"column":30},"end":{"line":18,"column":73}},"type":"binary-expr","locations":[{"start":{"line":18,"column":30},"end":{"line":18,"column":67}},{"start":{"line":18,"column":71},"end":{"line":18,"column":73}}],"line":18}},"s":{"0":0,"1":0,"2":0,"3":0,"4":0,"5":0,"6":0,"7":0,"8":0,"9":0,"10":0,"11":0,"12":0,"13":0,"14":0,"15":0,"16":0,"17":0,"18":0},"f":{"0":0},"b":{"0":[0,0],"1":[0,0],"2":[0,0],"3":[0,0],"4":[0,0]}}
,"C:\\Users\\kevin\\Desktop\\CS\\CSE110\\coverage\\source\\scripts\\clock.js": {"path":"C:\\Users\\kevin\\Desktop\\CS\\CSE110\\coverage\\source\\scripts\\clock.js","statementMap":{"0":{"start":{"line":10,"column":20},"end":{"line":10,"column":21}},"1":{"start":{"line":13,"column":21},"end":{"line":13,"column":65}},"2":{"start":{"line":14,"column":17},"end":{"line":14,"column":18}},"3":{"start":{"line":17,"column":18},"end":{"line":17,"column":23}},"4":{"start":{"line":25,"column":22},"end":{"line":25,"column":64}},"5":{"start":{"line":26,"column":4},"end":{"line":26,"column":40}},"6":{"start":{"line":27,"column":20},"end":{"line":27,"column":56}},"7":{"start":{"line":28,"column":4},"end":{"line":28,"column":37}},"8":{"start":{"line":29,"column":18},"end":{"line":29,"column":53}},"9":{"start":{"line":30,"column":4},"end":{"line":30,"column":41}},"10":{"start":{"line":31,"column":22},"end":{"line":31,"column":66}},"11":{"start":{"line":32,"column":4},"end":{"line":32,"column":40}},"12":{"start":{"line":33,"column":27},"end":{"line":33,"column":70}},"13":{"start":{"line":34,"column":4},"end":{"line":34,"column":44}},"14":{"start":{"line":35,"column":28},"end":{"line":35,"column":72}},"15":{"start":{"line":36,"column":4},"end":{"line":36,"column":45}},"16":{"start":{"line":38,"column":18},"end":{"line":38,"column":52}},"17":{"start":{"line":39,"column":4},"end":{"line":39,"column":46}},"18":{"start":{"line":48,"column":23},"end":{"line":48,"column":80}},"19":{"start":{"line":49,"column":4},"end":{"line":53,"column":5}},"20":{"start":{"line":50,"column":8},"end":{"line":50,"column":84}},"21":{"start":{"line":52,"column":8},"end":{"line":52,"column":77}},"22":{"start":{"line":55,"column":22},"end":{"line":55,"column":64}},"23":{"start":{"line":56,"column":4},"end":{"line":56,"column":36}},"24":{"start":{"line":57,"column":20},"end":{"line":57,"column":56}},"25":{"start":{"line":58,"column":4},"end":{"line":58,"column":38}},"26":{"start":{"line":59,"column":22},"end":{"line":59,"column":66}},"27":{"start":{"line":60,"column":4},"end":{"line":60,"column":39}},"28":{"start":{"line":61,"column":22},"end":{"line":61,"column":66}},"29":{"start":{"line":62,"column":4},"end":{"line":62,"column":39}},"30":{"start":{"line":63,"column":27},"end":{"line":63,"column":70}},"31":{"start":{"line":64,"column":4},"end":{"line":64,"column":44}},"32":{"start":{"line":65,"column":28},"end":{"line":65,"column":72}},"33":{"start":{"line":66,"column":4},"end":{"line":66,"column":45}},"34":{"start":{"line":77,"column":23},"end":{"line":77,"column":60}},"35":{"start":{"line":78,"column":23},"end":{"line":78,"column":60}},"36":{"start":{"line":80,"column":18},"end":{"line":80,"column":122}},"37":{"start":{"line":81,"column":4},"end":{"line":81,"column":57}},"38":{"start":{"line":83,"column":4},"end":{"line":89,"column":5}},"39":{"start":{"line":84,"column":8},"end":{"line":84,"column":26}},"40":{"start":{"line":85,"column":8},"end":{"line":85,"column":71}},"41":{"start":{"line":86,"column":8},"end":{"line":86,"column":36}},"42":{"start":{"line":87,"column":8},"end":{"line":87,"column":26}},"43":{"start":{"line":88,"column":8},"end":{"line":88,"column":30}},"44":{"start":{"line":91,"column":4},"end":{"line":91,"column":23}},"45":{"start":{"line":92,"column":16},"end":{"line":92,"column":46}},"46":{"start":{"line":93,"column":4},"end":{"line":101,"column":13}},"47":{"start":{"line":95,"column":8},"end":{"line":95,"column":49}},"48":{"start":{"line":97,"column":8},"end":{"line":100,"column":9}},"49":{"start":{"line":98,"column":12},"end":{"line":98,"column":46}},"50":{"start":{"line":99,"column":12},"end":{"line":99,"column":40}},"51":{"start":{"line":114,"column":16},"end":{"line":114,"column":120}},"52":{"start":{"line":115,"column":4},"end":{"line":115,"column":57}},"53":{"start":{"line":116,"column":23},"end":{"line":116,"column":60}},"54":{"start":{"line":119,"column":4},"end":{"line":127,"column":5}},"55":{"start":{"line":120,"column":8},"end":{"line":120,"column":30}},"56":{"start":{"line":121,"column":8},"end":{"line":121,"column":27}},"57":{"start":{"line":122,"column":8},"end":{"line":122,"column":35}},"58":{"start":{"line":126,"column":8},"end":{"line":126,"column":30}},"59":{"start":{"line":130,"column":15},"end":{"line":130,"column":20}},"60":{"start":{"line":132,"column":4},"end":{"line":132,"column":24}},"61":{"start":{"line":133,"column":4},"end":{"line":155,"column":5}},"62":{"start":{"line":134,"column":8},"end":{"line":140,"column":9}},"63":{"start":{"line":135,"column":12},"end":{"line":135,"column":27}},"64":{"start":{"line":138,"column":12},"end":{"line":138,"column":80}},"65":{"start":{"line":139,"column":12},"end":{"line":139,"column":24}},"66":{"start":{"line":142,"column":8},"end":{"line":142,"column":76}},"67":{"start":{"line":146,"column":8},"end":{"line":154,"column":9}},"68":{"start":{"line":149,"column":12},"end":{"line":149,"column":53}},"69":{"start":{"line":150,"column":12},"end":{"line":150,"column":69}},"70":{"start":{"line":151,"column":12},"end":{"line":151,"column":35}},"71":{"start":{"line":152,"column":12},"end":{"line":152,"column":25}},"72":{"start":{"line":157,"column":4},"end":{"line":157,"column":29}},"73":{"start":{"line":158,"column":4},"end":{"line":158,"column":20}},"74":{"start":{"line":159,"column":4},"end":{"line":159,"column":66}},"75":{"start":{"line":160,"column":4},"end":{"line":162,"column":5}},"76":{"start":{"line":161,"column":8},"end":{"line":161,"column":36}},"77":{"start":{"line":169,"column":4},"end":{"line":169,"column":38}},"78":{"start":{"line":170,"column":4},"end":{"line":170,"column":38}},"79":{"start":{"line":172,"column":4},"end":{"line":172,"column":53}},"80":{"start":{"line":173,"column":4},"end":{"line":173,"column":53}},"81":{"start":{"line":175,"column":4},"end":{"line":175,"column":35}},"82":{"start":{"line":188,"column":4},"end":{"line":188,"column":24}},"83":{"start":{"line":189,"column":4},"end":{"line":195,"column":5}},"84":{"start":{"line":189,"column":17},"end":{"line":189,"column":18}},"85":{"start":{"line":190,"column":8},"end":{"line":190,"column":41}},"86":{"start":{"line":191,"column":8},"end":{"line":194,"column":49}},"87":{"start":{"line":192,"column":12},"end":{"line":192,"column":50}},"88":{"start":{"line":194,"column":12},"end":{"line":194,"column":49}},"89":{"start":{"line":197,"column":4},"end":{"line":199,"column":5}},"90":{"start":{"line":198,"column":8},"end":{"line":198,"column":70}},"91":{"start":{"line":201,"column":4},"end":{"line":201,"column":16}},"92":{"start":{"line":210,"column":4},"end":{"line":218,"column":5}},"93":{"start":{"line":211,"column":8},"end":{"line":211,"column":36}},"94":{"start":{"line":212,"column":8},"end":{"line":212,"column":21}},"95":{"start":{"line":215,"column":26},"end":{"line":215,"column":30}},"96":{"start":{"line":216,"column":8},"end":{"line":216,"column":46}},"97":{"start":{"line":217,"column":8},"end":{"line":217,"column":20}}},"fnMap":{"0":{"name":"displayBreakContent","decl":{"start":{"line":24,"column":9},"end":{"line":24,"column":28}},"loc":{"start":{"line":24,"column":31},"end":{"line":40,"column":1}},"line":24},"1":{"name":"displayFocusContent","decl":{"start":{"line":46,"column":9},"end":{"line":46,"column":28}},"loc":{"start":{"line":46,"column":31},"end":{"line":67,"column":1}},"line":46},"2":{"name":"startTimer","decl":{"start":{"line":76,"column":9},"end":{"line":76,"column":19}},"loc":{"start":{"line":76,"column":37},"end":{"line":102,"column":1}},"line":76},"3":{"name":"(anonymous_3)","decl":{"start":{"line":93,"column":28},"end":{"line":93,"column":29}},"loc":{"start":{"line":93,"column":34},"end":{"line":101,"column":5}},"line":93},"4":{"name":"stopTimer","decl":{"start":{"line":112,"column":9},"end":{"line":112,"column":18}},"loc":{"start":{"line":112,"column":47},"end":{"line":163,"column":1}},"line":112},"5":{"name":"secondsToString","decl":{"start":{"line":166,"column":9},"end":{"line":166,"column":24}},"loc":{"start":{"line":166,"column":31},"end":{"line":176,"column":1}},"line":166},"6":{"name":"updateTimerSettings","decl":{"start":{"line":186,"column":9},"end":{"line":186,"column":28}},"loc":{"start":{"line":186,"column":84},"end":{"line":202,"column":1}},"line":186},"7":{"name":"startStopTimer","decl":{"start":{"line":209,"column":9},"end":{"line":209,"column":23}},"loc":{"start":{"line":209,"column":41},"end":{"line":219,"column":1}},"line":209}},"branchMap":{"0":{"loc":{"start":{"line":49,"column":4},"end":{"line":53,"column":5}},"type":"if","locations":[{"start":{"line":49,"column":4},"end":{"line":53,"column":5}},{"start":{"line":49,"column":4},"end":{"line":53,"column":5}}],"line":49},"1":{"loc":{"start":{"line":80,"column":18},"end":{"line":80,"column":122}},"type":"cond-expr","locations":[{"start":{"line":80,"column":54},"end":{"line":80,"column":66}},{"start":{"line":80,"column":69},"end":{"line":80,"column":122}}],"line":80},"2":{"loc":{"start":{"line":80,"column":69},"end":{"line":80,"column":122}},"type":"cond-expr","locations":[{"start":{"line":80,"column":91},"end":{"line":80,"column":106}},{"start":{"line":80,"column":109},"end":{"line":80,"column":122}}],"line":80},"3":{"loc":{"start":{"line":83,"column":4},"end":{"line":89,"column":5}},"type":"if","locations":[{"start":{"line":83,"column":4},"end":{"line":89,"column":5}},{"start":{"line":83,"column":4},"end":{"line":89,"column":5}}],"line":83},"4":{"loc":{"start":{"line":97,"column":8},"end":{"line":100,"column":9}},"type":"if","locations":[{"start":{"line":97,"column":8},"end":{"line":100,"column":9}},{"start":{"line":97,"column":8},"end":{"line":100,"column":9}}],"line":97},"5":{"loc":{"start":{"line":114,"column":16},"end":{"line":114,"column":120}},"type":"cond-expr","locations":[{"start":{"line":114,"column":52},"end":{"line":114,"column":64}},{"start":{"line":114,"column":67},"end":{"line":114,"column":120}}],"line":114},"6":{"loc":{"start":{"line":114,"column":67},"end":{"line":114,"column":120}},"type":"cond-expr","locations":[{"start":{"line":114,"column":89},"end":{"line":114,"column":104}},{"start":{"line":114,"column":107},"end":{"line":114,"column":120}}],"line":114},"7":{"loc":{"start":{"line":119,"column":4},"end":{"line":127,"column":5}},"type":"if","locations":[{"start":{"line":119,"column":4},"end":{"line":127,"column":5}},{"start":{"line":119,"column":4},"end":{"line":127,"column":5}}],"line":119},"8":{"loc":{"start":{"line":133,"column":4},"end":{"line":155,"column":5}},"type":"if","locations":[{"start":{"line":133,"column":4},"end":{"line":155,"column":5}},{"start":{"line":133,"column":4},"end":{"line":155,"column":5}}],"line":133},"9":{"loc":{"start":{"line":134,"column":8},"end":{"line":140,"column":9}},"type":"if","locations":[{"start":{"line":134,"column":8},"end":{"line":140,"column":9}},{"start":{"line":134,"column":8},"end":{"line":140,"column":9}}],"line":134},"10":{"loc":{"start":{"line":138,"column":25},"end":{"line":138,"column":79}},"type":"cond-expr","locations":[{"start":{"line":138,"column":65},"end":{"line":138,"column":66}},{"start":{"line":138,"column":69},"end":{"line":138,"column":79}}],"line":138},"11":{"loc":{"start":{"line":142,"column":21},"end":{"line":142,"column":75}},"type":"cond-expr","locations":[{"start":{"line":142,"column":61},"end":{"line":142,"column":62}},{"start":{"line":142,"column":65},"end":{"line":142,"column":75}}],"line":142},"12":{"loc":{"start":{"line":146,"column":8},"end":{"line":154,"column":9}},"type":"if","locations":[{"start":{"line":146,"column":8},"end":{"line":154,"column":9}},{"start":{"line":146,"column":8},"end":{"line":154,"column":9}}],"line":146},"13":{"loc":{"start":{"line":160,"column":4},"end":{"line":162,"column":5}},"type":"if","locations":[{"start":{"line":160,"column":4},"end":{"line":162,"column":5}},{"start":{"line":160,"column":4},"end":{"line":162,"column":5}}],"line":160},"14":{"loc":{"start":{"line":172,"column":14},"end":{"line":172,"column":52}},"type":"cond-expr","locations":[{"start":{"line":172,"column":29},"end":{"line":172,"column":42}},{"start":{"line":172,"column":45},"end":{"line":172,"column":52}}],"line":172},"15":{"loc":{"start":{"line":173,"column":14},"end":{"line":173,"column":52}},"type":"cond-expr","locations":[{"start":{"line":173,"column":29},"end":{"line":173,"column":42}},{"start":{"line":173,"column":45},"end":{"line":173,"column":52}}],"line":173},"16":{"loc":{"start":{"line":191,"column":8},"end":{"line":194,"column":49}},"type":"if","locations":[{"start":{"line":191,"column":8},"end":{"line":194,"column":49}},{"start":{"line":191,"column":8},"end":{"line":194,"column":49}}],"line":191},"17":{"loc":{"start":{"line":197,"column":4},"end":{"line":199,"column":5}},"type":"if","locations":[{"start":{"line":197,"column":4},"end":{"line":199,"column":5}},{"start":{"line":197,"column":4},"end":{"line":199,"column":5}}],"line":197},"18":{"loc":{"start":{"line":210,"column":4},"end":{"line":218,"column":5}},"type":"if","locations":[{"start":{"line":210,"column":4},"end":{"line":218,"column":5}},{"start":{"line":210,"column":4},"end":{"line":218,"column":5}}],"line":210}},"s":{"0":1,"1":1,"2":1,"3":1,"4":16,"5":16,"6":16,"7":16,"8":16,"9":16,"10":16,"11":16,"12":16,"13":16,"14":16,"15":16,"16":16,"17":16,"18":25,"19":25,"20":24,"21":1,"22":25,"23":25,"24":25,"25":25,"26":25,"27":25,"28":25,"29":25,"30":25,"31":25,"32":25,"33":25,"34":26,"35":26,"36":26,"37":26,"38":26,"39":16,"40":16,"41":16,"42":16,"43":16,"44":26,"45":26,"46":26,"47":18602,"48":18602,"49":17,"50":17,"51":25,"52":25,"53":25,"54":25,"55":16,"56":16,"57":16,"58":9,"59":25,"60":25,"61":25,"62":8,"63":6,"64":2,"65":2,"66":17,"67":17,"68":10,"69":10,"70":10,"71":10,"72":25,"73":25,"74":25,"75":25,"76":2,"77":18639,"78":18639,"79":18639,"80":18639,"81":18639,"82":12,"83":12,"84":12,"85":48,"86":48,"87":36,"88":12,"89":12,"90":11,"91":12,"92":15,"93":7,"94":7,"95":8,"96":8,"97":8},"f":{"0":16,"1":25,"2":26,"3":18602,"4":25,"5":18639,"6":12,"7":15},"b":{"0":[24,1],"1":[2,24],"2":[16,8],"3":[16,10],"4":[17,18585],"5":[2,23],"6":[16,7],"7":[16,9],"8":[8,17],"9":[6,2],"10":[1,1],"11":[1,16],"12":[10,7],"13":[2,23],"14":[9010,9629],"15":[3135,15504],"16":[36,12],"17":[11,1],"18":[7,8]},"_coverageSchema":"1a1c01bbd47fc00a2c39e90264f33305004495a9","hash":"4b83bf7bfec51b9bfb6958ff4175c6c4be9e90dc"}
,"C:\\Users\\kevin\\Desktop\\CS\\CSE110\\coverage\\source\\scripts\\handle-icons.js": {"path":"C:\\Users\\kevin\\Desktop\\CS\\CSE110\\coverage\\source\\scripts\\handle-icons.js","statementMap":{"0":{"start":{"line":6,"column":21},"end":{"line":6,"column":62}},"1":{"start":{"line":7,"column":26},"end":{"line":7,"column":72}},"2":{"start":{"line":8,"column":25},"end":{"line":8,"column":70}},"3":{"start":{"line":9,"column":21},"end":{"line":9,"column":55}},"4":{"start":{"line":10,"column":12},"end":{"line":10,"column":44}},"5":{"start":{"line":15,"column":33},"end":{"line":36,"column":1}},"6":{"start":{"line":16,"column":18},"end":{"line":16,"column":52}},"7":{"start":{"line":17,"column":22},"end":{"line":17,"column":66}},"8":{"start":{"line":18,"column":22},"end":{"line":18,"column":66}},"9":{"start":{"line":19,"column":22},"end":{"line":19,"column":64}},"10":{"start":{"line":20,"column":20},"end":{"line":20,"column":55}},"11":{"start":{"line":22,"column":4},"end":{"line":35,"column":5}},"12":{"start":{"line":23,"column":8},"end":{"line":23,"column":43}},"13":{"start":{"line":24,"column":8},"end":{"line":24,"column":44}},"14":{"start":{"line":25,"column":8},"end":{"line":25,"column":43}},"15":{"start":{"line":26,"column":8},"end":{"line":26,"column":46}},"16":{"start":{"line":27,"column":8},"end":{"line":27,"column":60}},"17":{"start":{"line":30,"column":8},"end":{"line":30,"column":44}},"18":{"start":{"line":31,"column":8},"end":{"line":31,"column":43}},"19":{"start":{"line":32,"column":8},"end":{"line":32,"column":47}},"20":{"start":{"line":33,"column":8},"end":{"line":33,"column":44}},"21":{"start":{"line":34,"column":8},"end":{"line":34,"column":65}},"22":{"start":{"line":42,"column":4},"end":{"line":42,"column":33}},"23":{"start":{"line":43,"column":4},"end":{"line":43,"column":48}},"24":{"start":{"line":44,"column":4},"end":{"line":44,"column":46}},"25":{"start":{"line":45,"column":4},"end":{"line":45,"column":42}},"26":{"start":{"line":46,"column":4},"end":{"line":46,"column":42}},"27":{"start":{"line":47,"column":4},"end":{"line":47,"column":34}},"28":{"start":{"line":54,"column":4},"end":{"line":54,"column":34}},"29":{"start":{"line":55,"column":4},"end":{"line":55,"column":47}},"30":{"start":{"line":56,"column":4},"end":{"line":56,"column":54}},"31":{"start":{"line":57,"column":4},"end":{"line":57,"column":43}},"32":{"start":{"line":58,"column":4},"end":{"line":58,"column":43}},"33":{"start":{"line":59,"column":4},"end":{"line":59,"column":33}}},"fnMap":{"0":{"name":"(anonymous_0)","decl":{"start":{"line":15,"column":33},"end":{"line":15,"column":34}},"loc":{"start":{"line":15,"column":44},"end":{"line":36,"column":1}},"line":15},"1":{"name":"displayOnboardingMenu","decl":{"start":{"line":41,"column":9},"end":{"line":41,"column":30}},"loc":{"start":{"line":41,"column":33},"end":{"line":48,"column":1}},"line":41},"2":{"name":"closeOnboardingMenu","decl":{"start":{"line":53,"column":9},"end":{"line":53,"column":28}},"loc":{"start":{"line":53,"column":31},"end":{"line":60,"column":1}},"line":53}},"branchMap":{"0":{"loc":{"start":{"line":22,"column":4},"end":{"line":35,"column":5}},"type":"if","locations":[{"start":{"line":22,"column":4},"end":{"line":35,"column":5}},{"start":{"line":22,"column":4},"end":{"line":35,"column":5}}],"line":22}},"s":{"0":0,"1":0,"2":0,"3":0,"4":0,"5":0,"6":0,"7":0,"8":0,"9":0,"10":0,"11":0,"12":0,"13":0,"14":0,"15":0,"16":0,"17":0,"18":0,"19":0,"20":0,"21":0,"22":0,"23":0,"24":0,"25":0,"26":0,"27":0,"28":0,"29":0,"30":0,"31":0,"32":0,"33":0},"f":{"0":0,"1":0,"2":0},"b":{"0":[0,0]}}
,"C:\\Users\\kevin\\Desktop\\CS\\CSE110\\coverage\\source\\scripts\\setting-script.js": {"path":"C:\\Users\\kevin\\Desktop\\CS\\CSE110\\coverage\\source\\scripts\\setting-script.js","statementMap":{"0":{"start":{"line":5,"column":14},"end":{"line":5,"column":46}},"1":{"start":{"line":6,"column":21},"end":{"line":6,"column":62}},"2":{"start":{"line":7,"column":23},"end":{"line":7,"column":83}},"3":{"start":{"line":8,"column":23},"end":{"line":8,"column":83}},"4":{"start":{"line":9,"column":24},"end":{"line":9,"column":85}},"5":{"start":{"line":10,"column":24},"end":{"line":10,"column":85}},"6":{"start":{"line":11,"column":18},"end":{"line":11,"column":73}},"7":{"start":{"line":12,"column":23},"end":{"line":12,"column":83}},"8":{"start":{"line":13,"column":22},"end":{"line":13,"column":81}},"9":{"start":{"line":14,"column":26},"end":{"line":14,"column":89}},"10":{"start":{"line":15,"column":31},"end":{"line":15,"column":99}},"11":{"start":{"line":16,"column":30},"end":{"line":16,"column":97}},"12":{"start":{"line":17,"column":17},"end":{"line":17,"column":54}},"13":{"start":{"line":20,"column":0},"end":{"line":24,"column":3}},"14":{"start":{"line":21,"column":4},"end":{"line":21,"column":63}},"15":{"start":{"line":22,"column":4},"end":{"line":22,"column":58}},"16":{"start":{"line":23,"column":4},"end":{"line":23,"column":53}},"17":{"start":{"line":27,"column":0},"end":{"line":30,"column":3}},"18":{"start":{"line":28,"column":4},"end":{"line":28,"column":65}},"19":{"start":{"line":29,"column":4},"end":{"line":29,"column":60}},"20":{"start":{"line":33,"column":0},"end":{"line":53,"column":3}},"21":{"start":{"line":34,"column":4},"end":{"line":52,"column":5}},"22":{"start":{"line":35,"column":8},"end":{"line":35,"column":50}},"23":{"start":{"line":36,"column":8},"end":{"line":36,"column":56}},"24":{"start":{"line":38,"column":9},"end":{"line":52,"column":5}},"25":{"start":{"line":39,"column":8},"end":{"line":39,"column":50}},"26":{"start":{"line":40,"column":8},"end":{"line":40,"column":56}},"27":{"start":{"line":43,"column":8},"end":{"line":43,"column":61}},"28":{"start":{"line":44,"column":8},"end":{"line":44,"column":54}},"29":{"start":{"line":45,"column":8},"end":{"line":45,"column":44}},"30":{"start":{"line":46,"column":8},"end":{"line":51,"column":10}},"31":{"start":{"line":56,"column":0},"end":{"line":62,"column":3}},"32":{"start":{"line":57,"column":4},"end":{"line":61,"column":5}},"33":{"start":{"line":58,"column":8},"end":{"line":58,"column":62}},"34":{"start":{"line":59,"column":8},"end":{"line":59,"column":54}},"35":{"start":{"line":60,"column":8},"end":{"line":60,"column":44}},"36":{"start":{"line":65,"column":0},"end":{"line":85,"column":3}},"37":{"start":{"line":66,"column":4},"end":{"line":84,"column":5}},"38":{"start":{"line":67,"column":8},"end":{"line":67,"column":55}},"39":{"start":{"line":68,"column":8},"end":{"line":68,"column":61}},"40":{"start":{"line":70,"column":9},"end":{"line":84,"column":5}},"41":{"start":{"line":71,"column":8},"end":{"line":71,"column":55}},"42":{"start":{"line":72,"column":8},"end":{"line":72,"column":60}},"43":{"start":{"line":75,"column":8},"end":{"line":75,"column":71}},"44":{"start":{"line":76,"column":8},"end":{"line":76,"column":59}},"45":{"start":{"line":77,"column":8},"end":{"line":77,"column":49}},"46":{"start":{"line":78,"column":8},"end":{"line":83,"column":10}},"47":{"start":{"line":88,"column":0},"end":{"line":94,"column":3}},"48":{"start":{"line":89,"column":4},"end":{"line":93,"column":5}},"49":{"start":{"line":90,"column":8},"end":{"line":90,"column":72}},"50":{"start":{"line":91,"column":8},"end":{"line":91,"column":59}},"51":{"start":{"line":92,"column":8},"end":{"line":92,"column":49}},"52":{"start":{"line":97,"column":0},"end":{"line":117,"column":3}},"53":{"start":{"line":98,"column":4},"end":{"line":116,"column":5}},"54":{"start":{"line":99,"column":8},"end":{"line":99,"column":54}},"55":{"start":{"line":100,"column":8},"end":{"line":100,"column":60}},"56":{"start":{"line":102,"column":9},"end":{"line":116,"column":5}},"57":{"start":{"line":103,"column":8},"end":{"line":103,"column":54}},"58":{"start":{"line":104,"column":8},"end":{"line":104,"column":60}},"59":{"start":{"line":107,"column":8},"end":{"line":107,"column":69}},"60":{"start":{"line":108,"column":8},"end":{"line":108,"column":58}},"61":{"start":{"line":109,"column":8},"end":{"line":109,"column":48}},"62":{"start":{"line":110,"column":8},"end":{"line":115,"column":10}},"63":{"start":{"line":120,"column":0},"end":{"line":126,"column":3}},"64":{"start":{"line":121,"column":4},"end":{"line":125,"column":5}},"65":{"start":{"line":122,"column":8},"end":{"line":122,"column":70}},"66":{"start":{"line":123,"column":8},"end":{"line":123,"column":58}},"67":{"start":{"line":124,"column":8},"end":{"line":124,"column":48}}},"fnMap":{"0":{"name":"(anonymous_0)","decl":{"start":{"line":20,"column":43},"end":{"line":20,"column":44}},"loc":{"start":{"line":20,"column":49},"end":{"line":24,"column":1}},"line":20},"1":{"name":"(anonymous_1)","decl":{"start":{"line":27,"column":44},"end":{"line":27,"column":45}},"loc":{"start":{"line":27,"column":50},"end":{"line":30,"column":1}},"line":27},"2":{"name":"(anonymous_2)","decl":{"start":{"line":33,"column":38},"end":{"line":33,"column":39}},"loc":{"start":{"line":33,"column":44},"end":{"line":53,"column":1}},"line":33},"3":{"name":"(anonymous_3)","decl":{"start":{"line":56,"column":41},"end":{"line":56,"column":42}},"loc":{"start":{"line":56,"column":47},"end":{"line":62,"column":1}},"line":56},"4":{"name":"(anonymous_4)","decl":{"start":{"line":65,"column":43},"end":{"line":65,"column":44}},"loc":{"start":{"line":65,"column":49},"end":{"line":85,"column":1}},"line":65},"5":{"name":"(anonymous_5)","decl":{"start":{"line":88,"column":46},"end":{"line":88,"column":47}},"loc":{"start":{"line":88,"column":52},"end":{"line":94,"column":1}},"line":88},"6":{"name":"(anonymous_6)","decl":{"start":{"line":97,"column":42},"end":{"line":97,"column":43}},"loc":{"start":{"line":97,"column":48},"end":{"line":117,"column":1}},"line":97},"7":{"name":"(anonymous_7)","decl":{"start":{"line":120,"column":45},"end":{"line":120,"column":46}},"loc":{"start":{"line":120,"column":51},"end":{"line":126,"column":1}},"line":120}},"branchMap":{"0":{"loc":{"start":{"line":34,"column":4},"end":{"line":52,"column":5}},"type":"if","locations":[{"start":{"line":34,"column":4},"end":{"line":52,"column":5}},{"start":{"line":34,"column":4},"end":{"line":52,"column":5}}],"line":34},"1":{"loc":{"start":{"line":38,"column":9},"end":{"line":52,"column":5}},"type":"if","locations":[{"start":{"line":38,"column":9},"end":{"line":52,"column":5}},{"start":{"line":38,"column":9},"end":{"line":52,"column":5}}],"line":38},"2":{"loc":{"start":{"line":57,"column":4},"end":{"line":61,"column":5}},"type":"if","locations":[{"start":{"line":57,"column":4},"end":{"line":61,"column":5}},{"start":{"line":57,"column":4},"end":{"line":61,"column":5}}],"line":57},"3":{"loc":{"start":{"line":66,"column":4},"end":{"line":84,"column":5}},"type":"if","locations":[{"start":{"line":66,"column":4},"end":{"line":84,"column":5}},{"start":{"line":66,"column":4},"end":{"line":84,"column":5}}],"line":66},"4":{"loc":{"start":{"line":70,"column":9},"end":{"line":84,"column":5}},"type":"if","locations":[{"start":{"line":70,"column":9},"end":{"line":84,"column":5}},{"start":{"line":70,"column":9},"end":{"line":84,"column":5}}],"line":70},"5":{"loc":{"start":{"line":89,"column":4},"end":{"line":93,"column":5}},"type":"if","locations":[{"start":{"line":89,"column":4},"end":{"line":93,"column":5}},{"start":{"line":89,"column":4},"end":{"line":93,"column":5}}],"line":89},"6":{"loc":{"start":{"line":98,"column":4},"end":{"line":116,"column":5}},"type":"if","locations":[{"start":{"line":98,"column":4},"end":{"line":116,"column":5}},{"start":{"line":98,"column":4},"end":{"line":116,"column":5}}],"line":98},"7":{"loc":{"start":{"line":102,"column":9},"end":{"line":116,"column":5}},"type":"if","locations":[{"start":{"line":102,"column":9},"end":{"line":116,"column":5}},{"start":{"line":102,"column":9},"end":{"line":116,"column":5}}],"line":102},"8":{"loc":{"start":{"line":121,"column":4},"end":{"line":125,"column":5}},"type":"if","locations":[{"start":{"line":121,"column":4},"end":{"line":125,"column":5}},{"start":{"line":121,"column":4},"end":{"line":125,"column":5}}],"line":121}},"s":{"0":0,"1":0,"2":0,"3":0,"4":0,"5":0,"6":0,"7":0,"8":0,"9":0,"10":0,"11":0,"12":0,"13":0,"14":0,"15":0,"16":0,"17":0,"18":0,"19":0,"20":0,"21":0,"22":0,"23":0,"24":0,"25":0,"26":0,"27":0,"28":0,"29":0,"30":0,"31":0,"32":0,"33":0,"34":0,"35":0,"36":0,"37":0,"38":0,"39":0,"40":0,"41":0,"42":0,"43":0,"44":0,"45":0,"46":0,"47":0,"48":0,"49":0,"50":0,"51":0,"52":0,"53":0,"54":0,"55":0,"56":0,"57":0,"58":0,"59":0,"60":0,"61":0,"62":0,"63":0,"64":0,"65":0,"66":0,"67":0},"f":{"0":0,"1":0,"2":0,"3":0,"4":0,"5":0,"6":0,"7":0},"b":{"0":[0,0],"1":[0,0],"2":[0,0],"3":[0,0],"4":[0,0],"5":[0,0],"6":[0,0],"7":[0,0],"8":[0,0]}}
,"C:\\Users\\kevin\\Desktop\\CS\\CSE110\\coverage\\source\\scripts\\task-list-local-storage.js": {"path":"C:\\Users\\kevin\\Desktop\\CS\\CSE110\\coverage\\source\\scripts\\task-list-local-storage.js","statementMap":{"0":{"start":{"line":7,"column":13},"end":{"line":7,"column":32}},"1":{"start":{"line":8,"column":12},"end":{"line":8,"column":45}},"2":{"start":{"line":15,"column":16},"end":{"line":27,"column":1}},"3":{"start":{"line":16,"column":18},"end":{"line":16,"column":51}},"4":{"start":{"line":18,"column":17},"end":{"line":22,"column":5}},"5":{"start":{"line":24,"column":4},"end":{"line":24,"column":26}},"6":{"start":{"line":25,"column":4},"end":{"line":25,"column":49}},"7":{"start":{"line":26,"column":4},"end":{"line":26,"column":16}},"8":{"start":{"line":34,"column":18},"end":{"line":69,"column":1}},"9":{"start":{"line":35,"column":18},"end":{"line":35,"column":51}},"10":{"start":{"line":36,"column":20},"end":{"line":36,"column":25}},"11":{"start":{"line":39,"column":4},"end":{"line":46,"column":5}},"12":{"start":{"line":39,"column":20},"end":{"line":39,"column":21}},"13":{"start":{"line":40,"column":21},"end":{"line":40,"column":38}},"14":{"start":{"line":41,"column":8},"end":{"line":45,"column":9}},"15":{"start":{"line":42,"column":12},"end":{"line":42,"column":40}},"16":{"start":{"line":43,"column":12},"end":{"line":43,"column":29}},"17":{"start":{"line":44,"column":12},"end":{"line":44,"column":18}},"18":{"start":{"line":48,"column":4},"end":{"line":49,"column":21}},"19":{"start":{"line":49,"column":8},"end":{"line":49,"column":21}},"20":{"start":{"line":52,"column":4},"end":{"line":55,"column":5}},"21":{"start":{"line":52,"column":20},"end":{"line":52,"column":21}},"22":{"start":{"line":53,"column":21},"end":{"line":53,"column":38}},"23":{"start":{"line":54,"column":8},"end":{"line":54,"column":24}},"24":{"start":{"line":58,"column":4},"end":{"line":65,"column":5}},"25":{"start":{"line":59,"column":8},"end":{"line":59,"column":35}},"26":{"start":{"line":60,"column":8},"end":{"line":60,"column":39}},"27":{"start":{"line":61,"column":8},"end":{"line":61,"column":33}},"28":{"start":{"line":63,"column":9},"end":{"line":65,"column":5}},"29":{"start":{"line":64,"column":8},"end":{"line":64,"column":31}},"30":{"start":{"line":67,"column":4},"end":{"line":67,"column":49}},"31":{"start":{"line":68,"column":4},"end":{"line":68,"column":16}},"32":{"start":{"line":77,"column":17},"end":{"line":91,"column":1}},"33":{"start":{"line":78,"column":18},"end":{"line":78,"column":51}},"34":{"start":{"line":81,"column":4},"end":{"line":88,"column":5}},"35":{"start":{"line":81,"column":20},"end":{"line":81,"column":21}},"36":{"start":{"line":82,"column":21},"end":{"line":82,"column":38}},"37":{"start":{"line":83,"column":8},"end":{"line":87,"column":9}},"38":{"start":{"line":84,"column":12},"end":{"line":84,"column":33}},"39":{"start":{"line":85,"column":12},"end":{"line":85,"column":57}},"40":{"start":{"line":86,"column":12},"end":{"line":86,"column":24}},"41":{"start":{"line":89,"column":4},"end":{"line":89,"column":17}},"42":{"start":{"line":99,"column":15},"end":{"line":115,"column":1}},"43":{"start":{"line":100,"column":20},"end":{"line":100,"column":24}},"44":{"start":{"line":102,"column":4},"end":{"line":102,"column":46}},"45":{"start":{"line":105,"column":4},"end":{"line":112,"column":5}},"46":{"start":{"line":105,"column":14},"end":{"line":105,"column":15}},"47":{"start":{"line":106,"column":19},"end":{"line":106,"column":32}},"48":{"start":{"line":107,"column":8},"end":{"line":111,"column":9}},"49":{"start":{"line":108,"column":12},"end":{"line":108,"column":32}},"50":{"start":{"line":109,"column":12},"end":{"line":109,"column":57}},"51":{"start":{"line":110,"column":12},"end":{"line":110,"column":24}},"52":{"start":{"line":114,"column":4},"end":{"line":114,"column":17}},"53":{"start":{"line":121,"column":21},"end":{"line":130,"column":1}},"54":{"start":{"line":122,"column":4},"end":{"line":122,"column":46}},"55":{"start":{"line":123,"column":23},"end":{"line":123,"column":37}},"56":{"start":{"line":125,"column":4},"end":{"line":125,"column":39}},"57":{"start":{"line":126,"column":4},"end":{"line":126,"column":34}},"58":{"start":{"line":129,"column":4},"end":{"line":129,"column":49}}},"fnMap":{"0":{"name":"(anonymous_0)","decl":{"start":{"line":15,"column":16},"end":{"line":15,"column":17}},"loc":{"start":{"line":15,"column":32},"end":{"line":27,"column":1}},"line":15},"1":{"name":"(anonymous_1)","decl":{"start":{"line":34,"column":18},"end":{"line":34,"column":19}},"loc":{"start":{"line":34,"column":31},"end":{"line":69,"column":1}},"line":34},"2":{"name":"(anonymous_2)","decl":{"start":{"line":77,"column":17},"end":{"line":77,"column":18}},"loc":{"start":{"line":77,"column":37},"end":{"line":91,"column":1}},"line":77},"3":{"name":"(anonymous_3)","decl":{"start":{"line":99,"column":15},"end":{"line":99,"column":16}},"loc":{"start":{"line":99,"column":34},"end":{"line":115,"column":1}},"line":99},"4":{"name":"(anonymous_4)","decl":{"start":{"line":121,"column":21},"end":{"line":121,"column":22}},"loc":{"start":{"line":121,"column":39},"end":{"line":130,"column":1}},"line":121}},"branchMap":{"0":{"loc":{"start":{"line":41,"column":8},"end":{"line":45,"column":9}},"type":"if","locations":[{"start":{"line":41,"column":8},"end":{"line":45,"column":9}},{"start":{"line":41,"column":8},"end":{"line":45,"column":9}}],"line":41},"1":{"loc":{"start":{"line":48,"column":4},"end":{"line":49,"column":21}},"type":"if","locations":[{"start":{"line":48,"column":4},"end":{"line":49,"column":21}},{"start":{"line":48,"column":4},"end":{"line":49,"column":21}}],"line":48},"2":{"loc":{"start":{"line":58,"column":4},"end":{"line":65,"column":5}},"type":"if","locations":[{"start":{"line":58,"column":4},"end":{"line":65,"column":5}},{"start":{"line":58,"column":4},"end":{"line":65,"column":5}}],"line":58},"3":{"loc":{"start":{"line":63,"column":9},"end":{"line":65,"column":5}},"type":"if","locations":[{"start":{"line":63,"column":9},"end":{"line":65,"column":5}},{"start":{"line":63,"column":9},"end":{"line":65,"column":5}}],"line":63},"4":{"loc":{"start":{"line":83,"column":8},"end":{"line":87,"column":9}},"type":"if","locations":[{"start":{"line":83,"column":8},"end":{"line":87,"column":9}},{"start":{"line":83,"column":8},"end":{"line":87,"column":9}}],"line":83},"5":{"loc":{"start":{"line":107,"column":8},"end":{"line":111,"column":9}},"type":"if","locations":[{"start":{"line":107,"column":8},"end":{"line":111,"column":9}},{"start":{"line":107,"column":8},"end":{"line":111,"column":9}}],"line":107}},"s":{"0":1,"1":1,"2":1,"3":13,"4":13,"5":13,"6":13,"7":13,"8":1,"9":4,"10":4,"11":4,"12":4,"13":4,"14":4,"15":3,"16":3,"17":3,"18":4,"19":1,"20":3,"21":3,"22":3,"23":3,"24":3,"25":1,"26":1,"27":1,"28":2,"29":1,"30":3,"31":3,"32":1,"33":2,"34":2,"35":2,"36":2,"37":2,"38":1,"39":1,"40":1,"41":1,"42":1,"43":2,"44":2,"45":2,"46":2,"47":2,"48":2,"49":1,"50":1,"51":1,"52":1,"53":1,"54":5,"55":5,"56":5,"57":5,"58":5},"f":{"0":13,"1":4,"2":2,"3":2,"4":5},"b":{"0":[3,1],"1":[1,3],"2":[1,2],"3":[1,1],"4":[1,1],"5":[1,1]},"_coverageSchema":"1a1c01bbd47fc00a2c39e90264f33305004495a9","hash":"9cb6b45717fe8d8f27171ee39ab70979f9d2d41a"}
,"C:\\Users\\kevin\\Desktop\\CS\\CSE110\\coverage\\source\\scripts\\task-list.js": {"path":"C:\\Users\\kevin\\Desktop\\CS\\CSE110\\coverage\\source\\scripts\\task-list.js","statementMap":{"0":{"start":{"line":13,"column":25},"end":{"line":13,"column":27}},"1":{"start":{"line":20,"column":19},"end":{"line":20,"column":26}},"2":{"start":{"line":27,"column":20},"end":{"line":27,"column":29}},"3":{"start":{"line":34,"column":31},"end":{"line":34,"column":40}},"4":{"start":{"line":41,"column":25},"end":{"line":41,"column":27}},"5":{"start":{"line":48,"column":18},"end":{"line":48,"column":20}},"6":{"start":{"line":50,"column":16},"end":{"line":50,"column":51}},"7":{"start":{"line":51,"column":18},"end":{"line":51,"column":50}},"8":{"start":{"line":54,"column":13},"end":{"line":54,"column":32}},"9":{"start":{"line":55,"column":12},"end":{"line":55,"column":45}},"10":{"start":{"line":57,"column":0},"end":{"line":64,"column":1}},"11":{"start":{"line":58,"column":21},"end":{"line":61,"column":15}},"12":{"start":{"line":62,"column":4},"end":{"line":62,"column":52}},"13":{"start":{"line":63,"column":4},"end":{"line":63,"column":46}},"14":{"start":{"line":67,"column":0},"end":{"line":72,"column":3}},"15":{"start":{"line":68,"column":4},"end":{"line":71,"column":5}},"16":{"start":{"line":68,"column":16},"end":{"line":68,"column":17}},"17":{"start":{"line":69,"column":21},"end":{"line":69,"column":34}},"18":{"start":{"line":70,"column":8},"end":{"line":70,"column":63}},"19":{"start":{"line":81,"column":27},"end":{"line":151,"column":1}},"20":{"start":{"line":84,"column":19},"end":{"line":84,"column":47}},"21":{"start":{"line":85,"column":4},"end":{"line":85,"column":47}},"22":{"start":{"line":88,"column":19},"end":{"line":88,"column":50}},"23":{"start":{"line":89,"column":4},"end":{"line":89,"column":31}},"24":{"start":{"line":90,"column":4},"end":{"line":90,"column":31}},"25":{"start":{"line":93,"column":20},"end":{"line":93,"column":51}},"26":{"start":{"line":94,"column":4},"end":{"line":94,"column":28}},"27":{"start":{"line":95,"column":4},"end":{"line":95,"column":33}},"28":{"start":{"line":96,"column":4},"end":{"line":96,"column":22}},"29":{"start":{"line":97,"column":4},"end":{"line":97,"column":28}},"30":{"start":{"line":98,"column":4},"end":{"line":98,"column":58}},"31":{"start":{"line":99,"column":4},"end":{"line":106,"column":5}},"32":{"start":{"line":100,"column":8},"end":{"line":100,"column":55}},"33":{"start":{"line":101,"column":8},"end":{"line":101,"column":56}},"34":{"start":{"line":104,"column":8},"end":{"line":104,"column":43}},"35":{"start":{"line":105,"column":8},"end":{"line":105,"column":48}},"36":{"start":{"line":109,"column":21},"end":{"line":109,"column":66}},"37":{"start":{"line":110,"column":4},"end":{"line":111,"column":44}},"38":{"start":{"line":111,"column":8},"end":{"line":111,"column":44}},"39":{"start":{"line":114,"column":22},"end":{"line":114,"column":51}},"40":{"start":{"line":115,"column":4},"end":{"line":115,"column":50}},"41":{"start":{"line":118,"column":25},"end":{"line":118,"column":56}},"42":{"start":{"line":119,"column":4},"end":{"line":119,"column":56}},"43":{"start":{"line":120,"column":4},"end":{"line":120,"column":34}},"44":{"start":{"line":121,"column":4},"end":{"line":121,"column":49}},"45":{"start":{"line":122,"column":4},"end":{"line":122,"column":71}},"46":{"start":{"line":123,"column":4},"end":{"line":123,"column":59}},"47":{"start":{"line":124,"column":4},"end":{"line":124,"column":60}},"48":{"start":{"line":127,"column":29},"end":{"line":127,"column":58}},"49":{"start":{"line":128,"column":4},"end":{"line":128,"column":65}},"50":{"start":{"line":131,"column":21},"end":{"line":131,"column":48}},"51":{"start":{"line":132,"column":4},"end":{"line":132,"column":50}},"52":{"start":{"line":133,"column":4},"end":{"line":133,"column":36}},"53":{"start":{"line":136,"column":20},"end":{"line":136,"column":47}},"54":{"start":{"line":137,"column":4},"end":{"line":137,"column":53}},"55":{"start":{"line":138,"column":4},"end":{"line":138,"column":34}},"56":{"start":{"line":140,"column":4},"end":{"line":140,"column":47}},"57":{"start":{"line":141,"column":4},"end":{"line":141,"column":46}},"58":{"start":{"line":143,"column":4},"end":{"line":143,"column":44}},"59":{"start":{"line":144,"column":4},"end":{"line":144,"column":48}},"60":{"start":{"line":146,"column":4},"end":{"line":146,"column":35}},"61":{"start":{"line":147,"column":4},"end":{"line":147,"column":36}},"62":{"start":{"line":148,"column":4},"end":{"line":148,"column":38}},"63":{"start":{"line":150,"column":4},"end":{"line":150,"column":20}},"64":{"start":{"line":160,"column":14},"end":{"line":172,"column":1}},"65":{"start":{"line":162,"column":4},"end":{"line":163,"column":21}},"66":{"start":{"line":163,"column":8},"end":{"line":163,"column":21}},"67":{"start":{"line":165,"column":19},"end":{"line":165,"column":62}},"68":{"start":{"line":167,"column":4},"end":{"line":167,"column":38}},"69":{"start":{"line":169,"column":4},"end":{"line":169,"column":29}},"70":{"start":{"line":171,"column":4},"end":{"line":171,"column":16}},"71":{"start":{"line":181,"column":17},"end":{"line":197,"column":1}},"72":{"start":{"line":183,"column":19},"end":{"line":183,"column":56}},"73":{"start":{"line":184,"column":13},"end":{"line":184,"column":32}},"74":{"start":{"line":187,"column":4},"end":{"line":187,"column":41}},"75":{"start":{"line":190,"column":4},"end":{"line":190,"column":29}},"76":{"start":{"line":193,"column":19},"end":{"line":193,"column":30}},"77":{"start":{"line":194,"column":4},"end":{"line":196,"column":5}},"78":{"start":{"line":194,"column":16},"end":{"line":194,"column":17}},"79":{"start":{"line":195,"column":8},"end":{"line":195,"column":39}},"80":{"start":{"line":202,"column":21},"end":{"line":238,"column":1}},"81":{"start":{"line":203,"column":19},"end":{"line":203,"column":56}},"82":{"start":{"line":204,"column":15},"end":{"line":204,"column":57}},"83":{"start":{"line":206,"column":4},"end":{"line":206,"column":46}},"84":{"start":{"line":209,"column":23},"end":{"line":209,"column":37}},"85":{"start":{"line":212,"column":4},"end":{"line":223,"column":5}},"86":{"start":{"line":213,"column":8},"end":{"line":213,"column":38}},"87":{"start":{"line":214,"column":8},"end":{"line":214,"column":33}},"88":{"start":{"line":215,"column":8},"end":{"line":215,"column":31}},"89":{"start":{"line":216,"column":8},"end":{"line":216,"column":37}},"90":{"start":{"line":219,"column":8},"end":{"line":219,"column":39}},"91":{"start":{"line":220,"column":8},"end":{"line":220,"column":34}},"92":{"start":{"line":221,"column":8},"end":{"line":221,"column":39}},"93":{"start":{"line":222,"column":8},"end":{"line":222,"column":29}},"94":{"start":{"line":226,"column":4},"end":{"line":237,"column":5}},"95":{"start":{"line":226,"column":17},"end":{"line":226,"column":18}},"96":{"start":{"line":227,"column":28},"end":{"line":227,"column":63}},"97":{"start":{"line":228,"column":25},"end":{"line":228,"column":60}},"98":{"start":{"line":229,"column":8},"end":{"line":236,"column":9}},"99":{"start":{"line":230,"column":12},"end":{"line":235,"column":13}},"100":{"start":{"line":231,"column":16},"end":{"line":231,"column":65}},"101":{"start":{"line":234,"column":16},"end":{"line":234,"column":53}},"102":{"start":{"line":244,"column":21},"end":{"line":350,"column":1}},"103":{"start":{"line":247,"column":19},"end":{"line":247,"column":69}},"104":{"start":{"line":248,"column":15},"end":{"line":248,"column":61}},"105":{"start":{"line":249,"column":25},"end":{"line":249,"column":70}},"106":{"start":{"line":250,"column":23},"end":{"line":250,"column":70}},"107":{"start":{"line":251,"column":27},"end":{"line":251,"column":74}},"108":{"start":{"line":255,"column":4},"end":{"line":258,"column":6}},"109":{"start":{"line":257,"column":8},"end":{"line":257,"column":54}},"110":{"start":{"line":261,"column":4},"end":{"line":264,"column":6}},"111":{"start":{"line":262,"column":8},"end":{"line":263,"column":50}},"112":{"start":{"line":263,"column":12},"end":{"line":263,"column":50}},"113":{"start":{"line":266,"column":4},"end":{"line":285,"column":6}},"114":{"start":{"line":269,"column":8},"end":{"line":274,"column":9}},"115":{"start":{"line":270,"column":12},"end":{"line":270,"column":47}},"116":{"start":{"line":273,"column":12},"end":{"line":273,"column":48}},"117":{"start":{"line":277,"column":8},"end":{"line":282,"column":9}},"118":{"start":{"line":278,"column":12},"end":{"line":278,"column":52}},"119":{"start":{"line":281,"column":12},"end":{"line":281,"column":51}},"120":{"start":{"line":284,"column":8},"end":{"line":284,"column":55}},"121":{"start":{"line":287,"column":4},"end":{"line":300,"column":6}},"122":{"start":{"line":288,"column":20},"end":{"line":288,"column":40}},"123":{"start":{"line":289,"column":8},"end":{"line":298,"column":9}},"124":{"start":{"line":289,"column":20},"end":{"line":289,"column":21}},"125":{"start":{"line":290,"column":23},"end":{"line":290,"column":31}},"126":{"start":{"line":291,"column":33},"end":{"line":291,"column":61}},"127":{"start":{"line":292,"column":34},"end":{"line":292,"column":62}},"128":{"start":{"line":293,"column":12},"end":{"line":297,"column":13}},"129":{"start":{"line":294,"column":16},"end":{"line":294,"column":46}},"130":{"start":{"line":295,"column":16},"end":{"line":295,"column":55}},"131":{"start":{"line":296,"column":16},"end":{"line":296,"column":54}},"132":{"start":{"line":302,"column":23},"end":{"line":302,"column":66}},"133":{"start":{"line":303,"column":27},"end":{"line":303,"column":74}},"134":{"start":{"line":305,"column":4},"end":{"line":305,"column":46}},"135":{"start":{"line":306,"column":4},"end":{"line":306,"column":38}},"136":{"start":{"line":308,"column":4},"end":{"line":326,"column":6}},"137":{"start":{"line":309,"column":8},"end":{"line":325,"column":9}},"138":{"start":{"line":310,"column":27},"end":{"line":310,"column":42}},"139":{"start":{"line":311,"column":21},"end":{"line":311,"column":40}},"140":{"start":{"line":314,"column":12},"end":{"line":314,"column":37}},"141":{"start":{"line":316,"column":12},"end":{"line":316,"column":49}},"142":{"start":{"line":318,"column":27},"end":{"line":318,"column":38}},"143":{"start":{"line":319,"column":12},"end":{"line":321,"column":13}},"144":{"start":{"line":319,"column":24},"end":{"line":319,"column":25}},"145":{"start":{"line":320,"column":16},"end":{"line":320,"column":47}},"146":{"start":{"line":324,"column":12},"end":{"line":324,"column":42}},"147":{"start":{"line":329,"column":4},"end":{"line":349,"column":6}},"148":{"start":{"line":330,"column":8},"end":{"line":348,"column":9}},"149":{"start":{"line":331,"column":12},"end":{"line":331,"column":55}},"150":{"start":{"line":332,"column":12},"end":{"line":332,"column":54}},"151":{"start":{"line":333,"column":12},"end":{"line":333,"column":38}},"152":{"start":{"line":336,"column":12},"end":{"line":336,"column":54}},"153":{"start":{"line":337,"column":12},"end":{"line":342,"column":13}},"154":{"start":{"line":338,"column":16},"end":{"line":338,"column":58}},"155":{"start":{"line":339,"column":16},"end":{"line":339,"column":43}},"156":{"start":{"line":340,"column":16},"end":{"line":340,"column":41}},"157":{"start":{"line":341,"column":16},"end":{"line":341,"column":47}},"158":{"start":{"line":345,"column":12},"end":{"line":345,"column":47}},"159":{"start":{"line":346,"column":12},"end":{"line":346,"column":42}},"160":{"start":{"line":347,"column":12},"end":{"line":347,"column":39}},"161":{"start":{"line":353,"column":0},"end":{"line":360,"column":3}},"162":{"start":{"line":354,"column":4},"end":{"line":359,"column":5}},"163":{"start":{"line":355,"column":8},"end":{"line":355,"column":50}},"164":{"start":{"line":356,"column":8},"end":{"line":357,"column":39}},"165":{"start":{"line":357,"column":12},"end":{"line":357,"column":39}},"166":{"start":{"line":358,"column":8},"end":{"line":358,"column":31}}},"fnMap":{"0":{"name":"(anonymous_0)","decl":{"start":{"line":67,"column":44},"end":{"line":67,"column":45}},"loc":{"start":{"line":67,"column":55},"end":{"line":72,"column":1}},"line":67},"1":{"name":"(anonymous_1)","decl":{"start":{"line":81,"column":27},"end":{"line":81,"column":28}},"loc":{"start":{"line":81,"column":61},"end":{"line":151,"column":1}},"line":81},"2":{"name":"(anonymous_2)","decl":{"start":{"line":160,"column":14},"end":{"line":160,"column":15}},"loc":{"start":{"line":160,"column":46},"end":{"line":172,"column":1}},"line":160},"3":{"name":"(anonymous_3)","decl":{"start":{"line":181,"column":17},"end":{"line":181,"column":18}},"loc":{"start":{"line":181,"column":28},"end":{"line":197,"column":1}},"line":181},"4":{"name":"(anonymous_4)","decl":{"start":{"line":202,"column":21},"end":{"line":202,"column":22}},"loc":{"start":{"line":202,"column":31},"end":{"line":238,"column":1}},"line":202},"5":{"name":"(anonymous_5)","decl":{"start":{"line":244,"column":21},"end":{"line":244,"column":22}},"loc":{"start":{"line":244,"column":44},"end":{"line":350,"column":1}},"line":244},"6":{"name":"(anonymous_6)","decl":{"start":{"line":255,"column":31},"end":{"line":255,"column":32}},"loc":{"start":{"line":255,"column":41},"end":{"line":258,"column":5}},"line":255},"7":{"name":"(anonymous_7)","decl":{"start":{"line":261,"column":30},"end":{"line":261,"column":31}},"loc":{"start":{"line":261,"column":40},"end":{"line":264,"column":5}},"line":261},"8":{"name":"(anonymous_8)","decl":{"start":{"line":266,"column":29},"end":{"line":266,"column":30}},"loc":{"start":{"line":266,"column":39},"end":{"line":285,"column":5}},"line":266},"9":{"name":"(anonymous_9)","decl":{"start":{"line":287,"column":21},"end":{"line":287,"column":22}},"loc":{"start":{"line":287,"column":33},"end":{"line":300,"column":5}},"line":287},"10":{"name":"(anonymous_10)","decl":{"start":{"line":308,"column":20},"end":{"line":308,"column":21}},"loc":{"start":{"line":308,"column":32},"end":{"line":326,"column":5}},"line":308},"11":{"name":"(anonymous_11)","decl":{"start":{"line":329,"column":24},"end":{"line":329,"column":25}},"loc":{"start":{"line":329,"column":30},"end":{"line":349,"column":5}},"line":329},"12":{"name":"(anonymous_12)","decl":{"start":{"line":353,"column":36},"end":{"line":353,"column":37}},"loc":{"start":{"line":353,"column":47},"end":{"line":360,"column":1}},"line":353}},"branchMap":{"0":{"loc":{"start":{"line":57,"column":0},"end":{"line":64,"column":1}},"type":"if","locations":[{"start":{"line":57,"column":0},"end":{"line":64,"column":1}},{"start":{"line":57,"column":0},"end":{"line":64,"column":1}}],"line":57},"1":{"loc":{"start":{"line":99,"column":4},"end":{"line":106,"column":5}},"type":"if","locations":[{"start":{"line":99,"column":4},"end":{"line":106,"column":5}},{"start":{"line":99,"column":4},"end":{"line":106,"column":5}}],"line":99},"2":{"loc":{"start":{"line":110,"column":4},"end":{"line":111,"column":44}},"type":"if","locations":[{"start":{"line":110,"column":4},"end":{"line":111,"column":44}},{"start":{"line":110,"column":4},"end":{"line":111,"column":44}}],"line":110},"3":{"loc":{"start":{"line":162,"column":4},"end":{"line":163,"column":21}},"type":"if","locations":[{"start":{"line":162,"column":4},"end":{"line":163,"column":21}},{"start":{"line":162,"column":4},"end":{"line":163,"column":21}}],"line":162},"4":{"loc":{"start":{"line":212,"column":4},"end":{"line":223,"column":5}},"type":"if","locations":[{"start":{"line":212,"column":4},"end":{"line":223,"column":5}},{"start":{"line":212,"column":4},"end":{"line":223,"column":5}}],"line":212},"5":{"loc":{"start":{"line":229,"column":8},"end":{"line":236,"column":9}},"type":"if","locations":[{"start":{"line":229,"column":8},"end":{"line":236,"column":9}},{"start":{"line":229,"column":8},"end":{"line":236,"column":9}}],"line":229},"6":{"loc":{"start":{"line":230,"column":12},"end":{"line":235,"column":13}},"type":"if","locations":[{"start":{"line":230,"column":12},"end":{"line":235,"column":13}},{"start":{"line":230,"column":12},"end":{"line":235,"column":13}}],"line":230},"7":{"loc":{"start":{"line":262,"column":8},"end":{"line":263,"column":50}},"type":"if","locations":[{"start":{"line":262,"column":8},"end":{"line":263,"column":50}},{"start":{"line":262,"column":8},"end":{"line":263,"column":50}}],"line":262},"8":{"loc":{"start":{"line":269,"column":8},"end":{"line":274,"column":9}},"type":"if","locations":[{"start":{"line":269,"column":8},"end":{"line":274,"column":9}},{"start":{"line":269,"column":8},"end":{"line":274,"column":9}}],"line":269},"9":{"loc":{"start":{"line":277,"column":8},"end":{"line":282,"column":9}},"type":"if","locations":[{"start":{"line":277,"column":8},"end":{"line":282,"column":9}},{"start":{"line":277,"column":8},"end":{"line":282,"column":9}}],"line":277},"10":{"loc":{"start":{"line":293,"column":12},"end":{"line":297,"column":13}},"type":"if","locations":[{"start":{"line":293,"column":12},"end":{"line":297,"column":13}},{"start":{"line":293,"column":12},"end":{"line":297,"column":13}}],"line":293},"11":{"loc":{"start":{"line":293,"column":15},"end":{"line":293,"column":69}},"type":"binary-expr","locations":[{"start":{"line":293,"column":15},"end":{"line":293,"column":44}},{"start":{"line":293,"column":48},"end":{"line":293,"column":69}}],"line":293},"12":{"loc":{"start":{"line":309,"column":8},"end":{"line":325,"column":9}},"type":"if","locations":[{"start":{"line":309,"column":8},"end":{"line":325,"column":9}},{"start":{"line":309,"column":8},"end":{"line":325,"column":9}}],"line":309},"13":{"loc":{"start":{"line":330,"column":8},"end":{"line":348,"column":9}},"type":"if","locations":[{"start":{"line":330,"column":8},"end":{"line":348,"column":9}},{"start":{"line":330,"column":8},"end":{"line":348,"column":9}}],"line":330},"14":{"loc":{"start":{"line":337,"column":12},"end":{"line":342,"column":13}},"type":"if","locations":[{"start":{"line":337,"column":12},"end":{"line":342,"column":13}},{"start":{"line":337,"column":12},"end":{"line":342,"column":13}}],"line":337},"15":{"loc":{"start":{"line":354,"column":4},"end":{"line":359,"column":5}},"type":"if","locations":[{"start":{"line":354,"column":4},"end":{"line":359,"column":5}},{"start":{"line":354,"column":4},"end":{"line":359,"column":5}}],"line":354},"16":{"loc":{"start":{"line":356,"column":8},"end":{"line":357,"column":39}},"type":"if","locations":[{"start":{"line":356,"column":8},"end":{"line":357,"column":39}},{"start":{"line":356,"column":8},"end":{"line":357,"column":39}}],"line":356},"17":{"loc":{"start":{"line":356,"column":11},"end":{"line":356,"column":99}},"type":"binary-expr","locations":[{"start":{"line":356,"column":11},"end":{"line":356,"column":45}},{"start":{"line":356,"column":49},"end":{"line":356,"column":99}}],"line":356}},"s":{"0":0,"1":0,"2":0,"3":0,"4":0,"5":0,"6":0,"7":0,"8":0,"9":0,"10":0,"11":0,"12":0,"13":0,"14":0,"15":0,"16":0,"17":0,"18":0,"19":0,"20":0,"21":0,"22":0,"23":0,"24":0,"25":0,"26":0,"27":0,"28":0,"29":0,"30":0,"31":0,"32":0,"33":0,"34":0,"35":0,"36":0,"37":0,"38":0,"39":0,"40":0,"41":0,"42":0,"43":0,"44":0,"45":0,"46":0,"47":0,"48":0,"49":0,"50":0,"51":0,"52":0,"53":0,"54":0,"55":0,"56":0,"57":0,"58":0,"59":0,"60":0,"61":0,"62":0,"63":0,"64":0,"65":0,"66":0,"67":0,"68":0,"69":0,"70":0,"71":0,"72":0,"73":0,"74":0,"75":0,"76":0,"77":0,"78":0,"79":0,"80":0,"81":0,"82":0,"83":0,"84":0,"85":0,"86":0,"87":0,"88":0,"89":0,"90":0,"91":0,"92":0,"93":0,"94":0,"95":0,"96":0,"97":0,"98":0,"99":0,"100":0,"101":0,"102":0,"103":0,"104":0,"105":0,"106":0,"107":0,"108":0,"109":0,"110":0,"111":0,"112":0,"113":0,"114":0,"115":0,"116":0,"117":0,"118":0,"119":0,"120":0,"121":0,"122":0,"123":0,"124":0,"125":0,"126":0,"127":0,"128":0,"129":0,"130":0,"131":0,"132":0,"133":0,"134":0,"135":0,"136":0,"137":0,"138":0,"139":0,"140":0,"141":0,"142":0,"143":0,"144":0,"145":0,"146":0,"147":0,"148":0,"149":0,"150":0,"151":0,"152":0,"153":0,"154":0,"155":0,"156":0,"157":0,"158":0,"159":0,"160":0,"161":0,"162":0,"163":0,"164":0,"165":0,"166":0},"f":{"0":0,"1":0,"2":0,"3":0,"4":0,"5":0,"6":0,"7":0,"8":0,"9":0,"10":0,"11":0,"12":0},"b":{"0":[0,0],"1":[0,0],"2":[0,0],"3":[0,0],"4":[0,0],"5":[0,0],"6":[0,0],"7":[0,0],"8":[0,0],"9":[0,0],"10":[0,0],"11":[0,0],"12":[0,0],"13":[0,0],"14":[0,0],"15":[0,0],"16":[0,0],"17":[0,0]}}
}
