TN:
SF:source\app.js
FN:18,(anonymous_0)
FN:29,(anonymous_1)
FN:35,(anonymous_2)
FN:59,(anonymous_3)
FN:65,(anonymous_4)
FN:72,(anonymous_5)
FN:90,changeScreen
FN:91,(anonymous_7)
FN:105,displayAskResetFocus
FN:124,displayAskResetBreak
FNF:10
FNH:0
FNDA:0,(anonymous_0)
FNDA:0,(anonymous_1)
FNDA:0,(anonymous_2)
FNDA:0,(anonymous_3)
FNDA:0,(anonymous_4)
FNDA:0,(anonymous_5)
FNDA:0,changeScreen
FNDA:0,(anonymous_7)
FNDA:0,displayAskResetFocus
FNDA:0,displayAskResetBreak
DA:10,0
DA:11,0
DA:12,0
DA:13,0
DA:14,0
DA:15,0
DA:18,0
DA:19,0
DA:23,0
DA:24,0
DA:25,0
DA:26,0
DA:28,0
DA:29,0
DA:30,0
DA:35,0
DA:37,0
DA:38,0
DA:39,0
DA:40,0
DA:41,0
DA:42,0
DA:43,0
DA:44,0
DA:47,0
DA:48,0
DA:49,0
DA:51,0
DA:52,0
DA:53,0
DA:59,0
DA:60,0
DA:61,0
DA:65,0
DA:66,0
DA:67,0
DA:68,0
DA:72,0
DA:73,0
DA:74,0
DA:76,0
DA:77,0
DA:80,0
DA:83,0
DA:91,0
DA:92,0
DA:93,0
DA:94,0
DA:97,0
DA:98,0
DA:106,0
DA:107,0
DA:108,0
DA:109,0
DA:110,0
DA:111,0
DA:112,0
DA:113,0
DA:114,0
DA:115,0
DA:116,0
DA:125,0
DA:126,0
DA:127,0
DA:128,0
DA:129,0
DA:130,0
DA:131,0
DA:132,0
DA:133,0
DA:134,0
DA:135,0
DA:136,0
LF:73
LH:0
BRDA:37,0,0,0
BRDA:37,0,1,0
BRDA:39,1,0,0
BRDA:39,1,1,0
BRDA:39,2,0,0
BRDA:39,2,1,0
BRDA:42,3,0,0
BRDA:42,3,1,0
BRDA:42,4,0,0
BRDA:42,4,1,0
BRDA:42,4,2,0
BRDA:47,5,0,0
BRDA:47,5,1,0
BRDA:73,6,0,0
BRDA:73,6,1,0
BRDA:74,7,0,0
BRDA:74,7,1,0
BRDA:74,8,0,0
BRDA:74,8,1,0
BRDA:76,9,0,0
BRDA:76,9,1,0
BRDA:93,10,0,0
BRDA:93,10,1,0
BRF:23
BRH:0
end_of_record
TN:
SF:source\components\setting-content.js
FN:9,(anonymous_0)
FNF:1
FNH:0
FNDA:0,(anonymous_0)
DA:10,0
DA:11,0
DA:14,0
DA:15,0
DA:16,0
DA:17,0
DA:18,0
DA:21,0
DA:22,0
DA:23,0
DA:24,0
DA:25,0
DA:26,0
DA:27,0
DA:30,0
DA:71,0
DA:74,0
DA:117,0
DA:121,0
LF:19
LH:0
BRDA:14,0,0,0
BRDA:14,0,1,0
BRDA:15,1,0,0
BRDA:15,1,1,0
BRDA:16,2,0,0
BRDA:16,2,1,0
BRDA:17,3,0,0
BRDA:17,3,1,0
BRDA:18,4,0,0
BRDA:18,4,1,0
BRF:10
BRH:0
end_of_record
TN:
SF:source\scripts\clock.js
FN:24,displayBreakContent
FN:46,displayFocusContent
FN:76,startTimer
FN:93,(anonymous_3)
FN:112,stopTimer
FN:166,secondsToString
FN:186,updateTimerSettings
FN:209,startStopTimer
FNF:8
FNH:8
FNDA:16,displayBreakContent
FNDA:25,displayFocusContent
FNDA:26,startTimer
FNDA:18602,(anonymous_3)
FNDA:25,stopTimer
FNDA:18639,secondsToString
FNDA:12,updateTimerSettings
FNDA:15,startStopTimer
DA:10,1
DA:13,1
DA:14,1
DA:17,1
DA:25,16
DA:26,16
DA:27,16
DA:28,16
DA:29,16
DA:30,16
DA:31,16
DA:32,16
DA:33,16
DA:34,16
DA:35,16
DA:36,16
DA:38,16
DA:39,16
DA:48,25
DA:49,25
DA:50,24
DA:52,1
DA:55,25
DA:56,25
DA:57,25
DA:58,25
DA:59,25
DA:60,25
DA:61,25
DA:62,25
DA:63,25
DA:64,25
DA:65,25
DA:66,25
DA:77,26
DA:78,26
DA:80,26
DA:81,26
DA:83,26
DA:84,16
DA:85,16
DA:86,16
DA:87,16
DA:88,16
DA:91,26
DA:92,26
DA:93,26
DA:95,18602
DA:97,18602
DA:98,17
DA:99,17
DA:114,25
DA:115,25
DA:116,25
DA:119,25
DA:120,16
DA:121,16
DA:122,16
DA:126,9
DA:130,25
DA:132,25
DA:133,25
DA:134,8
DA:135,6
DA:138,2
DA:139,2
DA:142,17
DA:146,17
DA:149,10
DA:150,10
DA:151,10
DA:152,10
DA:157,25
DA:158,25
DA:159,25
DA:160,25
DA:161,2
DA:169,18639
DA:170,18639
DA:172,18639
DA:173,18639
DA:175,18639
DA:188,12
DA:189,12
DA:190,48
DA:191,48
DA:192,36
DA:194,12
DA:197,12
DA:198,11
DA:201,12
DA:210,15
DA:211,7
DA:212,7
DA:215,8
DA:216,8
DA:217,8
LF:97
LH:97
BRDA:49,0,0,24
BRDA:49,0,1,1
BRDA:80,1,0,2
BRDA:80,1,1,24
BRDA:80,2,0,16
BRDA:80,2,1,8
BRDA:83,3,0,16
BRDA:83,3,1,10
BRDA:97,4,0,17
BRDA:97,4,1,18585
BRDA:114,5,0,2
BRDA:114,5,1,23
BRDA:114,6,0,16
BRDA:114,6,1,7
BRDA:119,7,0,16
BRDA:119,7,1,9
BRDA:133,8,0,8
BRDA:133,8,1,17
BRDA:134,9,0,6
BRDA:134,9,1,2
BRDA:138,10,0,1
BRDA:138,10,1,1
BRDA:142,11,0,1
BRDA:142,11,1,16
BRDA:146,12,0,10
BRDA:146,12,1,7
BRDA:160,13,0,2
BRDA:160,13,1,23
BRDA:172,14,0,9010
BRDA:172,14,1,9629
BRDA:173,15,0,3135
BRDA:173,15,1,15504
BRDA:191,16,0,36
BRDA:191,16,1,12
BRDA:197,17,0,11
BRDA:197,17,1,1
BRDA:210,18,0,7
BRDA:210,18,1,8
BRF:38
BRH:38
end_of_record
TN:
SF:source\scripts\handle-icons.js
FN:15,(anonymous_0)
FN:41,displayOnboardingMenu
FN:53,closeOnboardingMenu
FNF:3
FNH:0
FNDA:0,(anonymous_0)
FNDA:0,displayOnboardingMenu
FNDA:0,closeOnboardingMenu
DA:6,0
DA:7,0
DA:8,0
DA:9,0
DA:10,0
DA:15,0
DA:16,0
DA:17,0
DA:18,0
DA:19,0
DA:20,0
DA:22,0
DA:23,0
DA:24,0
DA:25,0
DA:26,0
DA:27,0
DA:30,0
DA:31,0
DA:32,0
DA:33,0
DA:34,0
DA:42,0
DA:43,0
DA:44,0
DA:45,0
DA:46,0
DA:47,0
DA:54,0
DA:55,0
DA:56,0
DA:57,0
DA:58,0
DA:59,0
LF:34
LH:0
BRDA:22,0,0,0
BRDA:22,0,1,0
BRF:2
BRH:0
end_of_record
TN:
SF:source\scripts\setting-script.js
FN:20,(anonymous_0)
FN:27,(anonymous_1)
FN:33,(anonymous_2)
FN:56,(anonymous_3)
FN:65,(anonymous_4)
FN:88,(anonymous_5)
FN:97,(anonymous_6)
FN:120,(anonymous_7)
FNF:8
FNH:0
FNDA:0,(anonymous_0)
FNDA:0,(anonymous_1)
FNDA:0,(anonymous_2)
FNDA:0,(anonymous_3)
FNDA:0,(anonymous_4)
FNDA:0,(anonymous_5)
FNDA:0,(anonymous_6)
FNDA:0,(anonymous_7)
DA:5,0
DA:6,0
DA:7,0
DA:8,0
DA:9,0
DA:10,0
DA:11,0
DA:12,0
DA:13,0
DA:14,0
DA:15,0
DA:16,0
DA:17,0
DA:20,0
DA:21,0
DA:22,0
DA:23,0
DA:27,0
DA:28,0
DA:29,0
DA:33,0
DA:34,0
DA:35,0
DA:36,0
DA:38,0
DA:39,0
DA:40,0
DA:43,0
DA:44,0
DA:45,0
DA:46,0
DA:56,0
DA:57,0
DA:58,0
DA:59,0
DA:60,0
DA:65,0
DA:66,0
DA:67,0
DA:68,0
DA:70,0
DA:71,0
DA:72,0
DA:75,0
DA:76,0
DA:77,0
DA:78,0
DA:88,0
DA:89,0
DA:90,0
DA:91,0
DA:92,0
DA:97,0
DA:98,0
DA:99,0
DA:100,0
DA:102,0
DA:103,0
DA:104,0
DA:107,0
DA:108,0
DA:109,0
DA:110,0
DA:120,0
DA:121,0
DA:122,0
DA:123,0
DA:124,0
LF:68
LH:0
BRDA:34,0,0,0
BRDA:34,0,1,0
BRDA:38,1,0,0
BRDA:38,1,1,0
BRDA:57,2,0,0
BRDA:57,2,1,0
BRDA:66,3,0,0
BRDA:66,3,1,0
BRDA:70,4,0,0
BRDA:70,4,1,0
BRDA:89,5,0,0
BRDA:89,5,1,0
BRDA:98,6,0,0
BRDA:98,6,1,0
BRDA:102,7,0,0
BRDA:102,7,1,0
BRDA:121,8,0,0
BRDA:121,8,1,0
BRF:18
BRH:0
end_of_record
TN:
SF:source\scripts\task-list-local-storage.js
FN:15,(anonymous_0)
FN:34,(anonymous_1)
FN:77,(anonymous_2)
FN:99,(anonymous_3)
FN:121,(anonymous_4)
FNF:5
FNH:5
FNDA:13,(anonymous_0)
FNDA:4,(anonymous_1)
FNDA:2,(anonymous_2)
FNDA:2,(anonymous_3)
FNDA:5,(anonymous_4)
DA:7,1
DA:8,1
DA:15,1
DA:16,13
DA:18,13
DA:24,13
DA:25,13
DA:26,13
DA:34,1
DA:35,4
DA:36,4
DA:39,4
DA:40,4
DA:41,4
DA:42,3
DA:43,3
DA:44,3
DA:48,4
DA:49,1
DA:52,3
DA:53,3
DA:54,3
DA:58,3
DA:59,1
DA:60,1
DA:61,1
DA:63,2
DA:64,1
DA:67,3
DA:68,3
DA:77,1
DA:78,2
DA:81,2
DA:82,2
DA:83,2
DA:84,1
DA:85,1
DA:86,1
DA:89,1
DA:99,1
DA:100,2
DA:102,2
DA:105,2
DA:106,2
DA:107,2
DA:108,1
DA:109,1
DA:110,1
DA:114,1
DA:121,1
DA:122,5
DA:123,5
DA:125,5
DA:126,5
DA:129,5
LF:55
LH:55
BRDA:41,0,0,3
BRDA:41,0,1,1
BRDA:48,1,0,1
BRDA:48,1,1,3
BRDA:58,2,0,1
BRDA:58,2,1,2
BRDA:63,3,0,1
BRDA:63,3,1,1
BRDA:83,4,0,1
BRDA:83,4,1,1
BRDA:107,5,0,1
BRDA:107,5,1,1
BRF:12
BRH:12
end_of_record
TN:
SF:source\scripts\task-list.js
FN:67,(anonymous_0)
FN:81,(anonymous_1)
FN:160,(anonymous_2)
FN:181,(anonymous_3)
FN:202,(anonymous_4)
FN:244,(anonymous_5)
FN:255,(anonymous_6)
FN:261,(anonymous_7)
FN:266,(anonymous_8)
FN:287,(anonymous_9)
FN:308,(anonymous_10)
FN:329,(anonymous_11)
FN:353,(anonymous_12)
FNF:13
FNH:0
FNDA:0,(anonymous_0)
FNDA:0,(anonymous_1)
FNDA:0,(anonymous_2)
FNDA:0,(anonymous_3)
FNDA:0,(anonymous_4)
FNDA:0,(anonymous_5)
FNDA:0,(anonymous_6)
FNDA:0,(anonymous_7)
FNDA:0,(anonymous_8)
FNDA:0,(anonymous_9)
FNDA:0,(anonymous_10)
FNDA:0,(anonymous_11)
FNDA:0,(anonymous_12)
DA:13,0
DA:20,0
DA:27,0
DA:34,0
DA:41,0
DA:48,0
DA:50,0
DA:51,0
DA:54,0
DA:55,0
DA:57,0
DA:58,0
DA:62,0
DA:63,0
DA:67,0
DA:68,0
DA:69,0
DA:70,0
DA:81,0
DA:84,0
DA:85,0
DA:88,0
DA:89,0
DA:90,0
DA:93,0
DA:94,0
DA:95,0
DA:96,0
DA:97,0
DA:98,0
DA:99,0
DA:100,0
DA:101,0
DA:104,0
DA:105,0
DA:109,0
DA:110,0
DA:111,0
DA:114,0
DA:115,0
DA:118,0
DA:119,0
DA:120,0
DA:121,0
DA:122,0
DA:123,0
DA:124,0
DA:127,0
DA:128,0
DA:131,0
DA:132,0
DA:133,0
DA:136,0
DA:137,0
DA:138,0
DA:140,0
DA:141,0
DA:143,0
DA:144,0
DA:146,0
DA:147,0
DA:148,0
DA:150,0
DA:160,0
DA:162,0
DA:163,0
DA:165,0
DA:167,0
DA:169,0
DA:171,0
DA:181,0
DA:183,0
DA:184,0
DA:187,0
DA:190,0
DA:193,0
DA:194,0
DA:195,0
DA:202,0
DA:203,0
DA:204,0
DA:206,0
DA:209,0
DA:212,0
DA:213,0
DA:214,0
DA:215,0
DA:216,0
DA:219,0
DA:220,0
DA:221,0
DA:222,0
DA:226,0
DA:227,0
DA:228,0
DA:229,0
DA:230,0
DA:231,0
DA:234,0
DA:244,0
DA:247,0
DA:248,0
DA:249,0
DA:250,0
DA:251,0
DA:255,0
DA:257,0
DA:261,0
DA:262,0
DA:263,0
DA:266,0
DA:269,0
DA:270,0
DA:273,0
DA:277,0
DA:278,0
DA:281,0
DA:284,0
DA:287,0
DA:288,0
DA:289,0
DA:290,0
DA:291,0
DA:292,0
DA:293,0
DA:294,0
DA:295,0
DA:296,0
DA:302,0
DA:303,0
DA:305,0
DA:306,0
DA:308,0
DA:309,0
DA:310,0
DA:311,0
DA:314,0
DA:316,0
DA:318,0
DA:319,0
DA:320,0
DA:324,0
DA:329,0
DA:330,0
DA:331,0
DA:332,0
DA:333,0
DA:336,0
DA:337,0
DA:338,0
DA:339,0
DA:340,0
DA:341,0
DA:345,0
DA:346,0
DA:347,0
DA:353,0
DA:354,0
DA:355,0
DA:356,0
DA:357,0
DA:358,0
LF:162
LH:0
BRDA:57,0,0,0
BRDA:57,0,1,0
BRDA:99,1,0,0
BRDA:99,1,1,0
BRDA:110,2,0,0
BRDA:110,2,1,0
BRDA:162,3,0,0
BRDA:162,3,1,0
BRDA:212,4,0,0
BRDA:212,4,1,0
BRDA:229,5,0,0
BRDA:229,5,1,0
BRDA:230,6,0,0
BRDA:230,6,1,0
BRDA:262,7,0,0
BRDA:262,7,1,0
BRDA:269,8,0,0
BRDA:269,8,1,0
BRDA:277,9,0,0
BRDA:277,9,1,0
BRDA:293,10,0,0
BRDA:293,10,1,0
BRDA:293,11,0,0
BRDA:293,11,1,0
BRDA:309,12,0,0
BRDA:309,12,1,0
BRDA:330,13,0,0
BRDA:330,13,1,0
BRDA:337,14,0,0
BRDA:337,14,1,0
BRDA:354,15,0,0
BRDA:354,15,1,0
BRDA:356,16,0,0
BRDA:356,16,1,0
BRDA:356,17,0,0
BRDA:356,17,1,0
BRF:36
BRH:0
end_of_record
