TN:
SF:source\app.js
FN:18,(anonymous_0)
FN:29,(anonymous_1)
FN:35,(anonymous_2)
FN:59,(anonymous_3)
FN:65,(anonymous_4)
FN:72,(anonymous_5)
FN:90,(anonymous_6)
FN:91,(anonymous_7)
FN:105,(anonymous_8)
FN:125,(anonymous_9)
FNF:10
FNH:0
FNDA:0,(anonymous_0)
FNDA:0,(anonymous_1)
FNDA:0,(anonymous_2)
FNDA:0,(anonymous_3)
FNDA:0,(anonymous_4)
FNDA:0,(anonymous_5)
FNDA:0,(anonymous_6)
FNDA:0,(anonymous_7)
FNDA:0,(anonymous_8)
FNDA:0,(anonymous_9)
DA:10,0
DA:11,0
DA:12,0
DA:13,0
DA:14,0
DA:15,0
DA:18,0
DA:19,0
DA:23,0
DA:24,0
DA:25,0
DA:26,0
DA:28,0
DA:29,0
DA:30,0
DA:35,0
DA:37,0
DA:38,0
DA:39,0
DA:40,0
DA:41,0
DA:42,0
DA:43,0
DA:44,0
DA:47,0
DA:48,0
DA:49,0
DA:51,0
DA:52,0
DA:53,0
DA:59,0
DA:60,0
DA:61,0
DA:65,0
DA:66,0
DA:67,0
DA:68,0
DA:72,0
DA:73,0
DA:74,0
DA:76,0
DA:77,0
DA:80,0
DA:83,0
DA:90,0
DA:91,0
DA:92,0
DA:93,0
DA:94,0
DA:97,0
DA:98,0
DA:105,0
DA:106,0
DA:107,0
DA:108,0
DA:109,0
DA:110,0
DA:112,0
DA:113,0
DA:114,0
DA:115,0
DA:116,0
DA:117,0
DA:125,0
DA:126,0
DA:127,0
DA:128,0
DA:129,0
DA:130,0
DA:131,0
DA:133,0
DA:134,0
DA:135,0
DA:136,0
DA:137,0
DA:138,0
LF:76
LH:0
BRDA:37,0,0,0
BRDA:37,0,1,0
BRDA:39,1,0,0
BRDA:39,1,1,0
BRDA:39,2,0,0
BRDA:39,2,1,0
BRDA:42,3,0,0
BRDA:42,3,1,0
BRDA:42,4,0,0
BRDA:42,4,1,0
BRDA:42,4,2,0
BRDA:47,5,0,0
BRDA:47,5,1,0
BRDA:73,6,0,0
BRDA:73,6,1,0
BRDA:74,7,0,0
BRDA:74,7,1,0
BRDA:74,8,0,0
BRDA:74,8,1,0
BRDA:76,9,0,0
BRDA:76,9,1,0
BRDA:93,10,0,0
BRDA:93,10,1,0
BRF:23
BRH:0
end_of_record
TN:
SF:source\components\setting-content.js
FN:9,(anonymous_0)
FNF:1
FNH:0
FNDA:0,(anonymous_0)
DA:10,0
DA:11,0
DA:14,0
DA:15,0
DA:16,0
DA:17,0
DA:18,0
DA:21,0
DA:22,0
DA:23,0
DA:24,0
DA:25,0
DA:26,0
DA:27,0
DA:30,0
DA:71,0
DA:74,0
DA:117,0
DA:121,0
LF:19
LH:0
BRDA:14,0,0,0
BRDA:14,0,1,0
BRDA:15,1,0,0
BRDA:15,1,1,0
BRDA:16,2,0,0
BRDA:16,2,1,0
BRDA:17,3,0,0
BRDA:17,3,1,0
BRDA:18,4,0,0
BRDA:18,4,1,0
BRF:10
BRH:0
end_of_record
TN:
SF:source\scripts\clock.js
FN:24,displayBreakContent
FN:46,displayFocusContent
FN:77,startTimer
FN:95,(anonymous_3)
FN:114,stopTimer
FN:168,secondsToString
FN:188,updateTimerSettings
FN:212,startStopTimer
FNF:8
FNH:8
FNDA:32,displayBreakContent
FNDA:50,displayFocusContent
FNDA:52,startTimer
FNDA:37204,(anonymous_3)
FNDA:50,stopTimer
FNDA:37278,secondsToString
FNDA:24,updateTimerSettings
FNDA:30,startStopTimer
DA:10,2
DA:13,2
DA:14,2
DA:17,2
DA:25,32
DA:26,32
DA:27,32
DA:28,32
DA:29,32
DA:30,32
DA:31,32
DA:33,32
DA:34,32
DA:35,32
DA:36,32
DA:37,32
DA:38,32
DA:39,32
DA:48,50
DA:49,50
DA:50,50
DA:51,50
DA:52,50
DA:53,50
DA:54,50
DA:56,50
DA:57,48
DA:59,2
DA:62,50
DA:63,50
DA:64,50
DA:65,50
DA:66,50
DA:67,50
DA:78,52
DA:79,52
DA:81,52
DA:82,52
DA:84,52
DA:85,32
DA:86,32
DA:87,32
DA:88,32
DA:89,32
DA:90,32
DA:93,52
DA:94,52
DA:95,52
DA:97,37204
DA:99,37204
DA:100,34
DA:101,34
DA:116,50
DA:117,50
DA:118,50
DA:121,50
DA:122,32
DA:123,32
DA:124,32
DA:128,18
DA:132,50
DA:134,50
DA:135,50
DA:136,16
DA:137,12
DA:140,4
DA:141,4
DA:144,34
DA:148,34
DA:151,20
DA:152,20
DA:153,20
DA:154,20
DA:159,50
DA:160,50
DA:161,50
DA:162,50
DA:163,4
DA:171,37278
DA:172,37278
DA:174,37278
DA:175,37278
DA:177,37278
DA:190,24
DA:191,24
DA:192,96
DA:193,96
DA:194,72
DA:196,24
DA:200,24
DA:201,22
DA:204,24
DA:213,30
DA:214,14
DA:215,14
DA:217,16
DA:218,16
DA:219,16
LF:98
LH:98
BRDA:56,0,0,48
BRDA:56,0,1,2
BRDA:81,1,0,4
BRDA:81,1,1,48
BRDA:81,2,0,32
BRDA:81,2,1,16
BRDA:84,3,0,32
BRDA:84,3,1,20
BRDA:99,4,0,34
BRDA:99,4,1,37170
BRDA:116,5,0,4
BRDA:116,5,1,46
BRDA:116,6,0,32
BRDA:116,6,1,14
BRDA:121,7,0,32
BRDA:121,7,1,18
BRDA:135,8,0,16
BRDA:135,8,1,34
BRDA:136,9,0,12
BRDA:136,9,1,4
BRDA:140,10,0,2
BRDA:140,10,1,2
BRDA:144,11,0,2
BRDA:144,11,1,32
BRDA:148,12,0,20
BRDA:148,12,1,14
BRDA:162,13,0,4
BRDA:162,13,1,46
BRDA:174,14,0,18020
BRDA:174,14,1,19258
BRDA:175,15,0,6270
BRDA:175,15,1,31008
BRDA:193,16,0,72
BRDA:193,16,1,24
BRDA:200,17,0,22
BRDA:200,17,1,2
BRDA:213,18,0,14
BRDA:213,18,1,16
BRF:38
BRH:38
end_of_record
TN:
SF:source\scripts\handle-icons.js
FN:15,(anonymous_0)
FN:40,displayOnboardingMenu
FN:52,closeOnboardingMenu
FNF:3
FNH:0
FNDA:0,(anonymous_0)
FNDA:0,displayOnboardingMenu
FNDA:0,closeOnboardingMenu
DA:6,0
DA:7,0
DA:8,0
DA:9,0
DA:10,0
DA:15,0
DA:16,0
DA:17,0
DA:18,0
DA:19,0
DA:20,0
DA:22,0
DA:23,0
DA:24,0
DA:25,0
DA:26,0
DA:27,0
DA:29,0
DA:30,0
DA:31,0
DA:32,0
DA:33,0
DA:41,0
DA:42,0
DA:43,0
DA:44,0
DA:45,0
DA:46,0
DA:53,0
DA:54,0
DA:55,0
DA:56,0
DA:57,0
DA:58,0
LF:34
LH:0
BRDA:22,0,0,0
BRDA:22,0,1,0
BRF:2
BRH:0
end_of_record
TN:
SF:source\scripts\setting-script.js
FN:20,(anonymous_0)
FN:27,(anonymous_1)
FN:33,(anonymous_2)
FN:54,(anonymous_3)
FN:63,(anonymous_4)
FN:84,(anonymous_5)
FN:93,(anonymous_6)
FN:114,(anonymous_7)
FNF:8
FNH:0
FNDA:0,(anonymous_0)
FNDA:0,(anonymous_1)
FNDA:0,(anonymous_2)
FNDA:0,(anonymous_3)
FNDA:0,(anonymous_4)
FNDA:0,(anonymous_5)
FNDA:0,(anonymous_6)
FNDA:0,(anonymous_7)
DA:5,0
DA:6,0
DA:7,0
DA:8,0
DA:9,0
DA:10,0
DA:11,0
DA:12,0
DA:13,0
DA:14,0
DA:15,0
DA:16,0
DA:17,0
DA:20,0
DA:21,0
DA:22,0
DA:23,0
DA:27,0
DA:28,0
DA:29,0
DA:33,0
DA:34,0
DA:35,0
DA:36,0
DA:37,0
DA:38,0
DA:39,0
DA:41,0
DA:42,0
DA:43,0
DA:44,0
DA:54,0
DA:55,0
DA:56,0
DA:57,0
DA:58,0
DA:63,0
DA:64,0
DA:65,0
DA:66,0
DA:67,0
DA:68,0
DA:69,0
DA:71,0
DA:72,0
DA:73,0
DA:74,0
DA:84,0
DA:85,0
DA:86,0
DA:87,0
DA:88,0
DA:93,0
DA:94,0
DA:95,0
DA:96,0
DA:97,0
DA:98,0
DA:99,0
DA:101,0
DA:102,0
DA:103,0
DA:104,0
DA:114,0
DA:115,0
DA:116,0
DA:117,0
DA:118,0
LF:68
LH:0
BRDA:34,0,0,0
BRDA:34,0,1,0
BRDA:37,1,0,0
BRDA:37,1,1,0
BRDA:55,2,0,0
BRDA:55,2,1,0
BRDA:64,3,0,0
BRDA:64,3,1,0
BRDA:67,4,0,0
BRDA:67,4,1,0
BRDA:85,5,0,0
BRDA:85,5,1,0
BRDA:94,6,0,0
BRDA:94,6,1,0
BRDA:97,7,0,0
BRDA:97,7,1,0
BRDA:115,8,0,0
BRDA:115,8,1,0
BRF:18
BRH:0
end_of_record
TN:
SF:source\scripts\task-list-local-storage.js
FN:15,(anonymous_0)
FN:34,(anonymous_1)
FN:76,(anonymous_2)
FN:97,(anonymous_3)
FN:118,(anonymous_4)
FNF:5
FNH:5
FNDA:26,(anonymous_0)
FNDA:8,(anonymous_1)
FNDA:4,(anonymous_2)
FNDA:4,(anonymous_3)
FNDA:10,(anonymous_4)
DA:7,2
DA:8,2
DA:15,2
DA:16,26
DA:18,26
DA:24,26
DA:25,26
DA:26,26
DA:34,2
DA:35,8
DA:36,8
DA:39,8
DA:40,8
DA:41,8
DA:42,6
DA:43,6
DA:44,6
DA:48,8
DA:49,2
DA:52,6
DA:53,6
DA:54,6
DA:58,6
DA:59,2
DA:60,2
DA:61,2
DA:62,4
DA:63,2
DA:66,6
DA:67,6
DA:76,2
DA:77,4
DA:80,4
DA:81,4
DA:82,4
DA:83,2
DA:84,2
DA:85,2
DA:88,2
DA:97,2
DA:98,4
DA:100,4
DA:103,4
DA:104,4
DA:105,4
DA:106,2
DA:107,2
DA:108,2
DA:111,2
DA:118,2
DA:119,10
DA:120,10
DA:122,10
DA:123,10
DA:126,10
LF:55
LH:55
BRDA:41,0,0,6
BRDA:41,0,1,2
BRDA:48,1,0,2
BRDA:48,1,1,6
BRDA:58,2,0,2
BRDA:58,2,1,4
BRDA:62,3,0,2
BRDA:62,3,1,2
BRDA:82,4,0,2
BRDA:82,4,1,2
BRDA:105,5,0,2
BRDA:105,5,1,2
BRF:12
BRH:12
end_of_record
TN:
SF:source\scripts\task-list.js
FN:67,(anonymous_0)
FN:81,(anonymous_1)
FN:159,(anonymous_2)
FN:180,(anonymous_3)
FN:201,(anonymous_4)
FN:241,(anonymous_5)
FN:252,(anonymous_6)
FN:258,(anonymous_7)
FN:263,(anonymous_8)
FN:282,(anonymous_9)
FN:302,(anonymous_10)
FN:326,(anonymous_11)
FN:349,(anonymous_12)
FNF:13
FNH:0
FNDA:0,(anonymous_0)
FNDA:0,(anonymous_1)
FNDA:0,(anonymous_2)
FNDA:0,(anonymous_3)
FNDA:0,(anonymous_4)
FNDA:0,(anonymous_5)
FNDA:0,(anonymous_6)
FNDA:0,(anonymous_7)
FNDA:0,(anonymous_8)
FNDA:0,(anonymous_9)
FNDA:0,(anonymous_10)
FNDA:0,(anonymous_11)
FNDA:0,(anonymous_12)
DA:13,0
DA:20,0
DA:27,0
DA:34,0
DA:41,0
DA:48,0
DA:50,0
DA:51,0
DA:54,0
DA:55,0
DA:57,0
DA:58,0
DA:62,0
DA:63,0
DA:67,0
DA:68,0
DA:69,0
DA:70,0
DA:81,0
DA:84,0
DA:85,0
DA:88,0
DA:89,0
DA:90,0
DA:93,0
DA:94,0
DA:95,0
DA:96,0
DA:97,0
DA:98,0
DA:99,0
DA:100,0
DA:101,0
DA:103,0
DA:104,0
DA:108,0
DA:109,0
DA:110,0
DA:113,0
DA:114,0
DA:117,0
DA:118,0
DA:119,0
DA:120,0
DA:121,0
DA:122,0
DA:123,0
DA:126,0
DA:127,0
DA:130,0
DA:131,0
DA:132,0
DA:135,0
DA:136,0
DA:137,0
DA:139,0
DA:140,0
DA:142,0
DA:143,0
DA:145,0
DA:146,0
DA:147,0
DA:149,0
DA:159,0
DA:161,0
DA:162,0
DA:164,0
DA:166,0
DA:168,0
DA:170,0
DA:180,0
DA:182,0
DA:183,0
DA:186,0
DA:189,0
DA:192,0
DA:193,0
DA:194,0
DA:201,0
DA:202,0
DA:203,0
DA:205,0
DA:208,0
DA:211,0
DA:212,0
DA:213,0
DA:214,0
DA:215,0
DA:217,0
DA:218,0
DA:219,0
DA:220,0
DA:224,0
DA:225,0
DA:226,0
DA:227,0
DA:228,0
DA:229,0
DA:231,0
DA:241,0
DA:244,0
DA:245,0
DA:246,0
DA:247,0
DA:248,0
DA:252,0
DA:254,0
DA:258,0
DA:259,0
DA:260,0
DA:263,0
DA:266,0
DA:267,0
DA:269,0
DA:273,0
DA:274,0
DA:276,0
DA:279,0
DA:282,0
DA:283,0
DA:284,0
DA:285,0
DA:286,0
DA:287,0
DA:288,0
DA:289,0
DA:290,0
DA:291,0
DA:296,0
DA:297,0
DA:299,0
DA:300,0
DA:302,0
DA:303,0
DA:304,0
DA:305,0
DA:308,0
DA:310,0
DA:312,0
DA:313,0
DA:314,0
DA:317,0
DA:318,0
DA:319,0
DA:320,0
DA:326,0
DA:327,0
DA:328,0
DA:329,0
DA:330,0
DA:333,0
DA:334,0
DA:335,0
DA:336,0
DA:337,0
DA:338,0
DA:341,0
DA:342,0
DA:343,0
DA:349,0
DA:350,0
DA:351,0
DA:352,0
DA:353,0
DA:354,0
LF:165
LH:0
BRDA:57,0,0,0
BRDA:57,0,1,0
BRDA:99,1,0,0
BRDA:99,1,1,0
BRDA:109,2,0,0
BRDA:109,2,1,0
BRDA:161,3,0,0
BRDA:161,3,1,0
BRDA:211,4,0,0
BRDA:211,4,1,0
BRDA:227,5,0,0
BRDA:227,5,1,0
BRDA:228,6,0,0
BRDA:228,6,1,0
BRDA:259,7,0,0
BRDA:259,7,1,0
BRDA:266,8,0,0
BRDA:266,8,1,0
BRDA:273,9,0,0
BRDA:273,9,1,0
BRDA:288,10,0,0
BRDA:288,10,1,0
BRDA:288,11,0,0
BRDA:288,11,1,0
BRDA:303,12,0,0
BRDA:303,12,1,0
BRDA:319,13,0,0
BRDA:319,13,1,0
BRDA:327,14,0,0
BRDA:327,14,1,0
BRDA:334,15,0,0
BRDA:334,15,1,0
BRDA:350,16,0,0
BRDA:350,16,1,0
BRDA:352,17,0,0
BRDA:352,17,1,0
BRDA:352,18,0,0
BRDA:352,18,1,0
BRF:38
BRH:0
end_of_record
