{"/mnt/c/Users/trist/Documents/github/cse110-w21-group12/source/scripts/clock.js": {"path":"/mnt/c/Users/trist/Documents/github/cse110-w21-group12/source/scripts/clock.js","statementMap":{"0":{"start":{"line":8,"column":20},"end":{"line":8,"column":21}},"1":{"start":{"line":9,"column":21},"end":{"line":9,"column":65}},"2":{"start":{"line":10,"column":17},"end":{"line":10,"column":18}},"3":{"start":{"line":13,"column":18},"end":{"line":13,"column":23}},"4":{"start":{"line":19,"column":23},"end":{"line":19,"column":80}},"5":{"start":{"line":20,"column":4},"end":{"line":24,"column":5}},"6":{"start":{"line":21,"column":8},"end":{"line":21,"column":84}},"7":{"start":{"line":23,"column":8},"end":{"line":23,"column":77}},"8":{"start":{"line":26,"column":22},"end":{"line":26,"column":64}},"9":{"start":{"line":27,"column":4},"end":{"line":27,"column":36}},"10":{"start":{"line":28,"column":20},"end":{"line":28,"column":56}},"11":{"start":{"line":29,"column":4},"end":{"line":29,"column":38}},"12":{"start":{"line":30,"column":22},"end":{"line":30,"column":66}},"13":{"start":{"line":31,"column":4},"end":{"line":31,"column":39}},"14":{"start":{"line":32,"column":22},"end":{"line":32,"column":66}},"15":{"start":{"line":33,"column":4},"end":{"line":33,"column":39}},"16":{"start":{"line":34,"column":27},"end":{"line":34,"column":70}},"17":{"start":{"line":35,"column":4},"end":{"line":35,"column":44}},"18":{"start":{"line":36,"column":28},"end":{"line":36,"column":72}},"19":{"start":{"line":37,"column":4},"end":{"line":37,"column":45}},"20":{"start":{"line":42,"column":22},"end":{"line":42,"column":64}},"21":{"start":{"line":43,"column":4},"end":{"line":43,"column":40}},"22":{"start":{"line":44,"column":28},"end":{"line":44,"column":72}},"23":{"start":{"line":45,"column":4},"end":{"line":45,"column":45}},"24":{"start":{"line":46,"column":20},"end":{"line":46,"column":56}},"25":{"start":{"line":47,"column":4},"end":{"line":47,"column":37}},"26":{"start":{"line":48,"column":22},"end":{"line":48,"column":66}},"27":{"start":{"line":49,"column":4},"end":{"line":49,"column":40}},"28":{"start":{"line":50,"column":27},"end":{"line":50,"column":70}},"29":{"start":{"line":51,"column":4},"end":{"line":51,"column":44}},"30":{"start":{"line":52,"column":18},"end":{"line":52,"column":53}},"31":{"start":{"line":53,"column":4},"end":{"line":53,"column":41}},"32":{"start":{"line":55,"column":18},"end":{"line":55,"column":52}},"33":{"start":{"line":56,"column":4},"end":{"line":56,"column":46}},"34":{"start":{"line":74,"column":18},"end":{"line":74,"column":122}},"35":{"start":{"line":75,"column":4},"end":{"line":75,"column":57}},"36":{"start":{"line":76,"column":4},"end":{"line":78,"column":5}},"37":{"start":{"line":77,"column":8},"end":{"line":77,"column":30}},"38":{"start":{"line":80,"column":4},"end":{"line":80,"column":23}},"39":{"start":{"line":81,"column":16},"end":{"line":81,"column":46}},"40":{"start":{"line":82,"column":4},"end":{"line":90,"column":13}},"41":{"start":{"line":84,"column":8},"end":{"line":84,"column":49}},"42":{"start":{"line":86,"column":8},"end":{"line":89,"column":9}},"43":{"start":{"line":87,"column":12},"end":{"line":87,"column":46}},"44":{"start":{"line":88,"column":12},"end":{"line":88,"column":40}},"45":{"start":{"line":108,"column":16},"end":{"line":108,"column":120}},"46":{"start":{"line":109,"column":4},"end":{"line":109,"column":57}},"47":{"start":{"line":111,"column":15},"end":{"line":111,"column":20}},"48":{"start":{"line":112,"column":4},"end":{"line":116,"column":5}},"49":{"start":{"line":113,"column":8},"end":{"line":113,"column":30}},"50":{"start":{"line":115,"column":8},"end":{"line":115,"column":30}},"51":{"start":{"line":119,"column":4},"end":{"line":119,"column":24}},"52":{"start":{"line":120,"column":4},"end":{"line":149,"column":5}},"53":{"start":{"line":121,"column":8},"end":{"line":127,"column":9}},"54":{"start":{"line":122,"column":12},"end":{"line":122,"column":27}},"55":{"start":{"line":125,"column":12},"end":{"line":125,"column":80}},"56":{"start":{"line":126,"column":12},"end":{"line":126,"column":24}},"57":{"start":{"line":129,"column":8},"end":{"line":129,"column":76}},"58":{"start":{"line":132,"column":8},"end":{"line":148,"column":9}},"59":{"start":{"line":134,"column":12},"end":{"line":134,"column":52}},"60":{"start":{"line":135,"column":12},"end":{"line":135,"column":69}},"61":{"start":{"line":136,"column":12},"end":{"line":136,"column":25}},"62":{"start":{"line":137,"column":12},"end":{"line":137,"column":18}},"63":{"start":{"line":139,"column":12},"end":{"line":139,"column":52}},"64":{"start":{"line":140,"column":12},"end":{"line":140,"column":69}},"65":{"start":{"line":141,"column":12},"end":{"line":141,"column":25}},"66":{"start":{"line":142,"column":12},"end":{"line":142,"column":18}},"67":{"start":{"line":144,"column":12},"end":{"line":144,"column":51}},"68":{"start":{"line":145,"column":12},"end":{"line":145,"column":69}},"69":{"start":{"line":146,"column":12},"end":{"line":146,"column":25}},"70":{"start":{"line":147,"column":12},"end":{"line":147,"column":18}},"71":{"start":{"line":150,"column":4},"end":{"line":150,"column":29}},"72":{"start":{"line":151,"column":4},"end":{"line":151,"column":20}},"73":{"start":{"line":152,"column":4},"end":{"line":152,"column":66}},"74":{"start":{"line":153,"column":4},"end":{"line":155,"column":5}},"75":{"start":{"line":154,"column":8},"end":{"line":154,"column":36}},"76":{"start":{"line":162,"column":4},"end":{"line":162,"column":38}},"77":{"start":{"line":163,"column":4},"end":{"line":163,"column":38}},"78":{"start":{"line":165,"column":4},"end":{"line":165,"column":53}},"79":{"start":{"line":166,"column":4},"end":{"line":166,"column":53}},"80":{"start":{"line":168,"column":4},"end":{"line":168,"column":35}},"81":{"start":{"line":181,"column":4},"end":{"line":181,"column":24}},"82":{"start":{"line":182,"column":4},"end":{"line":188,"column":5}},"83":{"start":{"line":182,"column":17},"end":{"line":182,"column":18}},"84":{"start":{"line":183,"column":8},"end":{"line":183,"column":41}},"85":{"start":{"line":184,"column":8},"end":{"line":187,"column":49}},"86":{"start":{"line":185,"column":12},"end":{"line":185,"column":50}},"87":{"start":{"line":187,"column":12},"end":{"line":187,"column":49}},"88":{"start":{"line":190,"column":4},"end":{"line":192,"column":5}},"89":{"start":{"line":191,"column":8},"end":{"line":191,"column":70}},"90":{"start":{"line":194,"column":4},"end":{"line":194,"column":16}},"91":{"start":{"line":203,"column":4},"end":{"line":211,"column":5}},"92":{"start":{"line":204,"column":8},"end":{"line":204,"column":36}},"93":{"start":{"line":205,"column":8},"end":{"line":205,"column":21}},"94":{"start":{"line":208,"column":26},"end":{"line":208,"column":30}},"95":{"start":{"line":209,"column":8},"end":{"line":209,"column":46}},"96":{"start":{"line":210,"column":8},"end":{"line":210,"column":20}}},"fnMap":{"0":{"name":"displayFocusContent","decl":{"start":{"line":17,"column":9},"end":{"line":17,"column":28}},"loc":{"start":{"line":17,"column":31},"end":{"line":38,"column":1}},"line":17},"1":{"name":"displayBreakContent","decl":{"start":{"line":41,"column":9},"end":{"line":41,"column":28}},"loc":{"start":{"line":41,"column":31},"end":{"line":57,"column":1}},"line":41},"2":{"name":"startTimer","decl":{"start":{"line":73,"column":9},"end":{"line":73,"column":19}},"loc":{"start":{"line":73,"column":37},"end":{"line":91,"column":1}},"line":73},"3":{"name":"(anonymous_3)","decl":{"start":{"line":82,"column":28},"end":{"line":82,"column":29}},"loc":{"start":{"line":82,"column":34},"end":{"line":90,"column":5}},"line":82},"4":{"name":"stopTimer","decl":{"start":{"line":107,"column":9},"end":{"line":107,"column":18}},"loc":{"start":{"line":107,"column":47},"end":{"line":156,"column":1}},"line":107},"5":{"name":"secondsToString","decl":{"start":{"line":159,"column":9},"end":{"line":159,"column":24}},"loc":{"start":{"line":159,"column":31},"end":{"line":169,"column":1}},"line":159},"6":{"name":"updateTimerSettings","decl":{"start":{"line":179,"column":9},"end":{"line":179,"column":28}},"loc":{"start":{"line":179,"column":84},"end":{"line":195,"column":1}},"line":179},"7":{"name":"startStopTimer","decl":{"start":{"line":202,"column":9},"end":{"line":202,"column":23}},"loc":{"start":{"line":202,"column":41},"end":{"line":212,"column":1}},"line":202}},"branchMap":{"0":{"loc":{"start":{"line":20,"column":4},"end":{"line":24,"column":5}},"type":"if","locations":[{"start":{"line":20,"column":4},"end":{"line":24,"column":5}},{"start":{"line":20,"column":4},"end":{"line":24,"column":5}}],"line":20},"1":{"loc":{"start":{"line":74,"column":18},"end":{"line":74,"column":122}},"type":"cond-expr","locations":[{"start":{"line":74,"column":54},"end":{"line":74,"column":66}},{"start":{"line":74,"column":69},"end":{"line":74,"column":122}}],"line":74},"2":{"loc":{"start":{"line":74,"column":69},"end":{"line":74,"column":122}},"type":"cond-expr","locations":[{"start":{"line":74,"column":91},"end":{"line":74,"column":106}},{"start":{"line":74,"column":109},"end":{"line":74,"column":122}}],"line":74},"3":{"loc":{"start":{"line":76,"column":4},"end":{"line":78,"column":5}},"type":"if","locations":[{"start":{"line":76,"column":4},"end":{"line":78,"column":5}},{"start":{"line":76,"column":4},"end":{"line":78,"column":5}}],"line":76},"4":{"loc":{"start":{"line":86,"column":8},"end":{"line":89,"column":9}},"type":"if","locations":[{"start":{"line":86,"column":8},"end":{"line":89,"column":9}},{"start":{"line":86,"column":8},"end":{"line":89,"column":9}}],"line":86},"5":{"loc":{"start":{"line":108,"column":16},"end":{"line":108,"column":120}},"type":"cond-expr","locations":[{"start":{"line":108,"column":52},"end":{"line":108,"column":64}},{"start":{"line":108,"column":67},"end":{"line":108,"column":120}}],"line":108},"6":{"loc":{"start":{"line":108,"column":67},"end":{"line":108,"column":120}},"type":"cond-expr","locations":[{"start":{"line":108,"column":89},"end":{"line":108,"column":104}},{"start":{"line":108,"column":107},"end":{"line":108,"column":120}}],"line":108},"7":{"loc":{"start":{"line":112,"column":4},"end":{"line":116,"column":5}},"type":"if","locations":[{"start":{"line":112,"column":4},"end":{"line":116,"column":5}},{"start":{"line":112,"column":4},"end":{"line":116,"column":5}}],"line":112},"8":{"loc":{"start":{"line":120,"column":4},"end":{"line":149,"column":5}},"type":"if","locations":[{"start":{"line":120,"column":4},"end":{"line":149,"column":5}},{"start":{"line":120,"column":4},"end":{"line":149,"column":5}}],"line":120},"9":{"loc":{"start":{"line":121,"column":8},"end":{"line":127,"column":9}},"type":"if","locations":[{"start":{"line":121,"column":8},"end":{"line":127,"column":9}},{"start":{"line":121,"column":8},"end":{"line":127,"column":9}}],"line":121},"10":{"loc":{"start":{"line":125,"column":25},"end":{"line":125,"column":79}},"type":"cond-expr","locations":[{"start":{"line":125,"column":65},"end":{"line":125,"column":66}},{"start":{"line":125,"column":69},"end":{"line":125,"column":79}}],"line":125},"11":{"loc":{"start":{"line":129,"column":21},"end":{"line":129,"column":75}},"type":"cond-expr","locations":[{"start":{"line":129,"column":61},"end":{"line":129,"column":62}},{"start":{"line":129,"column":65},"end":{"line":129,"column":75}}],"line":129},"12":{"loc":{"start":{"line":132,"column":8},"end":{"line":148,"column":9}},"type":"switch","locations":[{"start":{"line":133,"column":8},"end":{"line":137,"column":18}},{"start":{"line":138,"column":8},"end":{"line":142,"column":18}},{"start":{"line":143,"column":8},"end":{"line":147,"column":18}}],"line":132},"13":{"loc":{"start":{"line":153,"column":4},"end":{"line":155,"column":5}},"type":"if","locations":[{"start":{"line":153,"column":4},"end":{"line":155,"column":5}},{"start":{"line":153,"column":4},"end":{"line":155,"column":5}}],"line":153},"14":{"loc":{"start":{"line":165,"column":14},"end":{"line":165,"column":52}},"type":"cond-expr","locations":[{"start":{"line":165,"column":29},"end":{"line":165,"column":42}},{"start":{"line":165,"column":45},"end":{"line":165,"column":52}}],"line":165},"15":{"loc":{"start":{"line":166,"column":14},"end":{"line":166,"column":52}},"type":"cond-expr","locations":[{"start":{"line":166,"column":29},"end":{"line":166,"column":42}},{"start":{"line":166,"column":45},"end":{"line":166,"column":52}}],"line":166},"16":{"loc":{"start":{"line":184,"column":8},"end":{"line":187,"column":49}},"type":"if","locations":[{"start":{"line":184,"column":8},"end":{"line":187,"column":49}},{"start":{"line":184,"column":8},"end":{"line":187,"column":49}}],"line":184},"17":{"loc":{"start":{"line":190,"column":4},"end":{"line":192,"column":5}},"type":"if","locations":[{"start":{"line":190,"column":4},"end":{"line":192,"column":5}},{"start":{"line":190,"column":4},"end":{"line":192,"column":5}}],"line":190},"18":{"loc":{"start":{"line":203,"column":4},"end":{"line":211,"column":5}},"type":"if","locations":[{"start":{"line":203,"column":4},"end":{"line":211,"column":5}},{"start":{"line":203,"column":4},"end":{"line":211,"column":5}}],"line":203}},"s":{"0":1,"1":1,"2":1,"3":1,"4":25,"5":25,"6":24,"7":1,"8":25,"9":25,"10":25,"11":25,"12":25,"13":25,"14":25,"15":25,"16":25,"17":25,"18":25,"19":25,"20":16,"21":16,"22":16,"23":16,"24":16,"25":16,"26":16,"27":16,"28":16,"29":16,"30":16,"31":16,"32":16,"33":16,"34":26,"35":26,"36":26,"37":16,"38":26,"39":26,"40":26,"41":18602,"42":18602,"43":17,"44":17,"45":25,"46":25,"47":25,"48":25,"49":16,"50":9,"51":25,"52":25,"53":8,"54":6,"55":2,"56":2,"57":17,"58":17,"59":10,"60":10,"61":10,"62":10,"63":6,"64":6,"65":6,"66":6,"67":1,"68":1,"69":1,"70":1,"71":25,"72":25,"73":25,"74":25,"75":2,"76":18639,"77":18639,"78":18639,"79":18639,"80":18639,"81":12,"82":12,"83":12,"84":48,"85":48,"86":36,"87":12,"88":12,"89":11,"90":12,"91":15,"92":7,"93":7,"94":8,"95":8,"96":8},"f":{"0":25,"1":16,"2":26,"3":18602,"4":25,"5":18639,"6":12,"7":15},"b":{"0":[24,1],"1":[2,24],"2":[16,8],"3":[16,10],"4":[17,18585],"5":[2,23],"6":[16,7],"7":[16,9],"8":[8,17],"9":[6,2],"10":[1,1],"11":[1,16],"12":[10,6,1],"13":[2,23],"14":[9010,9629],"15":[3135,15504],"16":[36,12],"17":[11,1],"18":[7,8]},"_coverageSchema":"1a1c01bbd47fc00a2c39e90264f33305004495a9","hash":"057f876d4755b68d6df646a4d8fa51495b77c54a"}
,"/mnt/c/Users/trist/Documents/github/cse110-w21-group12/source/scripts/task-list-local-storage.js": {"path":"/mnt/c/Users/trist/Documents/github/cse110-w21-group12/source/scripts/task-list-local-storage.js","statementMap":{"0":{"start":{"line":7,"column":13},"end":{"line":7,"column":32}},"1":{"start":{"line":8,"column":12},"end":{"line":8,"column":45}},"2":{"start":{"line":15,"column":16},"end":{"line":27,"column":1}},"3":{"start":{"line":16,"column":18},"end":{"line":16,"column":51}},"4":{"start":{"line":18,"column":17},"end":{"line":22,"column":5}},"5":{"start":{"line":24,"column":4},"end":{"line":24,"column":26}},"6":{"start":{"line":25,"column":4},"end":{"line":25,"column":49}},"7":{"start":{"line":26,"column":4},"end":{"line":26,"column":16}},"8":{"start":{"line":34,"column":18},"end":{"line":69,"column":1}},"9":{"start":{"line":35,"column":18},"end":{"line":35,"column":51}},"10":{"start":{"line":36,"column":20},"end":{"line":36,"column":25}},"11":{"start":{"line":39,"column":4},"end":{"line":46,"column":5}},"12":{"start":{"line":39,"column":20},"end":{"line":39,"column":21}},"13":{"start":{"line":40,"column":21},"end":{"line":40,"column":38}},"14":{"start":{"line":41,"column":8},"end":{"line":45,"column":9}},"15":{"start":{"line":42,"column":12},"end":{"line":42,"column":40}},"16":{"start":{"line":43,"column":12},"end":{"line":43,"column":29}},"17":{"start":{"line":44,"column":12},"end":{"line":44,"column":18}},"18":{"start":{"line":48,"column":4},"end":{"line":49,"column":21}},"19":{"start":{"line":49,"column":8},"end":{"line":49,"column":21}},"20":{"start":{"line":52,"column":4},"end":{"line":55,"column":5}},"21":{"start":{"line":52,"column":20},"end":{"line":52,"column":21}},"22":{"start":{"line":53,"column":21},"end":{"line":53,"column":38}},"23":{"start":{"line":54,"column":8},"end":{"line":54,"column":24}},"24":{"start":{"line":58,"column":4},"end":{"line":65,"column":5}},"25":{"start":{"line":59,"column":8},"end":{"line":59,"column":35}},"26":{"start":{"line":60,"column":8},"end":{"line":60,"column":39}},"27":{"start":{"line":61,"column":8},"end":{"line":61,"column":33}},"28":{"start":{"line":63,"column":9},"end":{"line":65,"column":5}},"29":{"start":{"line":64,"column":8},"end":{"line":64,"column":31}},"30":{"start":{"line":67,"column":4},"end":{"line":67,"column":49}},"31":{"start":{"line":68,"column":4},"end":{"line":68,"column":16}},"32":{"start":{"line":77,"column":17},"end":{"line":91,"column":1}},"33":{"start":{"line":78,"column":18},"end":{"line":78,"column":51}},"34":{"start":{"line":81,"column":4},"end":{"line":88,"column":5}},"35":{"start":{"line":81,"column":20},"end":{"line":81,"column":21}},"36":{"start":{"line":82,"column":21},"end":{"line":82,"column":38}},"37":{"start":{"line":83,"column":8},"end":{"line":87,"column":9}},"38":{"start":{"line":84,"column":12},"end":{"line":84,"column":33}},"39":{"start":{"line":85,"column":12},"end":{"line":85,"column":57}},"40":{"start":{"line":86,"column":12},"end":{"line":86,"column":24}},"41":{"start":{"line":89,"column":4},"end":{"line":89,"column":17}},"42":{"start":{"line":99,"column":15},"end":{"line":115,"column":1}},"43":{"start":{"line":100,"column":20},"end":{"line":100,"column":24}},"44":{"start":{"line":102,"column":4},"end":{"line":102,"column":46}},"45":{"start":{"line":105,"column":4},"end":{"line":112,"column":5}},"46":{"start":{"line":105,"column":14},"end":{"line":105,"column":15}},"47":{"start":{"line":106,"column":19},"end":{"line":106,"column":32}},"48":{"start":{"line":107,"column":8},"end":{"line":111,"column":9}},"49":{"start":{"line":108,"column":12},"end":{"line":108,"column":32}},"50":{"start":{"line":109,"column":12},"end":{"line":109,"column":57}},"51":{"start":{"line":110,"column":12},"end":{"line":110,"column":24}},"52":{"start":{"line":114,"column":4},"end":{"line":114,"column":17}},"53":{"start":{"line":121,"column":21},"end":{"line":130,"column":1}},"54":{"start":{"line":122,"column":4},"end":{"line":122,"column":46}},"55":{"start":{"line":123,"column":23},"end":{"line":123,"column":37}},"56":{"start":{"line":125,"column":4},"end":{"line":125,"column":39}},"57":{"start":{"line":126,"column":4},"end":{"line":126,"column":34}},"58":{"start":{"line":129,"column":4},"end":{"line":129,"column":49}}},"fnMap":{"0":{"name":"(anonymous_0)","decl":{"start":{"line":15,"column":16},"end":{"line":15,"column":17}},"loc":{"start":{"line":15,"column":32},"end":{"line":27,"column":1}},"line":15},"1":{"name":"(anonymous_1)","decl":{"start":{"line":34,"column":18},"end":{"line":34,"column":19}},"loc":{"start":{"line":34,"column":31},"end":{"line":69,"column":1}},"line":34},"2":{"name":"(anonymous_2)","decl":{"start":{"line":77,"column":17},"end":{"line":77,"column":18}},"loc":{"start":{"line":77,"column":37},"end":{"line":91,"column":1}},"line":77},"3":{"name":"(anonymous_3)","decl":{"start":{"line":99,"column":15},"end":{"line":99,"column":16}},"loc":{"start":{"line":99,"column":34},"end":{"line":115,"column":1}},"line":99},"4":{"name":"(anonymous_4)","decl":{"start":{"line":121,"column":21},"end":{"line":121,"column":22}},"loc":{"start":{"line":121,"column":39},"end":{"line":130,"column":1}},"line":121}},"branchMap":{"0":{"loc":{"start":{"line":41,"column":8},"end":{"line":45,"column":9}},"type":"if","locations":[{"start":{"line":41,"column":8},"end":{"line":45,"column":9}},{"start":{"line":41,"column":8},"end":{"line":45,"column":9}}],"line":41},"1":{"loc":{"start":{"line":48,"column":4},"end":{"line":49,"column":21}},"type":"if","locations":[{"start":{"line":48,"column":4},"end":{"line":49,"column":21}},{"start":{"line":48,"column":4},"end":{"line":49,"column":21}}],"line":48},"2":{"loc":{"start":{"line":58,"column":4},"end":{"line":65,"column":5}},"type":"if","locations":[{"start":{"line":58,"column":4},"end":{"line":65,"column":5}},{"start":{"line":58,"column":4},"end":{"line":65,"column":5}}],"line":58},"3":{"loc":{"start":{"line":63,"column":9},"end":{"line":65,"column":5}},"type":"if","locations":[{"start":{"line":63,"column":9},"end":{"line":65,"column":5}},{"start":{"line":63,"column":9},"end":{"line":65,"column":5}}],"line":63},"4":{"loc":{"start":{"line":83,"column":8},"end":{"line":87,"column":9}},"type":"if","locations":[{"start":{"line":83,"column":8},"end":{"line":87,"column":9}},{"start":{"line":83,"column":8},"end":{"line":87,"column":9}}],"line":83},"5":{"loc":{"start":{"line":107,"column":8},"end":{"line":111,"column":9}},"type":"if","locations":[{"start":{"line":107,"column":8},"end":{"line":111,"column":9}},{"start":{"line":107,"column":8},"end":{"line":111,"column":9}}],"line":107}},"s":{"0":1,"1":1,"2":1,"3":13,"4":13,"5":13,"6":13,"7":13,"8":1,"9":4,"10":4,"11":4,"12":4,"13":4,"14":4,"15":3,"16":3,"17":3,"18":4,"19":1,"20":3,"21":3,"22":3,"23":3,"24":3,"25":1,"26":1,"27":1,"28":2,"29":1,"30":3,"31":3,"32":1,"33":2,"34":2,"35":2,"36":2,"37":2,"38":1,"39":1,"40":1,"41":1,"42":1,"43":2,"44":2,"45":2,"46":2,"47":2,"48":2,"49":1,"50":1,"51":1,"52":1,"53":1,"54":5,"55":5,"56":5,"57":5,"58":5},"f":{"0":13,"1":4,"2":2,"3":2,"4":5},"b":{"0":[3,1],"1":[1,3],"2":[1,2],"3":[1,1],"4":[1,1],"5":[1,1]},"_coverageSchema":"1a1c01bbd47fc00a2c39e90264f33305004495a9","hash":"945057de67eab8a8edfb2d10af037a3fb0b7cae7"}
}
