TN:
SF:source\scripts\clock.js
FN:17,showRightSideMenu
FN:27,hideRightSideMenu
FN:39,startTimer
FN:48,(anonymous_3)
FN:64,stopTimer
FN:105,secondsToString
FN:126,updateTimerSettings
FN:153,startStopTimer
FNF:8
FNH:0
FNDA:0,showRightSideMenu
FNDA:0,hideRightSideMenu
FNDA:0,startTimer
FNDA:0,(anonymous_3)
FNDA:0,stopTimer
FNDA:0,secondsToString
FNDA:0,updateTimerSettings
FNDA:0,startStopTimer
DA:7,1
DA:8,1
DA:9,1
DA:10,1
DA:13,1
DA:18,0
DA:19,0
DA:20,0
DA:21,0
DA:22,0
DA:23,0
DA:28,0
DA:29,0
DA:30,0
DA:31,0
DA:32,0
DA:33,0
DA:34,0
DA:35,0
DA:40,0
DA:42,0
DA:43,0
DA:46,0
DA:47,0
DA:48,0
DA:51,0
DA:53,0
DA:54,0
DA:57,0
DA:58,0
DA:65,0
DA:67,0
DA:68,0
DA:70,0
DA:74,0
DA:75,0
DA:76,0
DA:78,0
DA:98,0
DA:100,0
DA:101,0
DA:108,0
DA:109,0
DA:111,0
DA:112,0
DA:114,0
DA:129,0
DA:130,0
DA:132,0
DA:133,0
DA:135,0
DA:136,0
DA:137,0
DA:138,0
DA:139,0
DA:141,0
DA:143,0
DA:145,0
DA:154,0
DA:155,0
DA:158,0
DA:159,0
LF:62
LH:5
BRDA:40,0,0,0
BRDA:40,0,1,0
BRDA:40,1,0,0
BRDA:40,1,1,0
BRDA:42,2,0,0
BRDA:42,2,1,0
BRDA:53,3,0,0
BRDA:53,3,1,0
BRDA:57,4,0,0
BRDA:57,4,1,0
BRDA:65,5,0,0
BRDA:65,5,1,0
BRDA:65,6,0,0
BRDA:65,6,1,0
BRDA:67,7,0,0
BRDA:67,7,1,0
BRDA:75,8,0,0
BRDA:75,8,1,0
BRDA:78,9,0,0
BRDA:78,9,1,0
BRDA:111,10,0,0
BRDA:111,10,1,0
BRDA:112,11,0,0
BRDA:112,11,1,0
BRDA:129,12,0,0
BRDA:129,12,1,0
BRDA:138,13,0,0
BRDA:138,13,1,0
BRDA:154,14,0,0
BRDA:154,14,1,0
BRF:30
BRH:0
end_of_record
TN:
SF:source\scripts\task-list-local-storage.js
FN:15,(anonymous_0)
FN:34,(anonymous_1)
FN:77,(anonymous_2)
FN:99,(anonymous_3)
FN:121,(anonymous_4)
FNF:5
FNH:5
FNDA:13,(anonymous_0)
FNDA:4,(anonymous_1)
FNDA:2,(anonymous_2)
FNDA:2,(anonymous_3)
FNDA:5,(anonymous_4)
DA:7,1
DA:8,1
DA:15,1
DA:16,13
DA:18,13
DA:24,13
DA:25,13
DA:26,13
DA:34,1
DA:35,4
DA:36,4
DA:39,4
DA:40,4
DA:41,4
DA:42,3
DA:43,3
DA:44,3
DA:48,4
DA:49,1
DA:52,3
DA:53,3
DA:54,3
DA:58,3
DA:59,1
DA:60,1
DA:61,1
DA:63,2
DA:64,1
DA:67,3
DA:68,3
DA:77,1
DA:78,2
DA:81,2
DA:82,2
DA:83,2
DA:84,1
DA:85,1
DA:86,1
DA:89,1
DA:99,1
DA:100,2
DA:102,2
DA:105,2
DA:106,2
DA:107,2
DA:108,1
DA:109,1
DA:110,1
DA:114,1
DA:121,1
DA:122,5
DA:123,5
DA:125,5
DA:126,5
DA:129,5
LF:55
LH:55
BRDA:41,0,0,3
BRDA:41,0,1,1
BRDA:48,1,0,1
BRDA:48,1,1,3
BRDA:58,2,0,1
BRDA:58,2,1,2
BRDA:63,3,0,1
BRDA:63,3,1,1
BRDA:83,4,0,1
BRDA:83,4,1,1
BRDA:107,5,0,1
BRDA:107,5,1,1
BRF:12
BRH:12
end_of_record
