TN:
SF:source\scripts\task-list-local-storage.js
FN:20,(anonymous_0)
FN:40,(anonymous_1)
FN:77,(anonymous_2)
FN:95,(anonymous_3)
FN:114,(anonymous_4)
FN:119,(anonymous_5)
FNF:6
FNH:2
FNDA:1,(anonymous_0)
FNDA:0,(anonymous_1)
FNDA:0,(anonymous_2)
FNDA:0,(anonymous_3)
FNDA:0,(anonymous_4)
FNDA:1,(anonymous_5)
DA:1,1
DA:4,1
DA:5,1
DA:6,1
DA:7,1
DA:11,1
DA:12,1
DA:20,1
DA:21,1
DA:23,1
DA:24,1
DA:26,1
DA:32,1
DA:33,1
DA:40,1
DA:41,0
DA:44,0
DA:45,0
DA:46,0
DA:47,0
DA:48,0
DA:53,0
DA:54,0
DA:55,0
DA:59,0
DA:60,0
DA:61,0
DA:62,0
DA:64,0
DA:65,0
DA:66,0
DA:69,0
DA:77,1
DA:78,0
DA:81,0
DA:82,0
DA:83,0
DA:84,0
DA:85,0
DA:89,0
DA:95,1
DA:96,0
DA:98,0
DA:100,0
DA:103,0
DA:104,0
DA:105,0
DA:106,0
DA:111,0
DA:114,1
DA:115,0
DA:116,0
DA:119,1
DA:120,1
DA:121,1
DA:122,1
DA:123,1
DA:124,1
DA:127,0
LF:59
LH:24
BRDA:6,0,0,1
BRDA:6,0,1,0
BRDA:23,1,0,1
BRDA:23,1,1,0
BRDA:46,2,0,0
BRDA:46,2,1,0
BRDA:59,3,0,0
BRDA:59,3,1,0
BRDA:64,4,0,0
BRDA:64,4,1,0
BRDA:83,5,0,0
BRDA:83,5,1,0
BRDA:105,6,0,0
BRDA:105,6,1,0
BRDA:123,7,0,1
BRDA:123,7,1,0
BRF:16
BRH:3
end_of_record
